2023-09-08 23:03:13,415 INFO [restartedMain] org.springframework.boot.StartupInfoLogger: Starting GamesApplication using Java 11.0.20.1 on kirill-ubuntu with PID 51909 (/home/kirill/projects/GamesProject/target/classes started by kirill in /home/kirill/projects/GamesProject)
2023-09-08 23:03:13,416 DEBUG [restartedMain] org.springframework.boot.StartupInfoLogger: Running with Spring Boot v2.6.1, Spring v5.3.13
2023-09-08 23:03:13,417 INFO [restartedMain] org.springframework.boot.SpringApplication: No active profile set, falling back to default profiles: default
2023-09-08 23:03:13,441 INFO [restartedMain] org.springframework.boot.logging.DeferredLog: Devtools property defaults active! Set 'spring.devtools.add-properties' to 'false' to disable
2023-09-08 23:03:13,442 INFO [restartedMain] org.springframework.boot.logging.DeferredLog: For additional web related logging consider setting the 'logging.level.web' property to 'DEBUG'
2023-09-08 23:03:13,784 INFO [restartedMain] org.springframework.data.repository.config.RepositoryConfigurationDelegate: Bootstrapping Spring Data JDBC repositories in DEFAULT mode.
2023-09-08 23:03:13,791 INFO [restartedMain] org.springframework.data.repository.config.RepositoryConfigurationDelegate: Finished Spring Data repository scanning in 5 ms. Found 0 JDBC repository interfaces.
2023-09-08 23:03:14,189 INFO [restartedMain] org.springframework.boot.web.embedded.tomcat.TomcatWebServer: Tomcat initialized with port(s): 8080 (http)
2023-09-08 23:03:14,192 INFO [restartedMain] org.apache.juli.logging.DirectJDKLog: Initializing ProtocolHandler ["http-nio-8080"]
2023-09-08 23:03:14,193 INFO [restartedMain] org.apache.juli.logging.DirectJDKLog: Starting service [Tomcat]
2023-09-08 23:03:14,193 INFO [restartedMain] org.apache.juli.logging.DirectJDKLog: Starting Servlet engine: [Apache Tomcat/9.0.55]
2023-09-08 23:03:14,218 INFO [restartedMain] org.apache.juli.logging.DirectJDKLog: Initializing Spring embedded WebApplicationContext
2023-09-08 23:03:14,218 INFO [restartedMain] org.springframework.boot.web.servlet.context.ServletWebServerApplicationContext: Root WebApplicationContext: initialization completed in 776 ms
2023-09-08 23:03:14,260 DEBUG [restartedMain] org.springframework.web.filter.GenericFilterBean: Filter 'authenticationFilter' configured for use
2023-09-08 23:03:14,358 INFO [restartedMain] org.springframework.security.web.DefaultSecurityFilterChain: Will secure any request with [org.springframework.security.web.context.request.async.WebAsyncManagerIntegrationFilter@2a71a27e, org.springframework.security.web.context.SecurityContextPersistenceFilter@47f62faa, org.springframework.security.web.header.HeaderWriterFilter@7f77453d, org.springframework.security.web.authentication.logout.LogoutFilter@156e404b, org.springframework.security.web.authentication.UsernamePasswordAuthenticationFilter@303ec272, org.springframework.security.web.session.ConcurrentSessionFilter@63faf00a, org.springframework.security.web.savedrequest.RequestCacheAwareFilter@1a22c133, org.springframework.security.web.servletapi.SecurityContextHolderAwareRequestFilter@2e7572c3, org.springframework.security.web.authentication.AnonymousAuthenticationFilter@5f1f25da, org.springframework.security.web.session.SessionManagementFilter@38995c2, org.springframework.security.web.access.ExceptionTranslationFilter@206813cd, org.springframework.security.web.access.intercept.FilterSecurityInterceptor@47c6ecb7]
2023-09-08 23:03:14,364 INFO [restartedMain] org.springframework.security.web.DefaultSecurityFilterChain: Will secure Ant [pattern='/static/**'] with []
2023-09-08 23:03:14,364 INFO [restartedMain] org.springframework.security.web.DefaultSecurityFilterChain: Will secure Ant [pattern='/js/**'] with []
2023-09-08 23:03:14,364 INFO [restartedMain] org.springframework.security.web.DefaultSecurityFilterChain: Will secure Ant [pattern='/css/**'] with []
2023-09-08 23:03:14,365 INFO [restartedMain] org.springframework.security.web.DefaultSecurityFilterChain: Will secure Ant [pattern='/images/**'] with []
2023-09-08 23:03:14,365 INFO [restartedMain] org.springframework.security.web.DefaultSecurityFilterChain: Will secure Ant [pattern='/favicon.ico'] with []
2023-09-08 23:03:14,764 INFO [restartedMain] org.springframework.boot.devtools.autoconfigure.OptionalLiveReloadServer: LiveReload server is running on port 35729
2023-09-08 23:03:14,775 INFO [restartedMain] org.apache.juli.logging.DirectJDKLog: Starting ProtocolHandler ["http-nio-8080"]
2023-09-08 23:03:14,778 WARN [restartedMain] org.springframework.context.support.AbstractApplicationContext: Exception encountered during context initialization - cancelling refresh attempt: org.springframework.context.ApplicationContextException: Failed to start bean 'webServerStartStop'; nested exception is org.springframework.boot.web.server.WebServerException: Unable to start embedded Tomcat server
2023-09-08 23:03:14,781 INFO [restartedMain] org.apache.juli.logging.DirectJDKLog: Pausing ProtocolHandler ["http-nio-8080"]
2023-09-08 23:03:14,781 INFO [restartedMain] org.apache.juli.logging.DirectJDKLog: Stopping service [Tomcat]
2023-09-08 23:03:14,783 INFO [restartedMain] org.apache.juli.logging.DirectJDKLog: Stopping ProtocolHandler ["http-nio-8080"]
2023-09-08 23:03:14,784 INFO [restartedMain] org.apache.juli.logging.DirectJDKLog: Destroying ProtocolHandler ["http-nio-8080"]
2023-09-08 23:03:14,788 INFO [restartedMain] org.springframework.boot.autoconfigure.logging.ConditionEvaluationReportLoggingListener: 

Error starting ApplicationContext. To display the conditions report re-run your application with 'debug' enabled.
2023-09-08 23:03:14,797 ERROR [restartedMain] org.springframework.boot.SpringApplication: Application run failed
org.springframework.context.ApplicationContextException: Failed to start bean 'webServerStartStop'; nested exception is org.springframework.boot.web.server.WebServerException: Unable to start embedded Tomcat server
	at org.springframework.context.support.DefaultLifecycleProcessor.doStart(DefaultLifecycleProcessor.java:181)
	at org.springframework.context.support.DefaultLifecycleProcessor.access$200(DefaultLifecycleProcessor.java:54)
	at org.springframework.context.support.DefaultLifecycleProcessor$LifecycleGroup.start(DefaultLifecycleProcessor.java:356)
	at java.base/java.lang.Iterable.forEach(Iterable.java:75)
	at org.springframework.context.support.DefaultLifecycleProcessor.startBeans(DefaultLifecycleProcessor.java:155)
	at org.springframework.context.support.DefaultLifecycleProcessor.onRefresh(DefaultLifecycleProcessor.java:123)
	at org.springframework.context.support.AbstractApplicationContext.finishRefresh(AbstractApplicationContext.java:935)
	at org.springframework.context.support.AbstractApplicationContext.refresh(AbstractApplicationContext.java:586)
	at org.springframework.boot.web.servlet.context.ServletWebServerApplicationContext.refresh(ServletWebServerApplicationContext.java:145)
	at org.springframework.boot.SpringApplication.refresh(SpringApplication.java:730)
	at org.springframework.boot.SpringApplication.refreshContext(SpringApplication.java:412)
	at org.springframework.boot.SpringApplication.run(SpringApplication.java:302)
	at org.springframework.boot.SpringApplication.run(SpringApplication.java:1301)
	at org.springframework.boot.SpringApplication.run(SpringApplication.java:1290)
	at ru.krey.games.GamesApplication.main(GamesApplication.java:12)
	at java.base/jdk.internal.reflect.NativeMethodAccessorImpl.invoke0(Native Method)
	at java.base/jdk.internal.reflect.NativeMethodAccessorImpl.invoke(NativeMethodAccessorImpl.java:62)
	at java.base/jdk.internal.reflect.DelegatingMethodAccessorImpl.invoke(DelegatingMethodAccessorImpl.java:43)
	at java.base/java.lang.reflect.Method.invoke(Method.java:566)
	at org.springframework.boot.devtools.restart.RestartLauncher.run(RestartLauncher.java:49)
Caused by: org.springframework.boot.web.server.WebServerException: Unable to start embedded Tomcat server
	at org.springframework.boot.web.embedded.tomcat.TomcatWebServer.start(TomcatWebServer.java:229)
	at org.springframework.boot.web.servlet.context.WebServerStartStopLifecycle.start(WebServerStartStopLifecycle.java:43)
	at org.springframework.context.support.DefaultLifecycleProcessor.doStart(DefaultLifecycleProcessor.java:178)
	... 19 common frames omitted
Caused by: java.lang.IllegalArgumentException: standardService.connector.startFailed
	at org.apache.catalina.core.StandardService.addConnector(StandardService.java:238)
	at org.springframework.boot.web.embedded.tomcat.TomcatWebServer.addPreviouslyRemovedConnectors(TomcatWebServer.java:282)
	at org.springframework.boot.web.embedded.tomcat.TomcatWebServer.start(TomcatWebServer.java:213)
	... 21 common frames omitted
Caused by: org.apache.catalina.LifecycleException: Protocol handler start failed
	at org.apache.catalina.connector.Connector.startInternal(Connector.java:1075)
	at org.apache.catalina.util.LifecycleBase.start(LifecycleBase.java:183)
	at org.apache.catalina.core.StandardService.addConnector(StandardService.java:234)
	... 23 common frames omitted
Caused by: java.net.BindException: Адрес уже используется
	at java.base/sun.nio.ch.Net.bind0(Native Method)
	at java.base/sun.nio.ch.Net.bind(Net.java:459)
	at java.base/sun.nio.ch.Net.bind(Net.java:448)
	at java.base/sun.nio.ch.ServerSocketChannelImpl.bind(ServerSocketChannelImpl.java:227)
	at org.apache.tomcat.util.net.NioEndpoint.initServerSocket(NioEndpoint.java:271)
	at org.apache.tomcat.util.net.NioEndpoint.bind(NioEndpoint.java:226)
	at org.apache.tomcat.util.net.AbstractEndpoint.bindWithCleanup(AbstractEndpoint.java:1213)
	at org.apache.tomcat.util.net.AbstractEndpoint.start(AbstractEndpoint.java:1299)
	at org.apache.coyote.AbstractProtocol.start(AbstractProtocol.java:614)
	at org.apache.catalina.connector.Connector.startInternal(Connector.java:1072)
	... 25 common frames omitted
