2023-09-26 10:58:32,591 INFO [restartedMain] org.springframework.boot.StartupInfoLogger: Starting GamesApplication using Java 11.0.20.1 on kirill-ubuntu with PID 30863 (/home/kirill/projects/GamesProject/target/classes started by kirill in /home/kirill/projects/GamesProject)
2023-09-26 10:58:32,594 DEBUG [restartedMain] org.springframework.boot.StartupInfoLogger: Running with Spring Boot v2.6.1, Spring v5.3.13
2023-09-26 10:58:32,594 INFO [restartedMain] org.springframework.boot.SpringApplication: No active profile set, falling back to default profiles: default
2023-09-26 10:58:32,620 INFO [restartedMain] org.springframework.boot.logging.DeferredLog: Devtools property defaults active! Set 'spring.devtools.add-properties' to 'false' to disable
2023-09-26 10:58:32,621 INFO [restartedMain] org.springframework.boot.logging.DeferredLog: For additional web related logging consider setting the 'logging.level.web' property to 'DEBUG'
2023-09-26 10:58:33,025 INFO [restartedMain] org.springframework.data.repository.config.RepositoryConfigurationDelegate: Bootstrapping Spring Data JDBC repositories in DEFAULT mode.
2023-09-26 10:58:33,038 INFO [restartedMain] org.springframework.data.repository.config.RepositoryConfigurationDelegate: Finished Spring Data repository scanning in 10 ms. Found 0 JDBC repository interfaces.
2023-09-26 10:58:33,580 INFO [restartedMain] org.springframework.boot.web.embedded.tomcat.TomcatWebServer: Tomcat initialized with port(s): 8080 (http)
2023-09-26 10:58:33,586 INFO [restartedMain] org.apache.juli.logging.DirectJDKLog: Initializing ProtocolHandler ["http-nio-8080"]
2023-09-26 10:58:33,587 INFO [restartedMain] org.apache.juli.logging.DirectJDKLog: Starting service [Tomcat]
2023-09-26 10:58:33,587 INFO [restartedMain] org.apache.juli.logging.DirectJDKLog: Starting Servlet engine: [Apache Tomcat/9.0.55]
2023-09-26 10:58:33,620 INFO [restartedMain] org.apache.juli.logging.DirectJDKLog: Initializing Spring embedded WebApplicationContext
2023-09-26 10:58:33,620 INFO [restartedMain] org.springframework.boot.web.servlet.context.ServletWebServerApplicationContext: Root WebApplicationContext: initialization completed in 999 ms
2023-09-26 10:58:33,689 DEBUG [restartedMain] org.springframework.web.filter.GenericFilterBean: Filter 'authenticationFilter' configured for use
2023-09-26 10:58:33,837 INFO [restartedMain] org.springframework.security.web.DefaultSecurityFilterChain: Will secure any request with [org.springframework.security.web.context.request.async.WebAsyncManagerIntegrationFilter@7460b2c2, org.springframework.security.web.context.SecurityContextPersistenceFilter@249dcb2f, org.springframework.security.web.header.HeaderWriterFilter@41a33a8c, org.springframework.security.web.authentication.logout.LogoutFilter@6d3697c5, org.springframework.security.web.authentication.UsernamePasswordAuthenticationFilter@24206ffa, org.springframework.security.web.session.ConcurrentSessionFilter@357bd6b1, org.springframework.security.web.savedrequest.RequestCacheAwareFilter@3fbc266, org.springframework.security.web.servletapi.SecurityContextHolderAwareRequestFilter@e5f01c4, org.springframework.security.web.authentication.AnonymousAuthenticationFilter@65acc937, org.springframework.security.web.session.SessionManagementFilter@7b37dcae, org.springframework.security.web.access.ExceptionTranslationFilter@7e6e46ae, org.springframework.security.web.access.intercept.FilterSecurityInterceptor@1ae63bdd]
2023-09-26 10:58:33,839 INFO [restartedMain] org.springframework.security.web.DefaultSecurityFilterChain: Will secure Ant [pattern='/static/**'] with []
2023-09-26 10:58:33,840 INFO [restartedMain] org.springframework.security.web.DefaultSecurityFilterChain: Will secure Ant [pattern='/js/**'] with []
2023-09-26 10:58:33,840 INFO [restartedMain] org.springframework.security.web.DefaultSecurityFilterChain: Will secure Ant [pattern='/css/**'] with []
2023-09-26 10:58:33,840 INFO [restartedMain] org.springframework.security.web.DefaultSecurityFilterChain: Will secure Ant [pattern='/images/**'] with []
2023-09-26 10:58:33,840 INFO [restartedMain] org.springframework.security.web.DefaultSecurityFilterChain: Will secure Ant [pattern='/favicon.ico'] with []
2023-09-26 10:58:34,235 INFO [restartedMain] org.springframework.boot.devtools.autoconfigure.OptionalLiveReloadServer: LiveReload server is running on port 35729
2023-09-26 10:58:34,243 INFO [restartedMain] org.apache.juli.logging.DirectJDKLog: Starting ProtocolHandler ["http-nio-8080"]
2023-09-26 10:58:34,250 INFO [restartedMain] org.springframework.boot.web.embedded.tomcat.TomcatWebServer: Tomcat started on port(s): 8080 (http) with context path ''
2023-09-26 10:58:34,251 INFO [restartedMain] org.springframework.core.log.CompositeLog: Starting...
2023-09-26 10:58:34,251 INFO [restartedMain] org.springframework.core.log.CompositeLog: BrokerAvailabilityEvent[available=true, SimpleBrokerMessageHandler [org.springframework.messaging.simp.broker.DefaultSubscriptionRegistry@4615d7cf]]
2023-09-26 10:58:34,251 INFO [restartedMain] org.springframework.core.log.CompositeLog: Started.
2023-09-26 10:58:34,259 INFO [restartedMain] org.springframework.boot.StartupInfoLogger: Started GamesApplication in 1.869 seconds (JVM running for 2.225)
2023-09-26 10:59:33,965 INFO [MessageBroker-5] org.springframework.web.socket.config.WebSocketMessageBrokerStats: WebSocketSession[0 current WS(0)-HttpStream(0)-HttpPoll(0), 0 total, 0 closed abnormally (0 connect failure, 0 send limit, 0 transport error)], stompSubProtocol[processed CONNECT(0)-CONNECTED(0)-DISCONNECT(0)], stompBrokerRelay[null], inboundChannel[pool size = 0, active threads = 0, queued tasks = 0, completed tasks = 0], outboundChannel[pool size = 0, active threads = 0, queued tasks = 0, completed tasks = 0], sockJsScheduler[pool size = 16, active threads = 1, queued tasks = 3, completed tasks = 2999]
2023-09-26 10:59:36,912 INFO [http-nio-8080-exec-1] org.apache.juli.logging.DirectJDKLog: Initializing Spring DispatcherServlet 'dispatcherServlet'
2023-09-26 10:59:36,912 INFO [http-nio-8080-exec-1] org.springframework.web.servlet.FrameworkServlet: Initializing Servlet 'dispatcherServlet'
2023-09-26 10:59:36,913 INFO [http-nio-8080-exec-1] org.springframework.web.servlet.FrameworkServlet: Completed initialization in 1 ms
2023-09-26 10:59:39,723 INFO [http-nio-8080-exec-5] ru.krey.games.handler.auth.AuthSuccessHandler: The user john has logged in.
2023-09-26 10:59:39,756 INFO [http-nio-8080-exec-5] ru.krey.games.dao.PlayerJdbcTemplate: Update player: Player(id=6, login=john, email=john@mail.ru, password=$2a$10$Tt8kBKpE3vpOyjb5sqARXuJiqYBcDinWz3OhvYVcRr6r5NmnWyn22, signUpTime=2023-09-02T21:03:19.016701, lastSignInTime=2023-09-26T10:59:39.734950, rating=60, photo=img_2023_SEPTEMBER_2_21_3_19_john_6_john-wick-button-1596757485786.jpg, enabled=true, Role=USER, lastGameCode=2)
2023-09-26 10:59:39,932 DEBUG [http-nio-8080-exec-1] ru.krey.games.handler.WebSocketEventHandler: WS Connected: (name:john, sessionId:0b1zb5t3)
2023-09-26 10:59:43,062 DEBUG [http-nio-8080-exec-6] ru.krey.games.handler.WebSocketEventHandler: WS Disconnected: (name:john, sessionId:0b1zb5t3)
2023-09-26 10:59:43,135 DEBUG [http-nio-8080-exec-5] ru.krey.games.handler.WebSocketEventHandler: WS Connected: (name:john, sessionId:g3lx3mq3)
2023-09-26 10:59:47,682 DEBUG [http-nio-8080-exec-6] ru.krey.games.handler.WebSocketEventHandler: WS Disconnected: (name:john, sessionId:g3lx3mq3)
2023-09-26 10:59:47,762 DEBUG [http-nio-8080-exec-2] ru.krey.games.handler.WebSocketEventHandler: WS Connected: (name:john, sessionId:indcocun)
2023-09-26 10:59:48,327 INFO [http-nio-8080-exec-3] ru.krey.games.controller.TttGameController: Player with id 6 has stopped searching
2023-09-26 10:59:49,962 INFO [http-nio-8080-exec-10] ru.krey.games.dao.TttGameJdbcTemplate: Save TttGame: TttGame(id=null, player1=Player(id=6, login=john, email=john@mail.ru, password=$2a$10$Tt8kBKpE3vpOyjb5sqARXuJiqYBcDinWz3OhvYVcRr6r5NmnWyn22, signUpTime=2023-09-02T21:03:19.016701, lastSignInTime=2023-09-26T10:59:39.734950, rating=60, photo=img_2023_SEPTEMBER_2_21_3_19_john_6_john-wick-button-1596757485786.jpg, enabled=true, Role=USER, lastGameCode=2), player2=null, startTime=2023-09-26T10:59:49.952495, endTime=null, winner=null, sizeField=3, player1Time=3030, player2Time=3000, basePlayerTime=3000, actualDuration=0, complexity=1, victoryReasonCode=null, queue=0, field=null, diffTime=1)
2023-09-26 10:59:50,010 INFO [http-nio-8080-exec-10] ru.krey.games.dao.PlayerJdbcTemplate: Update player: Player(id=6, login=john, email=john@mail.ru, password=$2a$10$Tt8kBKpE3vpOyjb5sqARXuJiqYBcDinWz3OhvYVcRr6r5NmnWyn22, signUpTime=2023-09-02T21:03:19.016701, lastSignInTime=2023-09-26T10:59:39.734950, rating=60, photo=img_2023_SEPTEMBER_2_21_3_19_john_6_john-wick-button-1596757485786.jpg, enabled=true, Role=USER, lastGameCode=1)
2023-09-26 10:59:50,043 DEBUG [http-nio-8080-exec-4] ru.krey.games.handler.WebSocketEventHandler: WS Disconnected: (name:john, sessionId:indcocun)
2023-09-26 10:59:50,122 INFO [http-nio-8080-exec-7] ru.krey.games.controller.TttGameController: Player with id 6 has stopped searching
2023-09-26 10:59:50,135 DEBUG [http-nio-8080-exec-8] ru.krey.games.handler.WebSocketEventHandler: WS Connected: (name:john, sessionId:lwuozok4)
2023-09-26 10:59:50,258 DEBUG [http-nio-8080-exec-1] ru.krey.games.handler.WebSocketEventHandler: WS Connected: (name:john, sessionId:adgmeiby)
2023-09-26 10:59:50,353 DEBUG [http-nio-8080-exec-7] ru.krey.games.handler.WebSocketEventHandler: WS Connected: (name:john, sessionId:kavweplz)
2023-09-26 10:59:51,226 INFO [http-nio-8080-exec-4] ru.krey.games.dao.TttMoveJdbcTemplate: Save TttMove: ru.krey.games.domain.games.ttt.TttMove@6e9c25f5
2023-09-26 10:59:51,275 INFO [http-nio-8080-exec-4] ru.krey.games.dao.TttMoveJdbcTemplate: Save TttMove: ru.krey.games.domain.games.ttt.TttMove@51209902
2023-09-26 10:59:52,142 DEBUG [http-nio-8080-exec-1] ru.krey.games.handler.WebSocketEventHandler: WS Disconnected: (name:john, sessionId:adgmeiby)
2023-09-26 10:59:52,142 DEBUG [http-nio-8080-exec-9] ru.krey.games.handler.WebSocketEventHandler: WS Disconnected: (name:john, sessionId:kavweplz)
2023-09-26 10:59:52,142 DEBUG [http-nio-8080-exec-6] ru.krey.games.handler.WebSocketEventHandler: WS Disconnected: (name:john, sessionId:lwuozok4)
2023-09-26 10:59:52,212 DEBUG [http-nio-8080-exec-7] ru.krey.games.handler.WebSocketEventHandler: WS Connected: (name:john, sessionId:jeryll55)
2023-09-26 10:59:54,426 DEBUG [http-nio-8080-exec-1] ru.krey.games.handler.WebSocketEventHandler: WS Disconnected: (name:john, sessionId:jeryll55)
2023-09-26 10:59:54,501 DEBUG [http-nio-8080-exec-4] ru.krey.games.handler.WebSocketEventHandler: WS Connected: (name:john, sessionId:vuqsu20h)
2023-09-26 10:59:54,615 DEBUG [http-nio-8080-exec-8] ru.krey.games.handler.WebSocketEventHandler: WS Connected: (name:john, sessionId:c0dz1ps5)
2023-09-26 10:59:54,688 DEBUG [http-nio-8080-exec-10] ru.krey.games.handler.WebSocketEventHandler: WS Connected: (name:john, sessionId:i0tg0uq4)
2023-09-26 10:59:55,578 DEBUG [http-nio-8080-exec-8] ru.krey.games.handler.WebSocketEventHandler: WS Disconnected: (name:john, sessionId:i0tg0uq4)
2023-09-26 10:59:55,578 DEBUG [http-nio-8080-exec-3] ru.krey.games.handler.WebSocketEventHandler: WS Disconnected: (name:john, sessionId:vuqsu20h)
2023-09-26 10:59:55,578 DEBUG [http-nio-8080-exec-5] ru.krey.games.handler.WebSocketEventHandler: WS Disconnected: (name:john, sessionId:c0dz1ps5)
2023-09-26 10:59:55,656 DEBUG [http-nio-8080-exec-2] ru.krey.games.handler.WebSocketEventHandler: WS Connected: (name:john, sessionId:wrepjg0m)
2023-09-26 10:59:56,146 DEBUG [http-nio-8080-exec-1] ru.krey.games.handler.WebSocketEventHandler: WS Connected: (name:john, sessionId:rwsr4kdp)
2023-09-26 10:59:56,223 DEBUG [http-nio-8080-exec-3] ru.krey.games.handler.WebSocketEventHandler: WS Connected: (name:john, sessionId:t3dc2hob)
2023-09-26 10:59:57,223 INFO [http-nio-8080-exec-4] ru.krey.games.dao.TttMoveJdbcTemplate: Save TttMove: ru.krey.games.domain.games.ttt.TttMove@e8b41e71
2023-09-26 10:59:57,272 INFO [http-nio-8080-exec-4] ru.krey.games.dao.TttMoveJdbcTemplate: Save TttMove: ru.krey.games.domain.games.ttt.TttMove@1934e6f6
2023-09-26 10:59:58,529 INFO [http-nio-8080-exec-8] ru.krey.games.dao.TttMoveJdbcTemplate: Save TttMove: ru.krey.games.domain.games.ttt.TttMove@cd68bbc7
2023-09-26 10:59:58,573 INFO [http-nio-8080-exec-8] ru.krey.games.dao.TttMoveJdbcTemplate: Save TttMove: ru.krey.games.domain.games.ttt.TttMove@3992e6ae
2023-09-26 10:59:59,636 INFO [http-nio-8080-exec-6] ru.krey.games.dao.TttMoveJdbcTemplate: Save TttMove: ru.krey.games.domain.games.ttt.TttMove@fc1fe499
2023-09-26 10:59:59,671 INFO [pool-2-thread-1] ru.krey.games.controller.TttGameController: Game 5 saved
2023-09-26 11:00:03,750 DEBUG [http-nio-8080-exec-10] ru.krey.games.handler.WebSocketEventHandler: WS Disconnected: (name:john, sessionId:t3dc2hob)
2023-09-26 11:00:03,750 DEBUG [http-nio-8080-exec-5] ru.krey.games.handler.WebSocketEventHandler: WS Disconnected: (name:john, sessionId:wrepjg0m)
2023-09-26 11:00:03,750 DEBUG [http-nio-8080-exec-9] ru.krey.games.handler.WebSocketEventHandler: WS Disconnected: (name:john, sessionId:rwsr4kdp)
2023-09-26 11:00:03,836 DEBUG [http-nio-8080-exec-8] ru.krey.games.handler.WebSocketEventHandler: WS Connected: (name:john, sessionId:imd3uygy)
2023-09-26 11:05:22,157 DEBUG [http-nio-8080-exec-10] ru.krey.games.handler.WebSocketEventHandler: WS Disconnected: (name:john, sessionId:imd3uygy)
2023-09-26 11:05:22,236 DEBUG [http-nio-8080-exec-9] ru.krey.games.handler.WebSocketEventHandler: WS Connected: (name:john, sessionId:otk15g4i)
2023-09-26 11:05:23,298 INFO [http-nio-8080-exec-5] ru.krey.games.controller.TttGameController: Player with id 6 has stopped searching
2023-09-26 11:05:25,061 DEBUG [http-nio-8080-exec-7] ru.krey.games.handler.WebSocketEventHandler: WS Disconnected: (name:john, sessionId:otk15g4i)
2023-09-26 11:05:25,162 DEBUG [http-nio-8080-exec-10] ru.krey.games.handler.WebSocketEventHandler: WS Connected: (name:john, sessionId:kyijumld)
2023-09-26 11:05:25,495 DEBUG [http-nio-8080-exec-9] ru.krey.games.handler.WebSocketEventHandler: WS Disconnected: (name:john, sessionId:kyijumld)
2023-09-26 11:05:25,582 DEBUG [http-nio-8080-exec-6] ru.krey.games.handler.WebSocketEventHandler: WS Connected: (name:john, sessionId:acn2fcqu)
2023-09-26 11:29:33,966 INFO [MessageBroker-3] org.springframework.web.socket.config.WebSocketMessageBrokerStats: WebSocketSession[1 current WS(1)-HttpStream(0)-HttpPoll(0), 17 total, 0 closed abnormally (0 connect failure, 0 send limit, 0 transport error)], stompSubProtocol[processed CONNECT(17)-CONNECTED(17)-DISCONNECT(0)], stompBrokerRelay[null], inboundChannel[pool size = 0, active threads = 0, queued tasks = 0, completed tasks = 150], outboundChannel[pool size = 0, active threads = 0, queued tasks = 0, completed tasks = 101], sockJsScheduler[pool size = 16, active threads = 1, queued tasks = 5, completed tasks = 93788]
2023-09-26 11:35:33,729 DEBUG [Catalina-utility-2] ru.krey.games.handler.WebSocketEventHandler: WS Disconnected: (name:john, sessionId:acn2fcqu)
2023-09-26 11:59:33,966 INFO [MessageBroker-13] org.springframework.web.socket.config.WebSocketMessageBrokerStats: WebSocketSession[0 current WS(0)-HttpStream(0)-HttpPoll(0), 17 total, 0 closed abnormally (0 connect failure, 0 send limit, 0 transport error)], stompSubProtocol[processed CONNECT(17)-CONNECTED(17)-DISCONNECT(0)], stompBrokerRelay[null], inboundChannel[pool size = 0, active threads = 0, queued tasks = 0, completed tasks = 153], outboundChannel[pool size = 0, active threads = 0, queued tasks = 0, completed tasks = 102], sockJsScheduler[pool size = 16, active threads = 1, queued tasks = 4, completed tasks = 184524]
2023-09-26 12:29:33,967 INFO [MessageBroker-14] org.springframework.web.socket.config.WebSocketMessageBrokerStats: WebSocketSession[0 current WS(0)-HttpStream(0)-HttpPoll(0), 17 total, 0 closed abnormally (0 connect failure, 0 send limit, 0 transport error)], stompSubProtocol[processed CONNECT(17)-CONNECTED(17)-DISCONNECT(0)], stompBrokerRelay[null], inboundChannel[pool size = 0, active threads = 0, queued tasks = 0, completed tasks = 153], outboundChannel[pool size = 0, active threads = 0, queued tasks = 0, completed tasks = 102], sockJsScheduler[pool size = 16, active threads = 1, queued tasks = 4, completed tasks = 275245]
2023-09-26 12:59:33,967 INFO [MessageBroker-2] org.springframework.web.socket.config.WebSocketMessageBrokerStats: WebSocketSession[0 current WS(0)-HttpStream(0)-HttpPoll(0), 17 total, 0 closed abnormally (0 connect failure, 0 send limit, 0 transport error)], stompSubProtocol[processed CONNECT(17)-CONNECTED(17)-DISCONNECT(0)], stompBrokerRelay[null], inboundChannel[pool size = 0, active threads = 0, queued tasks = 0, completed tasks = 153], outboundChannel[pool size = 0, active threads = 0, queued tasks = 0, completed tasks = 102], sockJsScheduler[pool size = 16, active threads = 1, queued tasks = 4, completed tasks = 365966]
2023-09-26 13:29:33,967 INFO [MessageBroker-2] org.springframework.web.socket.config.WebSocketMessageBrokerStats: WebSocketSession[0 current WS(0)-HttpStream(0)-HttpPoll(0), 17 total, 0 closed abnormally (0 connect failure, 0 send limit, 0 transport error)], stompSubProtocol[processed CONNECT(17)-CONNECTED(17)-DISCONNECT(0)], stompBrokerRelay[null], inboundChannel[pool size = 0, active threads = 0, queued tasks = 0, completed tasks = 153], outboundChannel[pool size = 0, active threads = 0, queued tasks = 0, completed tasks = 102], sockJsScheduler[pool size = 16, active threads = 1, queued tasks = 4, completed tasks = 456687]
2023-09-26 13:53:38,774 INFO [SpringApplicationShutdownHook] org.springframework.core.log.CompositeLog: Stopping...
2023-09-26 13:53:38,774 INFO [SpringApplicationShutdownHook] org.springframework.core.log.CompositeLog: BrokerAvailabilityEvent[available=false, SimpleBrokerMessageHandler [org.springframework.messaging.simp.broker.DefaultSubscriptionRegistry@4615d7cf]]
2023-09-26 13:53:38,774 INFO [SpringApplicationShutdownHook] org.springframework.core.log.CompositeLog: Stopped.
