2023-07-27 03:46:22,019 INFO [restartedMain] org.springframework.boot.StartupInfoLogger: Starting GamesApplication using Java 11.0.19 on kirill-ubuntu with PID 61192 (/home/kirill/projects/GamesProject/target/classes started by kirill in /home/kirill/projects/GamesProject)
2023-07-27 03:46:22,020 DEBUG [restartedMain] org.springframework.boot.StartupInfoLogger: Running with Spring Boot v2.6.1, Spring v5.3.13
2023-07-27 03:46:22,020 INFO [restartedMain] org.springframework.boot.SpringApplication: No active profile set, falling back to default profiles: default
2023-07-27 03:46:22,040 INFO [restartedMain] org.springframework.boot.logging.DeferredLog: Devtools property defaults active! Set 'spring.devtools.add-properties' to 'false' to disable
2023-07-27 03:46:22,040 INFO [restartedMain] org.springframework.boot.logging.DeferredLog: For additional web related logging consider setting the 'logging.level.web' property to 'DEBUG'
2023-07-27 03:46:22,340 INFO [restartedMain] org.springframework.data.repository.config.RepositoryConfigurationDelegate: Bootstrapping Spring Data JDBC repositories in DEFAULT mode.
2023-07-27 03:46:22,350 INFO [restartedMain] org.springframework.data.repository.config.RepositoryConfigurationDelegate: Finished Spring Data repository scanning in 5 ms. Found 0 JDBC repository interfaces.
2023-07-27 03:46:22,747 INFO [restartedMain] org.springframework.boot.web.embedded.tomcat.TomcatWebServer: Tomcat initialized with port(s): 8080 (http)
2023-07-27 03:46:22,750 INFO [restartedMain] org.apache.juli.logging.DirectJDKLog: Initializing ProtocolHandler ["http-nio-8080"]
2023-07-27 03:46:22,750 INFO [restartedMain] org.apache.juli.logging.DirectJDKLog: Starting service [Tomcat]
2023-07-27 03:46:22,750 INFO [restartedMain] org.apache.juli.logging.DirectJDKLog: Starting Servlet engine: [Apache Tomcat/9.0.55]
2023-07-27 03:46:22,775 INFO [restartedMain] org.apache.juli.logging.DirectJDKLog: Initializing Spring embedded WebApplicationContext
2023-07-27 03:46:22,776 INFO [restartedMain] org.springframework.boot.web.servlet.context.ServletWebServerApplicationContext: Root WebApplicationContext: initialization completed in 736 ms
2023-07-27 03:46:22,834 DEBUG [restartedMain] org.springframework.web.filter.GenericFilterBean: Filter 'authenticationFilter' configured for use
2023-07-27 03:46:22,926 INFO [restartedMain] org.springframework.security.web.DefaultSecurityFilterChain: Will secure any request with [org.springframework.security.web.context.request.async.WebAsyncManagerIntegrationFilter@350ebfd, org.springframework.security.web.context.SecurityContextPersistenceFilter@5fa4ac2a, org.springframework.security.web.header.HeaderWriterFilter@2b609be, org.springframework.security.web.authentication.logout.LogoutFilter@2f5ad361, org.springframework.security.web.authentication.UsernamePasswordAuthenticationFilter@129f0234, org.springframework.security.web.session.ConcurrentSessionFilter@124c24d1, org.springframework.security.web.savedrequest.RequestCacheAwareFilter@597449ba, org.springframework.security.web.servletapi.SecurityContextHolderAwareRequestFilter@1e70fe3b, org.springframework.security.web.authentication.AnonymousAuthenticationFilter@52b2cdb3, org.springframework.security.web.session.SessionManagementFilter@54ff9646, org.springframework.security.web.access.ExceptionTranslationFilter@5841bc55, org.springframework.security.web.access.intercept.FilterSecurityInterceptor@45bf0013]
2023-07-27 03:46:22,931 INFO [restartedMain] org.springframework.security.web.DefaultSecurityFilterChain: Will secure Ant [pattern='/static/**'] with []
2023-07-27 03:46:22,931 INFO [restartedMain] org.springframework.security.web.DefaultSecurityFilterChain: Will secure Ant [pattern='/js/**'] with []
2023-07-27 03:46:22,932 INFO [restartedMain] org.springframework.security.web.DefaultSecurityFilterChain: Will secure Ant [pattern='/css/**'] with []
2023-07-27 03:46:22,932 INFO [restartedMain] org.springframework.security.web.DefaultSecurityFilterChain: Will secure Ant [pattern='/images/**'] with []
2023-07-27 03:46:22,932 INFO [restartedMain] org.springframework.security.web.DefaultSecurityFilterChain: Will secure Ant [pattern='/favicon.ico'] with []
2023-07-27 03:46:23,449 INFO [restartedMain] org.springframework.boot.devtools.autoconfigure.OptionalLiveReloadServer: LiveReload server is running on port 35729
2023-07-27 03:46:23,459 INFO [restartedMain] org.apache.juli.logging.DirectJDKLog: Starting ProtocolHandler ["http-nio-8080"]
2023-07-27 03:46:23,464 INFO [restartedMain] org.springframework.boot.web.embedded.tomcat.TomcatWebServer: Tomcat started on port(s): 8080 (http) with context path ''
2023-07-27 03:46:23,465 INFO [restartedMain] org.springframework.core.log.CompositeLog: Starting...
2023-07-27 03:46:23,466 INFO [restartedMain] org.springframework.core.log.CompositeLog: BrokerAvailabilityEvent[available=true, SimpleBrokerMessageHandler [org.springframework.messaging.simp.broker.DefaultSubscriptionRegistry@228b6dfe]]
2023-07-27 03:46:23,466 INFO [restartedMain] org.springframework.core.log.CompositeLog: Started.
2023-07-27 03:46:23,474 INFO [restartedMain] org.springframework.boot.StartupInfoLogger: Started GamesApplication in 1.599 seconds (JVM running for 1.961)
2023-07-27 03:46:28,785 INFO [SpringApplicationShutdownHook] org.springframework.core.log.CompositeLog: Stopping...
2023-07-27 03:46:28,786 INFO [SpringApplicationShutdownHook] org.springframework.core.log.CompositeLog: BrokerAvailabilityEvent[available=false, SimpleBrokerMessageHandler [org.springframework.messaging.simp.broker.DefaultSubscriptionRegistry@228b6dfe]]
2023-07-27 03:46:28,786 INFO [SpringApplicationShutdownHook] org.springframework.core.log.CompositeLog: Stopped.
2023-07-27 03:46:36,976 INFO [restartedMain] org.springframework.boot.StartupInfoLogger: Starting GamesApplication using Java 11.0.19 on kirill-ubuntu with PID 61372 (/home/kirill/projects/GamesProject/target/classes started by kirill in /home/kirill/projects/GamesProject)
2023-07-27 03:46:36,977 DEBUG [restartedMain] org.springframework.boot.StartupInfoLogger: Running with Spring Boot v2.6.1, Spring v5.3.13
2023-07-27 03:46:36,977 INFO [restartedMain] org.springframework.boot.SpringApplication: No active profile set, falling back to default profiles: default
2023-07-27 03:46:36,998 INFO [restartedMain] org.springframework.boot.logging.DeferredLog: Devtools property defaults active! Set 'spring.devtools.add-properties' to 'false' to disable
2023-07-27 03:46:36,999 INFO [restartedMain] org.springframework.boot.logging.DeferredLog: For additional web related logging consider setting the 'logging.level.web' property to 'DEBUG'
2023-07-27 03:46:37,325 INFO [restartedMain] org.springframework.data.repository.config.RepositoryConfigurationDelegate: Bootstrapping Spring Data JDBC repositories in DEFAULT mode.
2023-07-27 03:46:37,337 INFO [restartedMain] org.springframework.data.repository.config.RepositoryConfigurationDelegate: Finished Spring Data repository scanning in 7 ms. Found 0 JDBC repository interfaces.
2023-07-27 03:46:37,722 INFO [restartedMain] org.springframework.boot.web.embedded.tomcat.TomcatWebServer: Tomcat initialized with port(s): 8080 (http)
2023-07-27 03:46:37,725 INFO [restartedMain] org.apache.juli.logging.DirectJDKLog: Initializing ProtocolHandler ["http-nio-8080"]
2023-07-27 03:46:37,726 INFO [restartedMain] org.apache.juli.logging.DirectJDKLog: Starting service [Tomcat]
2023-07-27 03:46:37,726 INFO [restartedMain] org.apache.juli.logging.DirectJDKLog: Starting Servlet engine: [Apache Tomcat/9.0.55]
2023-07-27 03:46:37,746 INFO [restartedMain] org.apache.juli.logging.DirectJDKLog: Initializing Spring embedded WebApplicationContext
2023-07-27 03:46:37,746 INFO [restartedMain] org.springframework.boot.web.servlet.context.ServletWebServerApplicationContext: Root WebApplicationContext: initialization completed in 747 ms
2023-07-27 03:46:37,788 DEBUG [restartedMain] org.springframework.web.filter.GenericFilterBean: Filter 'authenticationFilter' configured for use
2023-07-27 03:46:37,904 INFO [restartedMain] org.springframework.security.web.DefaultSecurityFilterChain: Will secure any request with [org.springframework.security.web.context.request.async.WebAsyncManagerIntegrationFilter@3b866399, org.springframework.security.web.context.SecurityContextPersistenceFilter@19933dbb, org.springframework.security.web.header.HeaderWriterFilter@78d8a948, org.springframework.security.web.authentication.logout.LogoutFilter@40578083, org.springframework.security.web.authentication.UsernamePasswordAuthenticationFilter@ceb9f23, org.springframework.security.web.session.ConcurrentSessionFilter@55414141, org.springframework.security.web.savedrequest.RequestCacheAwareFilter@4c9ee688, org.springframework.security.web.servletapi.SecurityContextHolderAwareRequestFilter@335d7cd7, org.springframework.security.web.authentication.AnonymousAuthenticationFilter@7890b867, org.springframework.security.web.session.SessionManagementFilter@6d0b5a7f, org.springframework.security.web.access.ExceptionTranslationFilter@724eb681, org.springframework.security.web.access.intercept.FilterSecurityInterceptor@142d9988]
2023-07-27 03:46:37,907 INFO [restartedMain] org.springframework.security.web.DefaultSecurityFilterChain: Will secure Ant [pattern='/static/**'] with []
2023-07-27 03:46:37,907 INFO [restartedMain] org.springframework.security.web.DefaultSecurityFilterChain: Will secure Ant [pattern='/js/**'] with []
2023-07-27 03:46:37,907 INFO [restartedMain] org.springframework.security.web.DefaultSecurityFilterChain: Will secure Ant [pattern='/css/**'] with []
2023-07-27 03:46:37,907 INFO [restartedMain] org.springframework.security.web.DefaultSecurityFilterChain: Will secure Ant [pattern='/images/**'] with []
2023-07-27 03:46:37,907 INFO [restartedMain] org.springframework.security.web.DefaultSecurityFilterChain: Will secure Ant [pattern='/favicon.ico'] with []
2023-07-27 03:46:38,428 INFO [restartedMain] org.springframework.boot.devtools.autoconfigure.OptionalLiveReloadServer: LiveReload server is running on port 35729
2023-07-27 03:46:38,438 INFO [restartedMain] org.apache.juli.logging.DirectJDKLog: Starting ProtocolHandler ["http-nio-8080"]
2023-07-27 03:46:38,443 INFO [restartedMain] org.springframework.boot.web.embedded.tomcat.TomcatWebServer: Tomcat started on port(s): 8080 (http) with context path ''
2023-07-27 03:46:38,444 INFO [restartedMain] org.springframework.core.log.CompositeLog: Starting...
2023-07-27 03:46:38,444 INFO [restartedMain] org.springframework.core.log.CompositeLog: BrokerAvailabilityEvent[available=true, SimpleBrokerMessageHandler [org.springframework.messaging.simp.broker.DefaultSubscriptionRegistry@1fef8df2]]
2023-07-27 03:46:38,444 INFO [restartedMain] org.springframework.core.log.CompositeLog: Started.
2023-07-27 03:46:38,452 INFO [restartedMain] org.springframework.boot.StartupInfoLogger: Started GamesApplication in 1.613 seconds (JVM running for 1.923)
2023-07-27 03:47:09,930 INFO [SpringApplicationShutdownHook] org.springframework.core.log.CompositeLog: Stopping...
2023-07-27 03:47:09,930 INFO [SpringApplicationShutdownHook] org.springframework.core.log.CompositeLog: BrokerAvailabilityEvent[available=false, SimpleBrokerMessageHandler [org.springframework.messaging.simp.broker.DefaultSubscriptionRegistry@1fef8df2]]
2023-07-27 03:47:09,930 INFO [SpringApplicationShutdownHook] org.springframework.core.log.CompositeLog: Stopped.
2023-07-27 03:47:16,386 INFO [restartedMain] org.springframework.boot.StartupInfoLogger: Starting GamesApplication using Java 11.0.19 on kirill-ubuntu with PID 61563 (/home/kirill/projects/GamesProject/target/classes started by kirill in /home/kirill/projects/GamesProject)
2023-07-27 03:47:16,387 DEBUG [restartedMain] org.springframework.boot.StartupInfoLogger: Running with Spring Boot v2.6.1, Spring v5.3.13
2023-07-27 03:47:16,387 INFO [restartedMain] org.springframework.boot.SpringApplication: No active profile set, falling back to default profiles: default
2023-07-27 03:47:16,412 INFO [restartedMain] org.springframework.boot.logging.DeferredLog: Devtools property defaults active! Set 'spring.devtools.add-properties' to 'false' to disable
2023-07-27 03:47:16,412 INFO [restartedMain] org.springframework.boot.logging.DeferredLog: For additional web related logging consider setting the 'logging.level.web' property to 'DEBUG'
2023-07-27 03:47:16,727 INFO [restartedMain] org.springframework.data.repository.config.RepositoryConfigurationDelegate: Bootstrapping Spring Data JDBC repositories in DEFAULT mode.
2023-07-27 03:47:16,734 INFO [restartedMain] org.springframework.data.repository.config.RepositoryConfigurationDelegate: Finished Spring Data repository scanning in 5 ms. Found 0 JDBC repository interfaces.
2023-07-27 03:47:17,156 INFO [restartedMain] org.springframework.boot.web.embedded.tomcat.TomcatWebServer: Tomcat initialized with port(s): 8080 (http)
2023-07-27 03:47:17,162 INFO [restartedMain] org.apache.juli.logging.DirectJDKLog: Initializing ProtocolHandler ["http-nio-8080"]
2023-07-27 03:47:17,162 INFO [restartedMain] org.apache.juli.logging.DirectJDKLog: Starting service [Tomcat]
2023-07-27 03:47:17,162 INFO [restartedMain] org.apache.juli.logging.DirectJDKLog: Starting Servlet engine: [Apache Tomcat/9.0.55]
2023-07-27 03:47:17,192 INFO [restartedMain] org.apache.juli.logging.DirectJDKLog: Initializing Spring embedded WebApplicationContext
2023-07-27 03:47:17,192 INFO [restartedMain] org.springframework.boot.web.servlet.context.ServletWebServerApplicationContext: Root WebApplicationContext: initialization completed in 779 ms
2023-07-27 03:47:17,202 ERROR [restartedMain] org.springframework.boot.web.embedded.tomcat.TomcatStarter: Error starting Tomcat context. Exception: org.springframework.beans.factory.UnsatisfiedDependencyException. Message: Error creating bean with name 'authFilterConfig' defined in file [/home/kirill/projects/GamesProject/target/classes/ru/krey/games/config/AuthFilterConfig.class]: Unsatisfied dependency expressed through constructor parameter 0; nested exception is org.springframework.beans.factory.BeanCreationException: Error creating bean with name 'authSuccessHandler': Lookup method resolution failed; nested exception is java.lang.IllegalStateException: Failed to introspect Class [ru.krey.games.handler.auth.AuthSuccessHandler] from ClassLoader [org.springframework.boot.devtools.restart.classloader.RestartClassLoader@721f07a9]
2023-07-27 03:47:17,213 INFO [restartedMain] org.apache.juli.logging.DirectJDKLog: Stopping service [Tomcat]
2023-07-27 03:47:17,215 WARN [restartedMain] org.springframework.context.support.AbstractApplicationContext: Exception encountered during context initialization - cancelling refresh attempt: org.springframework.context.ApplicationContextException: Unable to start web server; nested exception is org.springframework.boot.web.server.WebServerException: Unable to start embedded Tomcat
2023-07-27 03:47:17,224 INFO [restartedMain] org.springframework.boot.autoconfigure.logging.ConditionEvaluationReportLoggingListener: 

Error starting ApplicationContext. To display the conditions report re-run your application with 'debug' enabled.
2023-07-27 03:47:17,238 ERROR [restartedMain] org.springframework.boot.SpringApplication: Application run failed
org.springframework.context.ApplicationContextException: Unable to start web server; nested exception is org.springframework.boot.web.server.WebServerException: Unable to start embedded Tomcat
	at org.springframework.boot.web.servlet.context.ServletWebServerApplicationContext.onRefresh(ServletWebServerApplicationContext.java:163)
	at org.springframework.context.support.AbstractApplicationContext.refresh(AbstractApplicationContext.java:577)
	at org.springframework.boot.web.servlet.context.ServletWebServerApplicationContext.refresh(ServletWebServerApplicationContext.java:145)
	at org.springframework.boot.SpringApplication.refresh(SpringApplication.java:730)
	at org.springframework.boot.SpringApplication.refreshContext(SpringApplication.java:412)
	at org.springframework.boot.SpringApplication.run(SpringApplication.java:302)
	at org.springframework.boot.SpringApplication.run(SpringApplication.java:1301)
	at org.springframework.boot.SpringApplication.run(SpringApplication.java:1290)
	at ru.krey.games.GamesApplication.main(GamesApplication.java:12)
	at java.base/jdk.internal.reflect.NativeMethodAccessorImpl.invoke0(Native Method)
	at java.base/jdk.internal.reflect.NativeMethodAccessorImpl.invoke(NativeMethodAccessorImpl.java:62)
	at java.base/jdk.internal.reflect.DelegatingMethodAccessorImpl.invoke(DelegatingMethodAccessorImpl.java:43)
	at java.base/java.lang.reflect.Method.invoke(Method.java:566)
	at org.springframework.boot.devtools.restart.RestartLauncher.run(RestartLauncher.java:49)
Caused by: org.springframework.boot.web.server.WebServerException: Unable to start embedded Tomcat
	at org.springframework.boot.web.embedded.tomcat.TomcatWebServer.initialize(TomcatWebServer.java:142)
	at org.springframework.boot.web.embedded.tomcat.TomcatWebServer.<init>(TomcatWebServer.java:104)
	at org.springframework.boot.web.embedded.tomcat.TomcatServletWebServerFactory.getTomcatWebServer(TomcatServletWebServerFactory.java:473)
	at org.springframework.boot.web.embedded.tomcat.TomcatServletWebServerFactory.getWebServer(TomcatServletWebServerFactory.java:206)
	at org.springframework.boot.web.servlet.context.ServletWebServerApplicationContext.createWebServer(ServletWebServerApplicationContext.java:182)
	at org.springframework.boot.web.servlet.context.ServletWebServerApplicationContext.onRefresh(ServletWebServerApplicationContext.java:160)
	... 13 common frames omitted
Caused by: org.springframework.beans.factory.UnsatisfiedDependencyException: Error creating bean with name 'authFilterConfig' defined in file [/home/kirill/projects/GamesProject/target/classes/ru/krey/games/config/AuthFilterConfig.class]: Unsatisfied dependency expressed through constructor parameter 0; nested exception is org.springframework.beans.factory.BeanCreationException: Error creating bean with name 'authSuccessHandler': Lookup method resolution failed; nested exception is java.lang.IllegalStateException: Failed to introspect Class [ru.krey.games.handler.auth.AuthSuccessHandler] from ClassLoader [org.springframework.boot.devtools.restart.classloader.RestartClassLoader@721f07a9]
	at org.springframework.beans.factory.support.ConstructorResolver.createArgumentArray(ConstructorResolver.java:800)
	at org.springframework.beans.factory.support.ConstructorResolver.autowireConstructor(ConstructorResolver.java:229)
	at org.springframework.beans.factory.support.AbstractAutowireCapableBeanFactory.autowireConstructor(AbstractAutowireCapableBeanFactory.java:1372)
	at org.springframework.beans.factory.support.AbstractAutowireCapableBeanFactory.createBeanInstance(AbstractAutowireCapableBeanFactory.java:1222)
	at org.springframework.beans.factory.support.AbstractAutowireCapableBeanFactory.doCreateBean(AbstractAutowireCapableBeanFactory.java:582)
	at org.springframework.beans.factory.support.AbstractAutowireCapableBeanFactory.createBean(AbstractAutowireCapableBeanFactory.java:542)
	at org.springframework.beans.factory.support.AbstractBeanFactory.lambda$doGetBean$0(AbstractBeanFactory.java:335)
	at org.springframework.beans.factory.support.DefaultSingletonBeanRegistry.getSingleton(DefaultSingletonBeanRegistry.java:234)
	at org.springframework.beans.factory.support.AbstractBeanFactory.doGetBean(AbstractBeanFactory.java:333)
	at org.springframework.beans.factory.support.AbstractBeanFactory.getBean(AbstractBeanFactory.java:208)
	at org.springframework.beans.factory.support.ConstructorResolver.instantiateUsingFactoryMethod(ConstructorResolver.java:410)
	at org.springframework.beans.factory.support.AbstractAutowireCapableBeanFactory.instantiateUsingFactoryMethod(AbstractAutowireCapableBeanFactory.java:1352)
	at org.springframework.beans.factory.support.AbstractAutowireCapableBeanFactory.createBeanInstance(AbstractAutowireCapableBeanFactory.java:1195)
	at org.springframework.beans.factory.support.AbstractAutowireCapableBeanFactory.doCreateBean(AbstractAutowireCapableBeanFactory.java:582)
	at org.springframework.beans.factory.support.AbstractAutowireCapableBeanFactory.createBean(AbstractAutowireCapableBeanFactory.java:542)
	at org.springframework.beans.factory.support.AbstractBeanFactory.lambda$doGetBean$0(AbstractBeanFactory.java:335)
	at org.springframework.beans.factory.support.DefaultSingletonBeanRegistry.getSingleton(DefaultSingletonBeanRegistry.java:234)
	at org.springframework.beans.factory.support.AbstractBeanFactory.doGetBean(AbstractBeanFactory.java:333)
	at org.springframework.beans.factory.support.AbstractBeanFactory.getBean(AbstractBeanFactory.java:213)
	at org.springframework.boot.web.servlet.ServletContextInitializerBeans.getOrderedBeansOfType(ServletContextInitializerBeans.java:212)
	at org.springframework.boot.web.servlet.ServletContextInitializerBeans.addAsRegistrationBean(ServletContextInitializerBeans.java:175)
	at org.springframework.boot.web.servlet.ServletContextInitializerBeans.addAsRegistrationBean(ServletContextInitializerBeans.java:170)
	at org.springframework.boot.web.servlet.ServletContextInitializerBeans.addAdaptableBeans(ServletContextInitializerBeans.java:155)
	at org.springframework.boot.web.servlet.ServletContextInitializerBeans.<init>(ServletContextInitializerBeans.java:87)
	at org.springframework.boot.web.servlet.context.ServletWebServerApplicationContext.getServletContextInitializerBeans(ServletWebServerApplicationContext.java:260)
	at org.springframework.boot.web.servlet.context.ServletWebServerApplicationContext.selfInitialize(ServletWebServerApplicationContext.java:234)
	at org.springframework.boot.web.embedded.tomcat.TomcatStarter.onStartup(TomcatStarter.java:53)
	at org.apache.catalina.core.StandardContext.startInternal(StandardContext.java:5219)
	at org.apache.catalina.util.LifecycleBase.start(LifecycleBase.java:183)
	at org.apache.catalina.core.ContainerBase$StartChild.call(ContainerBase.java:1396)
	at org.apache.catalina.core.ContainerBase$StartChild.call(ContainerBase.java:1386)
	at java.base/java.util.concurrent.FutureTask.run(FutureTask.java:264)
	at org.apache.tomcat.util.threads.InlineExecutorService.execute(InlineExecutorService.java:75)
	at java.base/java.util.concurrent.AbstractExecutorService.submit(AbstractExecutorService.java:140)
	at org.apache.catalina.core.ContainerBase.startInternal(ContainerBase.java:919)
	at org.apache.catalina.core.StandardHost.startInternal(StandardHost.java:835)
	at org.apache.catalina.util.LifecycleBase.start(LifecycleBase.java:183)
	at org.apache.catalina.core.ContainerBase$StartChild.call(ContainerBase.java:1396)
	at org.apache.catalina.core.ContainerBase$StartChild.call(ContainerBase.java:1386)
	at java.base/java.util.concurrent.FutureTask.run(FutureTask.java:264)
	at org.apache.tomcat.util.threads.InlineExecutorService.execute(InlineExecutorService.java:75)
	at java.base/java.util.concurrent.AbstractExecutorService.submit(AbstractExecutorService.java:140)
	at org.apache.catalina.core.ContainerBase.startInternal(ContainerBase.java:919)
	at org.apache.catalina.core.StandardEngine.startInternal(StandardEngine.java:263)
	at org.apache.catalina.util.LifecycleBase.start(LifecycleBase.java:183)
	at org.apache.catalina.core.StandardService.startInternal(StandardService.java:432)
	at org.apache.catalina.util.LifecycleBase.start(LifecycleBase.java:183)
	at org.apache.catalina.core.StandardServer.startInternal(StandardServer.java:927)
	at org.apache.catalina.util.LifecycleBase.start(LifecycleBase.java:183)
	at org.apache.catalina.startup.Tomcat.start(Tomcat.java:486)
	at org.springframework.boot.web.embedded.tomcat.TomcatWebServer.initialize(TomcatWebServer.java:123)
	... 18 common frames omitted
Caused by: org.springframework.beans.factory.BeanCreationException: Error creating bean with name 'authSuccessHandler': Lookup method resolution failed; nested exception is java.lang.IllegalStateException: Failed to introspect Class [ru.krey.games.handler.auth.AuthSuccessHandler] from ClassLoader [org.springframework.boot.devtools.restart.classloader.RestartClassLoader@721f07a9]
	at org.springframework.beans.factory.annotation.AutowiredAnnotationBeanPostProcessor.determineCandidateConstructors(AutowiredAnnotationBeanPostProcessor.java:289)
	at org.springframework.beans.factory.support.AbstractAutowireCapableBeanFactory.determineConstructorsFromBeanPostProcessors(AbstractAutowireCapableBeanFactory.java:1302)
	at org.springframework.beans.factory.support.AbstractAutowireCapableBeanFactory.createBeanInstance(AbstractAutowireCapableBeanFactory.java:1219)
	at org.springframework.beans.factory.support.AbstractAutowireCapableBeanFactory.doCreateBean(AbstractAutowireCapableBeanFactory.java:582)
	at org.springframework.beans.factory.support.AbstractAutowireCapableBeanFactory.createBean(AbstractAutowireCapableBeanFactory.java:542)
	at org.springframework.beans.factory.support.AbstractBeanFactory.lambda$doGetBean$0(AbstractBeanFactory.java:335)
	at org.springframework.beans.factory.support.DefaultSingletonBeanRegistry.getSingleton(DefaultSingletonBeanRegistry.java:234)
	at org.springframework.beans.factory.support.AbstractBeanFactory.doGetBean(AbstractBeanFactory.java:333)
	at org.springframework.beans.factory.support.AbstractBeanFactory.getBean(AbstractBeanFactory.java:208)
	at org.springframework.beans.factory.config.DependencyDescriptor.resolveCandidate(DependencyDescriptor.java:276)
	at org.springframework.beans.factory.support.DefaultListableBeanFactory.doResolveDependency(DefaultListableBeanFactory.java:1380)
	at org.springframework.beans.factory.support.DefaultListableBeanFactory.resolveDependency(DefaultListableBeanFactory.java:1300)
	at org.springframework.beans.factory.support.ConstructorResolver.resolveAutowiredArgument(ConstructorResolver.java:887)
	at org.springframework.beans.factory.support.ConstructorResolver.createArgumentArray(ConstructorResolver.java:791)
	... 68 common frames omitted
Caused by: java.lang.IllegalStateException: Failed to introspect Class [ru.krey.games.handler.auth.AuthSuccessHandler] from ClassLoader [org.springframework.boot.devtools.restart.classloader.RestartClassLoader@721f07a9]
	at org.springframework.util.ReflectionUtils.getDeclaredMethods(ReflectionUtils.java:481)
	at org.springframework.util.ReflectionUtils.doWithLocalMethods(ReflectionUtils.java:321)
	at org.springframework.beans.factory.annotation.AutowiredAnnotationBeanPostProcessor.determineCandidateConstructors(AutowiredAnnotationBeanPostProcessor.java:267)
	... 81 common frames omitted
Caused by: java.lang.NoClassDefFoundError: ru/krey/games/error/NotFoundException
	at java.base/java.lang.Class.getDeclaredMethods0(Native Method)
	at java.base/java.lang.Class.privateGetDeclaredMethods(Class.java:3166)
	at java.base/java.lang.Class.getDeclaredMethods(Class.java:2309)
	at org.springframework.util.ReflectionUtils.getDeclaredMethods(ReflectionUtils.java:463)
	... 83 common frames omitted
Caused by: java.lang.ClassNotFoundException: ru.krey.games.error.NotFoundException
	at java.base/jdk.internal.loader.BuiltinClassLoader.loadClass(BuiltinClassLoader.java:581)
	at java.base/jdk.internal.loader.ClassLoaders$AppClassLoader.loadClass(ClassLoaders.java:178)
	at java.base/java.lang.ClassLoader.loadClass(ClassLoader.java:522)
	at java.base/java.lang.Class.forName0(Native Method)
	at java.base/java.lang.Class.forName(Class.java:398)
	at org.springframework.boot.devtools.restart.classloader.RestartClassLoader.loadClass(RestartClassLoader.java:145)
	at java.base/java.lang.ClassLoader.loadClass(ClassLoader.java:522)
	... 87 common frames omitted
2023-07-27 03:47:34,576 INFO [restartedMain] org.springframework.boot.StartupInfoLogger: Starting GamesApplication using Java 11.0.19 on kirill-ubuntu with PID 61800 (/home/kirill/projects/GamesProject/target/classes started by kirill in /home/kirill/projects/GamesProject)
2023-07-27 03:47:34,578 DEBUG [restartedMain] org.springframework.boot.StartupInfoLogger: Running with Spring Boot v2.6.1, Spring v5.3.13
2023-07-27 03:47:34,578 INFO [restartedMain] org.springframework.boot.SpringApplication: No active profile set, falling back to default profiles: default
2023-07-27 03:47:34,599 INFO [restartedMain] org.springframework.boot.logging.DeferredLog: Devtools property defaults active! Set 'spring.devtools.add-properties' to 'false' to disable
2023-07-27 03:47:34,600 INFO [restartedMain] org.springframework.boot.logging.DeferredLog: For additional web related logging consider setting the 'logging.level.web' property to 'DEBUG'
2023-07-27 03:47:34,895 INFO [restartedMain] org.springframework.data.repository.config.RepositoryConfigurationDelegate: Bootstrapping Spring Data JDBC repositories in DEFAULT mode.
2023-07-27 03:47:34,903 INFO [restartedMain] org.springframework.data.repository.config.RepositoryConfigurationDelegate: Finished Spring Data repository scanning in 5 ms. Found 0 JDBC repository interfaces.
2023-07-27 03:47:35,266 INFO [restartedMain] org.springframework.boot.web.embedded.tomcat.TomcatWebServer: Tomcat initialized with port(s): 8080 (http)
2023-07-27 03:47:35,270 INFO [restartedMain] org.apache.juli.logging.DirectJDKLog: Initializing ProtocolHandler ["http-nio-8080"]
2023-07-27 03:47:35,270 INFO [restartedMain] org.apache.juli.logging.DirectJDKLog: Starting service [Tomcat]
2023-07-27 03:47:35,270 INFO [restartedMain] org.apache.juli.logging.DirectJDKLog: Starting Servlet engine: [Apache Tomcat/9.0.55]
2023-07-27 03:47:35,291 INFO [restartedMain] org.apache.juli.logging.DirectJDKLog: Initializing Spring embedded WebApplicationContext
2023-07-27 03:47:35,291 INFO [restartedMain] org.springframework.boot.web.servlet.context.ServletWebServerApplicationContext: Root WebApplicationContext: initialization completed in 691 ms
2023-07-27 03:47:35,331 DEBUG [restartedMain] org.springframework.web.filter.GenericFilterBean: Filter 'authenticationFilter' configured for use
2023-07-27 03:47:35,431 INFO [restartedMain] org.springframework.security.web.DefaultSecurityFilterChain: Will secure any request with [org.springframework.security.web.context.request.async.WebAsyncManagerIntegrationFilter@37f59413, org.springframework.security.web.context.SecurityContextPersistenceFilter@71f5beaa, org.springframework.security.web.header.HeaderWriterFilter@1557470e, org.springframework.security.web.authentication.logout.LogoutFilter@76ab1b60, org.springframework.security.web.authentication.UsernamePasswordAuthenticationFilter@427cab35, org.springframework.security.web.session.ConcurrentSessionFilter@1f7db90b, org.springframework.security.web.savedrequest.RequestCacheAwareFilter@5a068119, org.springframework.security.web.servletapi.SecurityContextHolderAwareRequestFilter@4ef1a3b5, org.springframework.security.web.authentication.AnonymousAuthenticationFilter@c2fcc63, org.springframework.security.web.session.SessionManagementFilter@772deaca, org.springframework.security.web.access.ExceptionTranslationFilter@5d338aef, org.springframework.security.web.access.intercept.FilterSecurityInterceptor@4ae383c1]
2023-07-27 03:47:35,433 INFO [restartedMain] org.springframework.security.web.DefaultSecurityFilterChain: Will secure Ant [pattern='/static/**'] with []
2023-07-27 03:47:35,433 INFO [restartedMain] org.springframework.security.web.DefaultSecurityFilterChain: Will secure Ant [pattern='/js/**'] with []
2023-07-27 03:47:35,434 INFO [restartedMain] org.springframework.security.web.DefaultSecurityFilterChain: Will secure Ant [pattern='/css/**'] with []
2023-07-27 03:47:35,434 INFO [restartedMain] org.springframework.security.web.DefaultSecurityFilterChain: Will secure Ant [pattern='/images/**'] with []
2023-07-27 03:47:35,434 INFO [restartedMain] org.springframework.security.web.DefaultSecurityFilterChain: Will secure Ant [pattern='/favicon.ico'] with []
2023-07-27 03:47:35,954 INFO [restartedMain] org.springframework.boot.devtools.autoconfigure.OptionalLiveReloadServer: LiveReload server is running on port 35729
2023-07-27 03:47:35,964 INFO [restartedMain] org.apache.juli.logging.DirectJDKLog: Starting ProtocolHandler ["http-nio-8080"]
2023-07-27 03:47:35,969 INFO [restartedMain] org.springframework.boot.web.embedded.tomcat.TomcatWebServer: Tomcat started on port(s): 8080 (http) with context path ''
2023-07-27 03:47:35,970 INFO [restartedMain] org.springframework.core.log.CompositeLog: Starting...
2023-07-27 03:47:35,970 INFO [restartedMain] org.springframework.core.log.CompositeLog: BrokerAvailabilityEvent[available=true, SimpleBrokerMessageHandler [org.springframework.messaging.simp.broker.DefaultSubscriptionRegistry@46dcc4ad]]
2023-07-27 03:47:35,970 INFO [restartedMain] org.springframework.core.log.CompositeLog: Started.
2023-07-27 03:47:35,978 INFO [restartedMain] org.springframework.boot.StartupInfoLogger: Started GamesApplication in 1.551 seconds (JVM running for 1.861)
2023-07-27 03:47:54,637 INFO [Thread-5] org.springframework.core.log.CompositeLog: Stopping...
2023-07-27 03:47:54,637 INFO [Thread-5] org.springframework.core.log.CompositeLog: BrokerAvailabilityEvent[available=false, SimpleBrokerMessageHandler [org.springframework.messaging.simp.broker.DefaultSubscriptionRegistry@46dcc4ad]]
2023-07-27 03:47:54,637 INFO [Thread-5] org.springframework.core.log.CompositeLog: Stopped.
2023-07-27 03:47:54,687 INFO [restartedMain] org.springframework.boot.StartupInfoLogger: Starting GamesApplication using Java 11.0.19 on kirill-ubuntu with PID 61800 (/home/kirill/projects/GamesProject/target/classes started by kirill in /home/kirill/projects/GamesProject)
2023-07-27 03:47:54,687 DEBUG [restartedMain] org.springframework.boot.StartupInfoLogger: Running with Spring Boot v2.6.1, Spring v5.3.13
2023-07-27 03:47:54,687 INFO [restartedMain] org.springframework.boot.SpringApplication: No active profile set, falling back to default profiles: default
2023-07-27 03:47:54,775 INFO [restartedMain] org.springframework.data.repository.config.RepositoryConfigurationDelegate: Bootstrapping Spring Data JDBC repositories in DEFAULT mode.
2023-07-27 03:47:54,778 INFO [restartedMain] org.springframework.data.repository.config.RepositoryConfigurationDelegate: Finished Spring Data repository scanning in 3 ms. Found 0 JDBC repository interfaces.
2023-07-27 03:47:54,874 INFO [restartedMain] org.springframework.boot.web.embedded.tomcat.TomcatWebServer: Tomcat initialized with port(s): 8080 (http)
2023-07-27 03:47:54,874 INFO [restartedMain] org.apache.juli.logging.DirectJDKLog: Initializing ProtocolHandler ["http-nio-8080"]
2023-07-27 03:47:54,874 INFO [restartedMain] org.apache.juli.logging.DirectJDKLog: Starting service [Tomcat]
2023-07-27 03:47:54,875 INFO [restartedMain] org.apache.juli.logging.DirectJDKLog: Starting Servlet engine: [Apache Tomcat/9.0.55]
2023-07-27 03:47:54,878 INFO [restartedMain] org.apache.juli.logging.DirectJDKLog: Initializing Spring embedded WebApplicationContext
2023-07-27 03:47:54,878 INFO [restartedMain] org.springframework.boot.web.servlet.context.ServletWebServerApplicationContext: Root WebApplicationContext: initialization completed in 190 ms
2023-07-27 03:47:54,895 DEBUG [restartedMain] org.springframework.web.filter.GenericFilterBean: Filter 'authenticationFilter' configured for use
2023-07-27 03:47:54,925 INFO [restartedMain] org.springframework.security.web.DefaultSecurityFilterChain: Will secure any request with [org.springframework.security.web.context.request.async.WebAsyncManagerIntegrationFilter@6f1aa329, org.springframework.security.web.context.SecurityContextPersistenceFilter@75abc946, org.springframework.security.web.header.HeaderWriterFilter@b3bf646, org.springframework.security.web.authentication.logout.LogoutFilter@77f6537f, org.springframework.security.web.authentication.UsernamePasswordAuthenticationFilter@55c7c8b1, org.springframework.security.web.session.ConcurrentSessionFilter@29f84e66, org.springframework.security.web.savedrequest.RequestCacheAwareFilter@21769873, org.springframework.security.web.servletapi.SecurityContextHolderAwareRequestFilter@37dca3b4, org.springframework.security.web.authentication.AnonymousAuthenticationFilter@15c59d5b, org.springframework.security.web.session.SessionManagementFilter@823c3fa, org.springframework.security.web.access.ExceptionTranslationFilter@60679d12, org.springframework.security.web.access.intercept.FilterSecurityInterceptor@205828a]
2023-07-27 03:47:54,927 INFO [restartedMain] org.springframework.security.web.DefaultSecurityFilterChain: Will secure Ant [pattern='/static/**'] with []
2023-07-27 03:47:54,927 INFO [restartedMain] org.springframework.security.web.DefaultSecurityFilterChain: Will secure Ant [pattern='/js/**'] with []
2023-07-27 03:47:54,927 INFO [restartedMain] org.springframework.security.web.DefaultSecurityFilterChain: Will secure Ant [pattern='/css/**'] with []
2023-07-27 03:47:54,927 INFO [restartedMain] org.springframework.security.web.DefaultSecurityFilterChain: Will secure Ant [pattern='/images/**'] with []
2023-07-27 03:47:54,927 INFO [restartedMain] org.springframework.security.web.DefaultSecurityFilterChain: Will secure Ant [pattern='/favicon.ico'] with []
2023-07-27 03:47:54,997 INFO [restartedMain] org.springframework.boot.devtools.autoconfigure.OptionalLiveReloadServer: LiveReload server is running on port 35729
2023-07-27 03:47:55,002 INFO [restartedMain] org.apache.juli.logging.DirectJDKLog: Starting ProtocolHandler ["http-nio-8080"]
2023-07-27 03:47:55,002 INFO [restartedMain] org.springframework.boot.web.embedded.tomcat.TomcatWebServer: Tomcat started on port(s): 8080 (http) with context path ''
2023-07-27 03:47:55,003 INFO [restartedMain] org.springframework.core.log.CompositeLog: Starting...
2023-07-27 03:47:55,003 INFO [restartedMain] org.springframework.core.log.CompositeLog: BrokerAvailabilityEvent[available=true, SimpleBrokerMessageHandler [org.springframework.messaging.simp.broker.DefaultSubscriptionRegistry@453736d7]]
2023-07-27 03:47:55,003 INFO [restartedMain] org.springframework.core.log.CompositeLog: Started.
2023-07-27 03:47:55,005 INFO [restartedMain] org.springframework.boot.StartupInfoLogger: Started GamesApplication in 0.333 seconds (JVM running for 20.889)
2023-07-27 03:47:55,006 INFO [restartedMain] org.springframework.boot.devtools.autoconfigure.ConditionEvaluationDeltaLoggingListener: Condition evaluation unchanged
2023-07-27 03:48:54,949 INFO [MessageBroker-10] org.springframework.web.socket.config.WebSocketMessageBrokerStats: WebSocketSession[0 current WS(0)-HttpStream(0)-HttpPoll(0), 0 total, 0 closed abnormally (0 connect failure, 0 send limit, 0 transport error)], stompSubProtocol[processed CONNECT(0)-CONNECTED(0)-DISCONNECT(0)], stompBrokerRelay[null], inboundChannel[pool size = 0, active threads = 0, queued tasks = 0, completed tasks = 0], outboundChannel[pool size = 0, active threads = 0, queued tasks = 0, completed tasks = 0], sockJsScheduler[pool size = 16, active threads = 1, queued tasks = 3, completed tasks = 672]
2023-07-27 03:50:30,477 INFO [Thread-7] org.springframework.core.log.CompositeLog: Stopping...
2023-07-27 03:50:30,477 INFO [Thread-7] org.springframework.core.log.CompositeLog: BrokerAvailabilityEvent[available=false, SimpleBrokerMessageHandler [org.springframework.messaging.simp.broker.DefaultSubscriptionRegistry@453736d7]]
2023-07-27 03:50:30,477 INFO [Thread-7] org.springframework.core.log.CompositeLog: Stopped.
2023-07-27 03:50:30,514 INFO [restartedMain] org.springframework.boot.StartupInfoLogger: Starting GamesApplication using Java 11.0.19 on kirill-ubuntu with PID 61800 (/home/kirill/projects/GamesProject/target/classes started by kirill in /home/kirill/projects/GamesProject)
2023-07-27 03:50:30,514 DEBUG [restartedMain] org.springframework.boot.StartupInfoLogger: Running with Spring Boot v2.6.1, Spring v5.3.13
2023-07-27 03:50:30,514 INFO [restartedMain] org.springframework.boot.SpringApplication: No active profile set, falling back to default profiles: default
2023-07-27 03:50:30,587 INFO [restartedMain] org.springframework.data.repository.config.RepositoryConfigurationDelegate: Bootstrapping Spring Data JDBC repositories in DEFAULT mode.
2023-07-27 03:50:30,591 INFO [restartedMain] org.springframework.data.repository.config.RepositoryConfigurationDelegate: Finished Spring Data repository scanning in 3 ms. Found 0 JDBC repository interfaces.
2023-07-27 03:50:30,624 WARN [restartedMain] org.springframework.context.support.AbstractApplicationContext: Exception encountered during context initialization - cancelling refresh attempt: org.springframework.context.ApplicationContextException: Unable to start web server; nested exception is org.springframework.beans.factory.BeanCreationException: Error creating bean with name 'tomcatServletWebServerFactory' defined in class path resource [org/springframework/boot/autoconfigure/web/servlet/ServletWebServerFactoryConfiguration$EmbeddedTomcat.class]: Initialization of bean failed; nested exception is org.springframework.beans.factory.UnsatisfiedDependencyException: Error creating bean with name 'webMvcConfig' defined in file [/home/kirill/projects/GamesProject/target/classes/ru/krey/games/config/WebMvcConfig.class]: Unsatisfied dependency expressed through constructor parameter 0; nested exception is org.springframework.beans.factory.UnsatisfiedDependencyException: Error creating bean with name 'tttMoveDtoToTttMoveConverter' defined in file [/home/kirill/projects/GamesProject/target/classes/ru/krey/games/dto/converter/TttMoveDtoToTttMoveConverter.class]: Unsatisfied dependency expressed through constructor parameter 0; nested exception is org.springframework.beans.factory.UnsatisfiedDependencyException: Error creating bean with name 'playerJdbcTemplate' defined in file [/home/kirill/projects/GamesProject/target/classes/ru/krey/games/dao/PlayerJdbcTemplate.class]: Unsatisfied dependency expressed through constructor parameter 0; nested exception is org.springframework.beans.factory.UnsatisfiedDependencyException: Error creating bean with name 'dataSourceScriptDatabaseInitializer' defined in class path resource [org/springframework/boot/autoconfigure/sql/init/DataSourceInitializationConfiguration.class]: Unsatisfied dependency expressed through method 'dataSourceScriptDatabaseInitializer' parameter 0; nested exception is org.springframework.beans.factory.BeanCreationException: Error creating bean with name 'postgresqlDataSource' defined in class path resource [ru/krey/games/config/SpringJdbcConfig.class]: Bean instantiation via factory method failed; nested exception is org.springframework.beans.BeanInstantiationException: Failed to instantiate [javax.sql.DataSource]: Factory method 'postgresqlDataSource' threw exception; nested exception is java.lang.NullPointerException
2023-07-27 03:50:30,627 INFO [restartedMain] org.springframework.boot.autoconfigure.logging.ConditionEvaluationReportLoggingListener: 

Error starting ApplicationContext. To display the conditions report re-run your application with 'debug' enabled.
2023-07-27 03:50:30,635 ERROR [restartedMain] org.springframework.boot.SpringApplication: Application run failed
org.springframework.context.ApplicationContextException: Unable to start web server; nested exception is org.springframework.beans.factory.BeanCreationException: Error creating bean with name 'tomcatServletWebServerFactory' defined in class path resource [org/springframework/boot/autoconfigure/web/servlet/ServletWebServerFactoryConfiguration$EmbeddedTomcat.class]: Initialization of bean failed; nested exception is org.springframework.beans.factory.UnsatisfiedDependencyException: Error creating bean with name 'webMvcConfig' defined in file [/home/kirill/projects/GamesProject/target/classes/ru/krey/games/config/WebMvcConfig.class]: Unsatisfied dependency expressed through constructor parameter 0; nested exception is org.springframework.beans.factory.UnsatisfiedDependencyException: Error creating bean with name 'tttMoveDtoToTttMoveConverter' defined in file [/home/kirill/projects/GamesProject/target/classes/ru/krey/games/dto/converter/TttMoveDtoToTttMoveConverter.class]: Unsatisfied dependency expressed through constructor parameter 0; nested exception is org.springframework.beans.factory.UnsatisfiedDependencyException: Error creating bean with name 'playerJdbcTemplate' defined in file [/home/kirill/projects/GamesProject/target/classes/ru/krey/games/dao/PlayerJdbcTemplate.class]: Unsatisfied dependency expressed through constructor parameter 0; nested exception is org.springframework.beans.factory.UnsatisfiedDependencyException: Error creating bean with name 'dataSourceScriptDatabaseInitializer' defined in class path resource [org/springframework/boot/autoconfigure/sql/init/DataSourceInitializationConfiguration.class]: Unsatisfied dependency expressed through method 'dataSourceScriptDatabaseInitializer' parameter 0; nested exception is org.springframework.beans.factory.BeanCreationException: Error creating bean with name 'postgresqlDataSource' defined in class path resource [ru/krey/games/config/SpringJdbcConfig.class]: Bean instantiation via factory method failed; nested exception is org.springframework.beans.BeanInstantiationException: Failed to instantiate [javax.sql.DataSource]: Factory method 'postgresqlDataSource' threw exception; nested exception is java.lang.NullPointerException
	at org.springframework.boot.web.servlet.context.ServletWebServerApplicationContext.onRefresh(ServletWebServerApplicationContext.java:163)
	at org.springframework.context.support.AbstractApplicationContext.refresh(AbstractApplicationContext.java:577)
	at org.springframework.boot.web.servlet.context.ServletWebServerApplicationContext.refresh(ServletWebServerApplicationContext.java:145)
	at org.springframework.boot.SpringApplication.refresh(SpringApplication.java:730)
	at org.springframework.boot.SpringApplication.refreshContext(SpringApplication.java:412)
	at org.springframework.boot.SpringApplication.run(SpringApplication.java:302)
	at org.springframework.boot.SpringApplication.run(SpringApplication.java:1301)
	at org.springframework.boot.SpringApplication.run(SpringApplication.java:1290)
	at ru.krey.games.GamesApplication.main(GamesApplication.java:12)
	at java.base/jdk.internal.reflect.NativeMethodAccessorImpl.invoke0(Native Method)
	at java.base/jdk.internal.reflect.NativeMethodAccessorImpl.invoke(NativeMethodAccessorImpl.java:62)
	at java.base/jdk.internal.reflect.DelegatingMethodAccessorImpl.invoke(DelegatingMethodAccessorImpl.java:43)
	at java.base/java.lang.reflect.Method.invoke(Method.java:566)
	at org.springframework.boot.devtools.restart.RestartLauncher.run(RestartLauncher.java:49)
Caused by: org.springframework.beans.factory.BeanCreationException: Error creating bean with name 'tomcatServletWebServerFactory' defined in class path resource [org/springframework/boot/autoconfigure/web/servlet/ServletWebServerFactoryConfiguration$EmbeddedTomcat.class]: Initialization of bean failed; nested exception is org.springframework.beans.factory.UnsatisfiedDependencyException: Error creating bean with name 'webMvcConfig' defined in file [/home/kirill/projects/GamesProject/target/classes/ru/krey/games/config/WebMvcConfig.class]: Unsatisfied dependency expressed through constructor parameter 0; nested exception is org.springframework.beans.factory.UnsatisfiedDependencyException: Error creating bean with name 'tttMoveDtoToTttMoveConverter' defined in file [/home/kirill/projects/GamesProject/target/classes/ru/krey/games/dto/converter/TttMoveDtoToTttMoveConverter.class]: Unsatisfied dependency expressed through constructor parameter 0; nested exception is org.springframework.beans.factory.UnsatisfiedDependencyException: Error creating bean with name 'playerJdbcTemplate' defined in file [/home/kirill/projects/GamesProject/target/classes/ru/krey/games/dao/PlayerJdbcTemplate.class]: Unsatisfied dependency expressed through constructor parameter 0; nested exception is org.springframework.beans.factory.UnsatisfiedDependencyException: Error creating bean with name 'dataSourceScriptDatabaseInitializer' defined in class path resource [org/springframework/boot/autoconfigure/sql/init/DataSourceInitializationConfiguration.class]: Unsatisfied dependency expressed through method 'dataSourceScriptDatabaseInitializer' parameter 0; nested exception is org.springframework.beans.factory.BeanCreationException: Error creating bean with name 'postgresqlDataSource' defined in class path resource [ru/krey/games/config/SpringJdbcConfig.class]: Bean instantiation via factory method failed; nested exception is org.springframework.beans.BeanInstantiationException: Failed to instantiate [javax.sql.DataSource]: Factory method 'postgresqlDataSource' threw exception; nested exception is java.lang.NullPointerException
	at org.springframework.beans.factory.support.AbstractAutowireCapableBeanFactory.doCreateBean(AbstractAutowireCapableBeanFactory.java:628)
	at org.springframework.beans.factory.support.AbstractAutowireCapableBeanFactory.createBean(AbstractAutowireCapableBeanFactory.java:542)
	at org.springframework.beans.factory.support.AbstractBeanFactory.lambda$doGetBean$0(AbstractBeanFactory.java:335)
	at org.springframework.beans.factory.support.DefaultSingletonBeanRegistry.getSingleton(DefaultSingletonBeanRegistry.java:234)
	at org.springframework.beans.factory.support.AbstractBeanFactory.doGetBean(AbstractBeanFactory.java:333)
	at org.springframework.beans.factory.support.AbstractBeanFactory.getBean(AbstractBeanFactory.java:213)
	at org.springframework.boot.web.servlet.context.ServletWebServerApplicationContext.getWebServerFactory(ServletWebServerApplicationContext.java:217)
	at org.springframework.boot.web.servlet.context.ServletWebServerApplicationContext.createWebServer(ServletWebServerApplicationContext.java:180)
	at org.springframework.boot.web.servlet.context.ServletWebServerApplicationContext.onRefresh(ServletWebServerApplicationContext.java:160)
	... 13 common frames omitted
Caused by: org.springframework.beans.factory.UnsatisfiedDependencyException: Error creating bean with name 'webMvcConfig' defined in file [/home/kirill/projects/GamesProject/target/classes/ru/krey/games/config/WebMvcConfig.class]: Unsatisfied dependency expressed through constructor parameter 0; nested exception is org.springframework.beans.factory.UnsatisfiedDependencyException: Error creating bean with name 'tttMoveDtoToTttMoveConverter' defined in file [/home/kirill/projects/GamesProject/target/classes/ru/krey/games/dto/converter/TttMoveDtoToTttMoveConverter.class]: Unsatisfied dependency expressed through constructor parameter 0; nested exception is org.springframework.beans.factory.UnsatisfiedDependencyException: Error creating bean with name 'playerJdbcTemplate' defined in file [/home/kirill/projects/GamesProject/target/classes/ru/krey/games/dao/PlayerJdbcTemplate.class]: Unsatisfied dependency expressed through constructor parameter 0; nested exception is org.springframework.beans.factory.UnsatisfiedDependencyException: Error creating bean with name 'dataSourceScriptDatabaseInitializer' defined in class path resource [org/springframework/boot/autoconfigure/sql/init/DataSourceInitializationConfiguration.class]: Unsatisfied dependency expressed through method 'dataSourceScriptDatabaseInitializer' parameter 0; nested exception is org.springframework.beans.factory.BeanCreationException: Error creating bean with name 'postgresqlDataSource' defined in class path resource [ru/krey/games/config/SpringJdbcConfig.class]: Bean instantiation via factory method failed; nested exception is org.springframework.beans.BeanInstantiationException: Failed to instantiate [javax.sql.DataSource]: Factory method 'postgresqlDataSource' threw exception; nested exception is java.lang.NullPointerException
	at org.springframework.beans.factory.support.ConstructorResolver.createArgumentArray(ConstructorResolver.java:800)
	at org.springframework.beans.factory.support.ConstructorResolver.autowireConstructor(ConstructorResolver.java:229)
	at org.springframework.beans.factory.support.AbstractAutowireCapableBeanFactory.autowireConstructor(AbstractAutowireCapableBeanFactory.java:1372)
	at org.springframework.beans.factory.support.AbstractAutowireCapableBeanFactory.createBeanInstance(AbstractAutowireCapableBeanFactory.java:1222)
	at org.springframework.beans.factory.support.AbstractAutowireCapableBeanFactory.doCreateBean(AbstractAutowireCapableBeanFactory.java:582)
	at org.springframework.beans.factory.support.AbstractAutowireCapableBeanFactory.createBean(AbstractAutowireCapableBeanFactory.java:542)
	at org.springframework.beans.factory.support.AbstractBeanFactory.lambda$doGetBean$0(AbstractBeanFactory.java:335)
	at org.springframework.beans.factory.support.DefaultSingletonBeanRegistry.getSingleton(DefaultSingletonBeanRegistry.java:234)
	at org.springframework.beans.factory.support.AbstractBeanFactory.doGetBean(AbstractBeanFactory.java:333)
	at org.springframework.beans.factory.support.AbstractBeanFactory.getBean(AbstractBeanFactory.java:208)
	at org.springframework.beans.factory.support.ConstructorResolver.instantiateUsingFactoryMethod(ConstructorResolver.java:410)
	at org.springframework.beans.factory.support.AbstractAutowireCapableBeanFactory.instantiateUsingFactoryMethod(AbstractAutowireCapableBeanFactory.java:1352)
	at org.springframework.beans.factory.support.AbstractAutowireCapableBeanFactory.createBeanInstance(AbstractAutowireCapableBeanFactory.java:1195)
	at org.springframework.beans.factory.support.AbstractAutowireCapableBeanFactory.doCreateBean(AbstractAutowireCapableBeanFactory.java:582)
	at org.springframework.beans.factory.support.AbstractAutowireCapableBeanFactory.createBean(AbstractAutowireCapableBeanFactory.java:542)
	at org.springframework.beans.factory.support.AbstractBeanFactory.lambda$doGetBean$0(AbstractBeanFactory.java:335)
	at org.springframework.beans.factory.support.DefaultSingletonBeanRegistry.getSingleton(DefaultSingletonBeanRegistry.java:234)
	at org.springframework.beans.factory.support.AbstractBeanFactory.doGetBean(AbstractBeanFactory.java:333)
	at org.springframework.beans.factory.support.AbstractBeanFactory.getBean(AbstractBeanFactory.java:208)
	at org.springframework.beans.factory.support.DefaultListableBeanFactory.getBeansOfType(DefaultListableBeanFactory.java:671)
	at org.springframework.boot.web.server.WebServerFactoryCustomizerBeanPostProcessor.getWebServerFactoryCustomizerBeans(WebServerFactoryCustomizerBeanPostProcessor.java:87)
	at org.springframework.boot.web.server.WebServerFactoryCustomizerBeanPostProcessor.getCustomizers(WebServerFactoryCustomizerBeanPostProcessor.java:78)
	at org.springframework.boot.web.server.WebServerFactoryCustomizerBeanPostProcessor.postProcessBeforeInitialization(WebServerFactoryCustomizerBeanPostProcessor.java:70)
	at org.springframework.boot.web.server.WebServerFactoryCustomizerBeanPostProcessor.postProcessBeforeInitialization(WebServerFactoryCustomizerBeanPostProcessor.java:58)
	at org.springframework.beans.factory.support.AbstractAutowireCapableBeanFactory.applyBeanPostProcessorsBeforeInitialization(AbstractAutowireCapableBeanFactory.java:440)
	at org.springframework.beans.factory.support.AbstractAutowireCapableBeanFactory.initializeBean(AbstractAutowireCapableBeanFactory.java:1796)
	at org.springframework.beans.factory.support.AbstractAutowireCapableBeanFactory.doCreateBean(AbstractAutowireCapableBeanFactory.java:620)
	... 21 common frames omitted
Caused by: org.springframework.beans.factory.UnsatisfiedDependencyException: Error creating bean with name 'tttMoveDtoToTttMoveConverter' defined in file [/home/kirill/projects/GamesProject/target/classes/ru/krey/games/dto/converter/TttMoveDtoToTttMoveConverter.class]: Unsatisfied dependency expressed through constructor parameter 0; nested exception is org.springframework.beans.factory.UnsatisfiedDependencyException: Error creating bean with name 'playerJdbcTemplate' defined in file [/home/kirill/projects/GamesProject/target/classes/ru/krey/games/dao/PlayerJdbcTemplate.class]: Unsatisfied dependency expressed through constructor parameter 0; nested exception is org.springframework.beans.factory.UnsatisfiedDependencyException: Error creating bean with name 'dataSourceScriptDatabaseInitializer' defined in class path resource [org/springframework/boot/autoconfigure/sql/init/DataSourceInitializationConfiguration.class]: Unsatisfied dependency expressed through method 'dataSourceScriptDatabaseInitializer' parameter 0; nested exception is org.springframework.beans.factory.BeanCreationException: Error creating bean with name 'postgresqlDataSource' defined in class path resource [ru/krey/games/config/SpringJdbcConfig.class]: Bean instantiation via factory method failed; nested exception is org.springframework.beans.BeanInstantiationException: Failed to instantiate [javax.sql.DataSource]: Factory method 'postgresqlDataSource' threw exception; nested exception is java.lang.NullPointerException
	at org.springframework.beans.factory.support.ConstructorResolver.createArgumentArray(ConstructorResolver.java:800)
	at org.springframework.beans.factory.support.ConstructorResolver.autowireConstructor(ConstructorResolver.java:229)
	at org.springframework.beans.factory.support.AbstractAutowireCapableBeanFactory.autowireConstructor(AbstractAutowireCapableBeanFactory.java:1372)
	at org.springframework.beans.factory.support.AbstractAutowireCapableBeanFactory.createBeanInstance(AbstractAutowireCapableBeanFactory.java:1222)
	at org.springframework.beans.factory.support.AbstractAutowireCapableBeanFactory.doCreateBean(AbstractAutowireCapableBeanFactory.java:582)
	at org.springframework.beans.factory.support.AbstractAutowireCapableBeanFactory.createBean(AbstractAutowireCapableBeanFactory.java:542)
	at org.springframework.beans.factory.support.AbstractBeanFactory.lambda$doGetBean$0(AbstractBeanFactory.java:335)
	at org.springframework.beans.factory.support.DefaultSingletonBeanRegistry.getSingleton(DefaultSingletonBeanRegistry.java:234)
	at org.springframework.beans.factory.support.AbstractBeanFactory.doGetBean(AbstractBeanFactory.java:333)
	at org.springframework.beans.factory.support.AbstractBeanFactory.getBean(AbstractBeanFactory.java:208)
	at org.springframework.beans.factory.config.DependencyDescriptor.resolveCandidate(DependencyDescriptor.java:276)
	at org.springframework.beans.factory.support.DefaultListableBeanFactory.doResolveDependency(DefaultListableBeanFactory.java:1380)
	at org.springframework.beans.factory.support.DefaultListableBeanFactory.resolveDependency(DefaultListableBeanFactory.java:1300)
	at org.springframework.beans.factory.support.ConstructorResolver.resolveAutowiredArgument(ConstructorResolver.java:887)
	at org.springframework.beans.factory.support.ConstructorResolver.createArgumentArray(ConstructorResolver.java:791)
	... 47 common frames omitted
Caused by: org.springframework.beans.factory.UnsatisfiedDependencyException: Error creating bean with name 'playerJdbcTemplate' defined in file [/home/kirill/projects/GamesProject/target/classes/ru/krey/games/dao/PlayerJdbcTemplate.class]: Unsatisfied dependency expressed through constructor parameter 0; nested exception is org.springframework.beans.factory.UnsatisfiedDependencyException: Error creating bean with name 'dataSourceScriptDatabaseInitializer' defined in class path resource [org/springframework/boot/autoconfigure/sql/init/DataSourceInitializationConfiguration.class]: Unsatisfied dependency expressed through method 'dataSourceScriptDatabaseInitializer' parameter 0; nested exception is org.springframework.beans.factory.BeanCreationException: Error creating bean with name 'postgresqlDataSource' defined in class path resource [ru/krey/games/config/SpringJdbcConfig.class]: Bean instantiation via factory method failed; nested exception is org.springframework.beans.BeanInstantiationException: Failed to instantiate [javax.sql.DataSource]: Factory method 'postgresqlDataSource' threw exception; nested exception is java.lang.NullPointerException
	at org.springframework.beans.factory.support.ConstructorResolver.createArgumentArray(ConstructorResolver.java:800)
	at org.springframework.beans.factory.support.ConstructorResolver.autowireConstructor(ConstructorResolver.java:229)
	at org.springframework.beans.factory.support.AbstractAutowireCapableBeanFactory.autowireConstructor(AbstractAutowireCapableBeanFactory.java:1372)
	at org.springframework.beans.factory.support.AbstractAutowireCapableBeanFactory.createBeanInstance(AbstractAutowireCapableBeanFactory.java:1222)
	at org.springframework.beans.factory.support.AbstractAutowireCapableBeanFactory.doCreateBean(AbstractAutowireCapableBeanFactory.java:582)
	at org.springframework.beans.factory.support.AbstractAutowireCapableBeanFactory.createBean(AbstractAutowireCapableBeanFactory.java:542)
	at org.springframework.beans.factory.support.AbstractBeanFactory.lambda$doGetBean$0(AbstractBeanFactory.java:335)
	at org.springframework.beans.factory.support.DefaultSingletonBeanRegistry.getSingleton(DefaultSingletonBeanRegistry.java:234)
	at org.springframework.beans.factory.support.AbstractBeanFactory.doGetBean(AbstractBeanFactory.java:333)
	at org.springframework.beans.factory.support.AbstractBeanFactory.getBean(AbstractBeanFactory.java:208)
	at org.springframework.beans.factory.config.DependencyDescriptor.resolveCandidate(DependencyDescriptor.java:276)
	at org.springframework.beans.factory.support.DefaultListableBeanFactory.doResolveDependency(DefaultListableBeanFactory.java:1380)
	at org.springframework.beans.factory.support.DefaultListableBeanFactory.resolveDependency(DefaultListableBeanFactory.java:1300)
	at org.springframework.beans.factory.support.ConstructorResolver.resolveAutowiredArgument(ConstructorResolver.java:887)
	at org.springframework.beans.factory.support.ConstructorResolver.createArgumentArray(ConstructorResolver.java:791)
	... 61 common frames omitted
Caused by: org.springframework.beans.factory.UnsatisfiedDependencyException: Error creating bean with name 'dataSourceScriptDatabaseInitializer' defined in class path resource [org/springframework/boot/autoconfigure/sql/init/DataSourceInitializationConfiguration.class]: Unsatisfied dependency expressed through method 'dataSourceScriptDatabaseInitializer' parameter 0; nested exception is org.springframework.beans.factory.BeanCreationException: Error creating bean with name 'postgresqlDataSource' defined in class path resource [ru/krey/games/config/SpringJdbcConfig.class]: Bean instantiation via factory method failed; nested exception is org.springframework.beans.BeanInstantiationException: Failed to instantiate [javax.sql.DataSource]: Factory method 'postgresqlDataSource' threw exception; nested exception is java.lang.NullPointerException
	at org.springframework.beans.factory.support.ConstructorResolver.createArgumentArray(ConstructorResolver.java:800)
	at org.springframework.beans.factory.support.ConstructorResolver.instantiateUsingFactoryMethod(ConstructorResolver.java:541)
	at org.springframework.beans.factory.support.AbstractAutowireCapableBeanFactory.instantiateUsingFactoryMethod(AbstractAutowireCapableBeanFactory.java:1352)
	at org.springframework.beans.factory.support.AbstractAutowireCapableBeanFactory.createBeanInstance(AbstractAutowireCapableBeanFactory.java:1195)
	at org.springframework.beans.factory.support.AbstractAutowireCapableBeanFactory.doCreateBean(AbstractAutowireCapableBeanFactory.java:582)
	at org.springframework.beans.factory.support.AbstractAutowireCapableBeanFactory.createBean(AbstractAutowireCapableBeanFactory.java:542)
	at org.springframework.beans.factory.support.AbstractBeanFactory.lambda$doGetBean$0(AbstractBeanFactory.java:335)
	at org.springframework.beans.factory.support.DefaultSingletonBeanRegistry.getSingleton(DefaultSingletonBeanRegistry.java:234)
	at org.springframework.beans.factory.support.AbstractBeanFactory.doGetBean(AbstractBeanFactory.java:333)
	at org.springframework.beans.factory.support.AbstractBeanFactory.getBean(AbstractBeanFactory.java:208)
	at org.springframework.beans.factory.support.AbstractBeanFactory.doGetBean(AbstractBeanFactory.java:322)
	at org.springframework.beans.factory.support.AbstractBeanFactory.getBean(AbstractBeanFactory.java:208)
	at org.springframework.beans.factory.config.DependencyDescriptor.resolveCandidate(DependencyDescriptor.java:276)
	at org.springframework.beans.factory.support.DefaultListableBeanFactory.doResolveDependency(DefaultListableBeanFactory.java:1380)
	at org.springframework.beans.factory.support.DefaultListableBeanFactory.resolveDependency(DefaultListableBeanFactory.java:1300)
	at org.springframework.beans.factory.support.ConstructorResolver.resolveAutowiredArgument(ConstructorResolver.java:887)
	at org.springframework.beans.factory.support.ConstructorResolver.createArgumentArray(ConstructorResolver.java:791)
	... 75 common frames omitted
Caused by: org.springframework.beans.factory.BeanCreationException: Error creating bean with name 'postgresqlDataSource' defined in class path resource [ru/krey/games/config/SpringJdbcConfig.class]: Bean instantiation via factory method failed; nested exception is org.springframework.beans.BeanInstantiationException: Failed to instantiate [javax.sql.DataSource]: Factory method 'postgresqlDataSource' threw exception; nested exception is java.lang.NullPointerException
	at org.springframework.beans.factory.support.ConstructorResolver.instantiate(ConstructorResolver.java:658)
	at org.springframework.beans.factory.support.ConstructorResolver.instantiateUsingFactoryMethod(ConstructorResolver.java:486)
	at org.springframework.beans.factory.support.AbstractAutowireCapableBeanFactory.instantiateUsingFactoryMethod(AbstractAutowireCapableBeanFactory.java:1352)
	at org.springframework.beans.factory.support.AbstractAutowireCapableBeanFactory.createBeanInstance(AbstractAutowireCapableBeanFactory.java:1195)
	at org.springframework.beans.factory.support.AbstractAutowireCapableBeanFactory.doCreateBean(AbstractAutowireCapableBeanFactory.java:582)
	at org.springframework.beans.factory.support.AbstractAutowireCapableBeanFactory.createBean(AbstractAutowireCapableBeanFactory.java:542)
	at org.springframework.beans.factory.support.AbstractBeanFactory.lambda$doGetBean$0(AbstractBeanFactory.java:335)
	at org.springframework.beans.factory.support.DefaultSingletonBeanRegistry.getSingleton(DefaultSingletonBeanRegistry.java:234)
	at org.springframework.beans.factory.support.AbstractBeanFactory.doGetBean(AbstractBeanFactory.java:333)
	at org.springframework.beans.factory.support.AbstractBeanFactory.getBean(AbstractBeanFactory.java:208)
	at org.springframework.beans.factory.config.DependencyDescriptor.resolveCandidate(DependencyDescriptor.java:276)
	at org.springframework.beans.factory.support.DefaultListableBeanFactory.doResolveDependency(DefaultListableBeanFactory.java:1380)
	at org.springframework.beans.factory.support.DefaultListableBeanFactory.resolveDependency(DefaultListableBeanFactory.java:1300)
	at org.springframework.beans.factory.support.ConstructorResolver.resolveAutowiredArgument(ConstructorResolver.java:887)
	at org.springframework.beans.factory.support.ConstructorResolver.createArgumentArray(ConstructorResolver.java:791)
	... 91 common frames omitted
Caused by: org.springframework.beans.BeanInstantiationException: Failed to instantiate [javax.sql.DataSource]: Factory method 'postgresqlDataSource' threw exception; nested exception is java.lang.NullPointerException
	at org.springframework.beans.factory.support.SimpleInstantiationStrategy.instantiate(SimpleInstantiationStrategy.java:185)
	at org.springframework.beans.factory.support.ConstructorResolver.instantiate(ConstructorResolver.java:653)
	... 105 common frames omitted
Caused by: java.lang.NullPointerException: null
	at java.base/java.util.Objects.requireNonNull(Objects.java:221)
	at ru.krey.games.config.SpringJdbcConfig.postgresqlDataSource(SpringJdbcConfig.java:24)
	at ru.krey.games.config.SpringJdbcConfig$$EnhancerBySpringCGLIB$$908b9601.CGLIB$postgresqlDataSource$0(<generated>)
	at ru.krey.games.config.SpringJdbcConfig$$EnhancerBySpringCGLIB$$908b9601$$FastClassBySpringCGLIB$$b69023d7.invoke(<generated>)
	at org.springframework.cglib.proxy.MethodProxy.invokeSuper(MethodProxy.java:244)
	at org.springframework.context.annotation.ConfigurationClassEnhancer$BeanMethodInterceptor.intercept(ConfigurationClassEnhancer.java:331)
	at ru.krey.games.config.SpringJdbcConfig$$EnhancerBySpringCGLIB$$908b9601.postgresqlDataSource(<generated>)
	at java.base/jdk.internal.reflect.NativeMethodAccessorImpl.invoke0(Native Method)
	at java.base/jdk.internal.reflect.NativeMethodAccessorImpl.invoke(NativeMethodAccessorImpl.java:62)
	at java.base/jdk.internal.reflect.DelegatingMethodAccessorImpl.invoke(DelegatingMethodAccessorImpl.java:43)
	at java.base/java.lang.reflect.Method.invoke(Method.java:566)
	at org.springframework.beans.factory.support.SimpleInstantiationStrategy.instantiate(SimpleInstantiationStrategy.java:154)
	... 106 common frames omitted
2023-07-27 03:50:32,404 INFO [restartedMain] org.springframework.boot.StartupInfoLogger: Starting GamesApplication using Java 11.0.19 on kirill-ubuntu with PID 61800 (/home/kirill/projects/GamesProject/target/classes started by kirill in /home/kirill/projects/GamesProject)
2023-07-27 03:50:32,405 DEBUG [restartedMain] org.springframework.boot.StartupInfoLogger: Running with Spring Boot v2.6.1, Spring v5.3.13
2023-07-27 03:50:32,405 INFO [restartedMain] org.springframework.boot.SpringApplication: No active profile set, falling back to default profiles: default
2023-07-27 03:50:32,471 INFO [restartedMain] org.springframework.data.repository.config.RepositoryConfigurationDelegate: Bootstrapping Spring Data JDBC repositories in DEFAULT mode.
2023-07-27 03:50:32,474 INFO [restartedMain] org.springframework.data.repository.config.RepositoryConfigurationDelegate: Finished Spring Data repository scanning in 2 ms. Found 0 JDBC repository interfaces.
2023-07-27 03:50:32,550 INFO [restartedMain] org.springframework.boot.web.embedded.tomcat.TomcatWebServer: Tomcat initialized with port(s): 8080 (http)
2023-07-27 03:50:32,550 INFO [restartedMain] org.apache.juli.logging.DirectJDKLog: Initializing ProtocolHandler ["http-nio-8080"]
2023-07-27 03:50:32,550 INFO [restartedMain] org.apache.juli.logging.DirectJDKLog: Starting service [Tomcat]
2023-07-27 03:50:32,550 INFO [restartedMain] org.apache.juli.logging.DirectJDKLog: Starting Servlet engine: [Apache Tomcat/9.0.55]
2023-07-27 03:50:32,553 INFO [restartedMain] org.apache.juli.logging.DirectJDKLog: Initializing Spring embedded WebApplicationContext
2023-07-27 03:50:32,553 INFO [restartedMain] org.springframework.boot.web.servlet.context.ServletWebServerApplicationContext: Root WebApplicationContext: initialization completed in 148 ms
2023-07-27 03:50:32,565 DEBUG [restartedMain] org.springframework.web.filter.GenericFilterBean: Filter 'authenticationFilter' configured for use
2023-07-27 03:50:32,588 INFO [restartedMain] org.springframework.security.web.DefaultSecurityFilterChain: Will secure any request with [org.springframework.security.web.context.request.async.WebAsyncManagerIntegrationFilter@57c31e4d, org.springframework.security.web.context.SecurityContextPersistenceFilter@e0fa4ca, org.springframework.security.web.header.HeaderWriterFilter@2d613fbb, org.springframework.security.web.authentication.logout.LogoutFilter@39f7fa08, org.springframework.security.web.authentication.UsernamePasswordAuthenticationFilter@353a70aa, org.springframework.security.web.session.ConcurrentSessionFilter@2662df16, org.springframework.security.web.savedrequest.RequestCacheAwareFilter@2ab7ce57, org.springframework.security.web.servletapi.SecurityContextHolderAwareRequestFilter@7a07c44a, org.springframework.security.web.authentication.AnonymousAuthenticationFilter@4154c8d1, org.springframework.security.web.session.SessionManagementFilter@1e99df34, org.springframework.security.web.access.ExceptionTranslationFilter@f94fa3a, org.springframework.security.web.access.intercept.FilterSecurityInterceptor@2b1a1354]
2023-07-27 03:50:32,590 INFO [restartedMain] org.springframework.security.web.DefaultSecurityFilterChain: Will secure Ant [pattern='/static/**'] with []
2023-07-27 03:50:32,590 INFO [restartedMain] org.springframework.security.web.DefaultSecurityFilterChain: Will secure Ant [pattern='/js/**'] with []
2023-07-27 03:50:32,590 INFO [restartedMain] org.springframework.security.web.DefaultSecurityFilterChain: Will secure Ant [pattern='/css/**'] with []
2023-07-27 03:50:32,590 INFO [restartedMain] org.springframework.security.web.DefaultSecurityFilterChain: Will secure Ant [pattern='/images/**'] with []
2023-07-27 03:50:32,590 INFO [restartedMain] org.springframework.security.web.DefaultSecurityFilterChain: Will secure Ant [pattern='/favicon.ico'] with []
2023-07-27 03:50:32,651 INFO [restartedMain] org.springframework.boot.devtools.autoconfigure.OptionalLiveReloadServer: LiveReload server is running on port 35729
2023-07-27 03:50:32,656 INFO [restartedMain] org.apache.juli.logging.DirectJDKLog: Starting ProtocolHandler ["http-nio-8080"]
2023-07-27 03:50:32,656 INFO [restartedMain] org.springframework.boot.web.embedded.tomcat.TomcatWebServer: Tomcat started on port(s): 8080 (http) with context path ''
2023-07-27 03:50:32,656 INFO [restartedMain] org.springframework.core.log.CompositeLog: Starting...
2023-07-27 03:50:32,656 INFO [restartedMain] org.springframework.core.log.CompositeLog: BrokerAvailabilityEvent[available=true, SimpleBrokerMessageHandler [org.springframework.messaging.simp.broker.DefaultSubscriptionRegistry@7eaed8e8]]
2023-07-27 03:50:32,657 INFO [restartedMain] org.springframework.core.log.CompositeLog: Started.
2023-07-27 03:50:32,659 INFO [restartedMain] org.springframework.boot.StartupInfoLogger: Started GamesApplication in 0.265 seconds (JVM running for 178.542)
2023-07-27 03:50:32,660 INFO [restartedMain] org.springframework.boot.devtools.autoconfigure.ConditionEvaluationDeltaLoggingListener: Condition evaluation unchanged
2023-07-27 03:50:44,329 INFO [SpringApplicationShutdownHook] org.springframework.core.log.CompositeLog: Stopping...
2023-07-27 03:50:44,330 INFO [SpringApplicationShutdownHook] org.springframework.core.log.CompositeLog: BrokerAvailabilityEvent[available=false, SimpleBrokerMessageHandler [org.springframework.messaging.simp.broker.DefaultSubscriptionRegistry@7eaed8e8]]
2023-07-27 03:50:44,330 INFO [SpringApplicationShutdownHook] org.springframework.core.log.CompositeLog: Stopped.
