2023-09-19 14:34:41,905 INFO [main] org.springframework.test.context.support.AbstractTestContextBootstrapper: Neither @ContextConfiguration nor @ContextHierarchy found for test class [ru.krey.games.GamesApplicationTests], using SpringBootContextLoader
2023-09-19 14:34:41,909 INFO [main] org.springframework.test.context.support.AbstractContextLoader: Could not detect default resource locations for test class [ru.krey.games.GamesApplicationTests]: no resource found for suffixes {-context.xml, Context.groovy}.
2023-09-19 14:34:41,910 INFO [main] org.springframework.test.context.support.AnnotationConfigContextLoaderUtils: Could not detect default configuration classes for test class [ru.krey.games.GamesApplicationTests]: GamesApplicationTests does not declare any static, non-private, non-final, nested classes annotated with @Configuration.
2023-09-19 14:34:41,957 INFO [main] org.springframework.boot.test.context.SpringBootTestContextBootstrapper: Found @SpringBootConfiguration ru.krey.games.GamesApplication for test class ru.krey.games.GamesApplicationTests
2023-09-19 14:34:41,994 INFO [main] org.springframework.test.context.support.AbstractTestContextBootstrapper: Loaded default TestExecutionListener class names from location [META-INF/spring.factories]: [org.springframework.boot.test.mock.mockito.MockitoTestExecutionListener, org.springframework.boot.test.mock.mockito.ResetMocksTestExecutionListener, org.springframework.boot.test.autoconfigure.restdocs.RestDocsTestExecutionListener, org.springframework.boot.test.autoconfigure.web.client.MockRestServiceServerResetTestExecutionListener, org.springframework.boot.test.autoconfigure.web.servlet.MockMvcPrintOnlyOnFailureTestExecutionListener, org.springframework.boot.test.autoconfigure.web.servlet.WebDriverTestExecutionListener, org.springframework.boot.test.autoconfigure.webservices.client.MockWebServiceServerTestExecutionListener, org.springframework.test.context.web.ServletTestExecutionListener, org.springframework.test.context.support.DirtiesContextBeforeModesTestExecutionListener, org.springframework.test.context.event.ApplicationEventsTestExecutionListener, org.springframework.test.context.support.DependencyInjectionTestExecutionListener, org.springframework.test.context.support.DirtiesContextTestExecutionListener, org.springframework.test.context.transaction.TransactionalTestExecutionListener, org.springframework.test.context.jdbc.SqlScriptsTestExecutionListener, org.springframework.test.context.event.EventPublishingTestExecutionListener]
2023-09-19 14:34:42,000 INFO [main] org.springframework.test.context.support.AbstractTestContextBootstrapper: Using TestExecutionListeners: [org.springframework.test.context.web.ServletTestExecutionListener@fade1fc, org.springframework.test.context.support.DirtiesContextBeforeModesTestExecutionListener@67c2e933, org.springframework.test.context.event.ApplicationEventsTestExecutionListener@41dd05a, org.springframework.boot.test.mock.mockito.MockitoTestExecutionListener@613a8ee1, org.springframework.boot.test.autoconfigure.SpringBootDependencyInjectionTestExecutionListener@178213b, org.springframework.test.context.support.DirtiesContextTestExecutionListener@7103cb56, org.springframework.test.context.transaction.TransactionalTestExecutionListener@1b765a2c, org.springframework.test.context.jdbc.SqlScriptsTestExecutionListener@2e8e8225, org.springframework.test.context.event.EventPublishingTestExecutionListener@6ebf0f36, org.springframework.boot.test.mock.mockito.ResetMocksTestExecutionListener@18920cc, org.springframework.boot.test.autoconfigure.restdocs.RestDocsTestExecutionListener@2807bdeb, org.springframework.boot.test.autoconfigure.web.client.MockRestServiceServerResetTestExecutionListener@72c28d64, org.springframework.boot.test.autoconfigure.web.servlet.MockMvcPrintOnlyOnFailureTestExecutionListener@6492fab5, org.springframework.boot.test.autoconfigure.web.servlet.WebDriverTestExecutionListener@2c5529ab, org.springframework.boot.test.autoconfigure.webservices.client.MockWebServiceServerTestExecutionListener@39a8312f]
2023-09-19 14:34:42,126 INFO [main] org.springframework.boot.StartupInfoLogger: Starting GamesApplicationTests using Java 17.0.8.1 on kirill-ubuntu with PID 50956 (started by kirill in /home/kirill/projects/GamesProject)
2023-09-19 14:34:42,127 DEBUG [main] org.springframework.boot.StartupInfoLogger: Running with Spring Boot v2.6.1, Spring v5.3.13
2023-09-19 14:34:42,127 INFO [main] org.springframework.boot.SpringApplication: No active profile set, falling back to default profiles: default
2023-09-19 14:34:42,427 INFO [main] org.springframework.data.repository.config.RepositoryConfigurationDelegate: Bootstrapping Spring Data JDBC repositories in DEFAULT mode.
2023-09-19 14:34:42,439 INFO [main] org.springframework.data.repository.config.RepositoryConfigurationDelegate: Finished Spring Data repository scanning in 10 ms. Found 0 JDBC repository interfaces.
2023-09-19 14:34:42,985 INFO [main] org.springframework.boot.web.embedded.tomcat.TomcatWebServer: Tomcat initialized with port(s): 0 (http)
2023-09-19 14:34:42,990 INFO [main] org.apache.juli.logging.DirectJDKLog: Initializing ProtocolHandler ["http-nio-auto-1"]
2023-09-19 14:34:42,991 INFO [main] org.apache.juli.logging.DirectJDKLog: Starting service [Tomcat]
2023-09-19 14:34:42,991 INFO [main] org.apache.juli.logging.DirectJDKLog: Starting Servlet engine: [Apache Tomcat/9.0.55]
2023-09-19 14:34:43,025 INFO [main] org.apache.juli.logging.DirectJDKLog: Initializing Spring embedded WebApplicationContext
2023-09-19 14:34:43,026 INFO [main] org.springframework.boot.web.servlet.context.ServletWebServerApplicationContext: Root WebApplicationContext: initialization completed in 888 ms
2023-09-19 14:34:43,108 DEBUG [main] org.springframework.web.filter.GenericFilterBean: Filter 'authenticationFilter' configured for use
2023-09-19 14:34:43,286 INFO [main] org.springframework.security.web.DefaultSecurityFilterChain: Will secure any request with [org.springframework.security.web.context.request.async.WebAsyncManagerIntegrationFilter@3be80ece, org.springframework.security.web.context.SecurityContextPersistenceFilter@5a06904, org.springframework.security.web.header.HeaderWriterFilter@23afc725, org.springframework.security.web.authentication.logout.LogoutFilter@37c2f0b4, org.springframework.security.web.authentication.UsernamePasswordAuthenticationFilter@45d389f2, org.springframework.security.web.session.ConcurrentSessionFilter@10dfa7ef, org.springframework.security.web.savedrequest.RequestCacheAwareFilter@7e848aea, org.springframework.security.web.servletapi.SecurityContextHolderAwareRequestFilter@786a3477, org.springframework.security.web.authentication.AnonymousAuthenticationFilter@60a01cb, org.springframework.security.web.session.SessionManagementFilter@2c34402, org.springframework.security.web.access.ExceptionTranslationFilter@14874a5d, org.springframework.security.web.access.intercept.FilterSecurityInterceptor@7eee6c13]
2023-09-19 14:34:43,290 INFO [main] org.springframework.security.web.DefaultSecurityFilterChain: Will secure Ant [pattern='/static/**'] with []
2023-09-19 14:34:43,291 INFO [main] org.springframework.security.web.DefaultSecurityFilterChain: Will secure Ant [pattern='/js/**'] with []
2023-09-19 14:34:43,291 INFO [main] org.springframework.security.web.DefaultSecurityFilterChain: Will secure Ant [pattern='/css/**'] with []
2023-09-19 14:34:43,291 INFO [main] org.springframework.security.web.DefaultSecurityFilterChain: Will secure Ant [pattern='/images/**'] with []
2023-09-19 14:34:43,291 INFO [main] org.springframework.security.web.DefaultSecurityFilterChain: Will secure Ant [pattern='/favicon.ico'] with []
2023-09-19 14:34:43,671 INFO [main] org.apache.juli.logging.DirectJDKLog: Starting ProtocolHandler ["http-nio-auto-1"]
2023-09-19 14:34:43,679 INFO [main] org.springframework.boot.web.embedded.tomcat.TomcatWebServer: Tomcat started on port(s): 33063 (http) with context path ''
2023-09-19 14:34:43,680 INFO [main] org.springframework.core.log.CompositeLog: Starting...
2023-09-19 14:34:43,681 INFO [main] org.springframework.core.log.CompositeLog: BrokerAvailabilityEvent[available=true, SimpleBrokerMessageHandler [org.springframework.messaging.simp.broker.DefaultSubscriptionRegistry@3dec79f8]]
2023-09-19 14:34:43,681 INFO [main] org.springframework.core.log.CompositeLog: Started.
2023-09-19 14:34:43,689 INFO [main] org.springframework.boot.StartupInfoLogger: Started GamesApplicationTests in 1.67 seconds (JVM running for 2.115)
2023-09-19 14:34:43,898 INFO [SpringApplicationShutdownHook] org.springframework.core.log.CompositeLog: Stopping...
2023-09-19 14:34:43,898 INFO [SpringApplicationShutdownHook] org.springframework.core.log.CompositeLog: BrokerAvailabilityEvent[available=false, SimpleBrokerMessageHandler [org.springframework.messaging.simp.broker.DefaultSubscriptionRegistry@3dec79f8]]
2023-09-19 14:34:43,898 INFO [SpringApplicationShutdownHook] org.springframework.core.log.CompositeLog: Stopped.
2023-09-19 14:36:36,401 INFO [main] org.springframework.test.context.support.AbstractTestContextBootstrapper: Neither @ContextConfiguration nor @ContextHierarchy found for test class [ru.krey.games.GamesApplicationTests], using SpringBootContextLoader
2023-09-19 14:36:36,404 INFO [main] org.springframework.test.context.support.AbstractContextLoader: Could not detect default resource locations for test class [ru.krey.games.GamesApplicationTests]: no resource found for suffixes {-context.xml, Context.groovy}.
2023-09-19 14:36:36,404 INFO [main] org.springframework.test.context.support.AnnotationConfigContextLoaderUtils: Could not detect default configuration classes for test class [ru.krey.games.GamesApplicationTests]: GamesApplicationTests does not declare any static, non-private, non-final, nested classes annotated with @Configuration.
2023-09-19 14:36:36,446 INFO [main] org.springframework.boot.test.context.SpringBootTestContextBootstrapper: Found @SpringBootConfiguration ru.krey.games.GamesApplication for test class ru.krey.games.GamesApplicationTests
2023-09-19 14:36:36,483 INFO [main] org.springframework.test.context.support.AbstractTestContextBootstrapper: Loaded default TestExecutionListener class names from location [META-INF/spring.factories]: [org.springframework.boot.test.mock.mockito.MockitoTestExecutionListener, org.springframework.boot.test.mock.mockito.ResetMocksTestExecutionListener, org.springframework.boot.test.autoconfigure.restdocs.RestDocsTestExecutionListener, org.springframework.boot.test.autoconfigure.web.client.MockRestServiceServerResetTestExecutionListener, org.springframework.boot.test.autoconfigure.web.servlet.MockMvcPrintOnlyOnFailureTestExecutionListener, org.springframework.boot.test.autoconfigure.web.servlet.WebDriverTestExecutionListener, org.springframework.boot.test.autoconfigure.webservices.client.MockWebServiceServerTestExecutionListener, org.springframework.test.context.web.ServletTestExecutionListener, org.springframework.test.context.support.DirtiesContextBeforeModesTestExecutionListener, org.springframework.test.context.event.ApplicationEventsTestExecutionListener, org.springframework.test.context.support.DependencyInjectionTestExecutionListener, org.springframework.test.context.support.DirtiesContextTestExecutionListener, org.springframework.test.context.transaction.TransactionalTestExecutionListener, org.springframework.test.context.jdbc.SqlScriptsTestExecutionListener, org.springframework.test.context.event.EventPublishingTestExecutionListener]
2023-09-19 14:36:36,489 INFO [main] org.springframework.test.context.support.AbstractTestContextBootstrapper: Using TestExecutionListeners: [org.springframework.test.context.web.ServletTestExecutionListener@61f05988, org.springframework.test.context.support.DirtiesContextBeforeModesTestExecutionListener@7ca33c24, org.springframework.test.context.event.ApplicationEventsTestExecutionListener@fade1fc, org.springframework.boot.test.mock.mockito.MockitoTestExecutionListener@67c2e933, org.springframework.boot.test.autoconfigure.SpringBootDependencyInjectionTestExecutionListener@41dd05a, org.springframework.test.context.support.DirtiesContextTestExecutionListener@613a8ee1, org.springframework.test.context.transaction.TransactionalTestExecutionListener@178213b, org.springframework.test.context.jdbc.SqlScriptsTestExecutionListener@7103cb56, org.springframework.test.context.event.EventPublishingTestExecutionListener@1b765a2c, org.springframework.boot.test.mock.mockito.ResetMocksTestExecutionListener@2e8e8225, org.springframework.boot.test.autoconfigure.restdocs.RestDocsTestExecutionListener@6ebf0f36, org.springframework.boot.test.autoconfigure.web.client.MockRestServiceServerResetTestExecutionListener@18920cc, org.springframework.boot.test.autoconfigure.web.servlet.MockMvcPrintOnlyOnFailureTestExecutionListener@2807bdeb, org.springframework.boot.test.autoconfigure.web.servlet.WebDriverTestExecutionListener@72c28d64, org.springframework.boot.test.autoconfigure.webservices.client.MockWebServiceServerTestExecutionListener@6492fab5]
2023-09-19 14:36:36,625 INFO [main] org.springframework.boot.StartupInfoLogger: Starting GamesApplicationTests using Java 17.0.8.1 on kirill-ubuntu with PID 51257 (started by kirill in /home/kirill/projects/GamesProject)
2023-09-19 14:36:36,625 DEBUG [main] org.springframework.boot.StartupInfoLogger: Running with Spring Boot v2.6.1, Spring v5.3.13
2023-09-19 14:36:36,625 INFO [main] org.springframework.boot.SpringApplication: No active profile set, falling back to default profiles: default
2023-09-19 14:36:36,913 INFO [main] org.springframework.data.repository.config.RepositoryConfigurationDelegate: Bootstrapping Spring Data JDBC repositories in DEFAULT mode.
2023-09-19 14:36:36,922 INFO [main] org.springframework.data.repository.config.RepositoryConfigurationDelegate: Finished Spring Data repository scanning in 7 ms. Found 0 JDBC repository interfaces.
2023-09-19 14:36:37,465 INFO [main] org.springframework.boot.web.embedded.tomcat.TomcatWebServer: Tomcat initialized with port(s): 0 (http)
2023-09-19 14:36:37,470 INFO [main] org.apache.juli.logging.DirectJDKLog: Initializing ProtocolHandler ["http-nio-auto-1"]
2023-09-19 14:36:37,470 INFO [main] org.apache.juli.logging.DirectJDKLog: Starting service [Tomcat]
2023-09-19 14:36:37,470 INFO [main] org.apache.juli.logging.DirectJDKLog: Starting Servlet engine: [Apache Tomcat/9.0.55]
2023-09-19 14:36:37,505 INFO [main] org.apache.juli.logging.DirectJDKLog: Initializing Spring embedded WebApplicationContext
2023-09-19 14:36:37,505 INFO [main] org.springframework.boot.web.servlet.context.ServletWebServerApplicationContext: Root WebApplicationContext: initialization completed in 869 ms
2023-09-19 14:36:37,592 DEBUG [main] org.springframework.web.filter.GenericFilterBean: Filter 'authenticationFilter' configured for use
2023-09-19 14:36:37,774 INFO [main] org.springframework.security.web.DefaultSecurityFilterChain: Will secure any request with [org.springframework.security.web.context.request.async.WebAsyncManagerIntegrationFilter@3be80ece, org.springframework.security.web.context.SecurityContextPersistenceFilter@5a06904, org.springframework.security.web.header.HeaderWriterFilter@23afc725, org.springframework.security.web.authentication.logout.LogoutFilter@37c2f0b4, org.springframework.security.web.authentication.UsernamePasswordAuthenticationFilter@45d389f2, org.springframework.security.web.session.ConcurrentSessionFilter@10dfa7ef, org.springframework.security.web.savedrequest.RequestCacheAwareFilter@7e848aea, org.springframework.security.web.servletapi.SecurityContextHolderAwareRequestFilter@786a3477, org.springframework.security.web.authentication.AnonymousAuthenticationFilter@60a01cb, org.springframework.security.web.session.SessionManagementFilter@2c34402, org.springframework.security.web.access.ExceptionTranslationFilter@14874a5d, org.springframework.security.web.access.intercept.FilterSecurityInterceptor@7eee6c13]
2023-09-19 14:36:37,778 INFO [main] org.springframework.security.web.DefaultSecurityFilterChain: Will secure Ant [pattern='/static/**'] with []
2023-09-19 14:36:37,778 INFO [main] org.springframework.security.web.DefaultSecurityFilterChain: Will secure Ant [pattern='/js/**'] with []
2023-09-19 14:36:37,779 INFO [main] org.springframework.security.web.DefaultSecurityFilterChain: Will secure Ant [pattern='/css/**'] with []
2023-09-19 14:36:37,779 INFO [main] org.springframework.security.web.DefaultSecurityFilterChain: Will secure Ant [pattern='/images/**'] with []
2023-09-19 14:36:37,779 INFO [main] org.springframework.security.web.DefaultSecurityFilterChain: Will secure Ant [pattern='/favicon.ico'] with []
2023-09-19 14:36:38,178 INFO [main] org.apache.juli.logging.DirectJDKLog: Starting ProtocolHandler ["http-nio-auto-1"]
2023-09-19 14:36:38,186 INFO [main] org.springframework.boot.web.embedded.tomcat.TomcatWebServer: Tomcat started on port(s): 36411 (http) with context path ''
2023-09-19 14:36:38,187 INFO [main] org.springframework.core.log.CompositeLog: Starting...
2023-09-19 14:36:38,187 INFO [main] org.springframework.core.log.CompositeLog: BrokerAvailabilityEvent[available=true, SimpleBrokerMessageHandler [org.springframework.messaging.simp.broker.DefaultSubscriptionRegistry@3dec79f8]]
2023-09-19 14:36:38,188 INFO [main] org.springframework.core.log.CompositeLog: Started.
2023-09-19 14:36:38,196 INFO [main] org.springframework.boot.StartupInfoLogger: Started GamesApplicationTests in 1.687 seconds (JVM running for 2.135)
2023-09-19 14:36:38,420 INFO [SpringApplicationShutdownHook] org.springframework.core.log.CompositeLog: Stopping...
2023-09-19 14:36:38,420 INFO [SpringApplicationShutdownHook] org.springframework.core.log.CompositeLog: BrokerAvailabilityEvent[available=false, SimpleBrokerMessageHandler [org.springframework.messaging.simp.broker.DefaultSubscriptionRegistry@3dec79f8]]
2023-09-19 14:36:38,421 INFO [SpringApplicationShutdownHook] org.springframework.core.log.CompositeLog: Stopped.
2023-09-19 14:40:12,877 INFO [main] org.springframework.test.context.support.AbstractTestContextBootstrapper: Neither @ContextConfiguration nor @ContextHierarchy found for test class [ru.krey.games.GamesApplicationTests], using SpringBootContextLoader
2023-09-19 14:40:12,879 INFO [main] org.springframework.test.context.support.AbstractContextLoader: Could not detect default resource locations for test class [ru.krey.games.GamesApplicationTests]: no resource found for suffixes {-context.xml, Context.groovy}.
2023-09-19 14:40:12,880 INFO [main] org.springframework.test.context.support.AnnotationConfigContextLoaderUtils: Could not detect default configuration classes for test class [ru.krey.games.GamesApplicationTests]: GamesApplicationTests does not declare any static, non-private, non-final, nested classes annotated with @Configuration.
2023-09-19 14:40:12,927 INFO [main] org.springframework.boot.test.context.SpringBootTestContextBootstrapper: Found @SpringBootConfiguration ru.krey.games.GamesApplication for test class ru.krey.games.GamesApplicationTests
2023-09-19 14:40:12,966 INFO [main] org.springframework.test.context.support.AbstractTestContextBootstrapper: Loaded default TestExecutionListener class names from location [META-INF/spring.factories]: [org.springframework.boot.test.mock.mockito.MockitoTestExecutionListener, org.springframework.boot.test.mock.mockito.ResetMocksTestExecutionListener, org.springframework.boot.test.autoconfigure.restdocs.RestDocsTestExecutionListener, org.springframework.boot.test.autoconfigure.web.client.MockRestServiceServerResetTestExecutionListener, org.springframework.boot.test.autoconfigure.web.servlet.MockMvcPrintOnlyOnFailureTestExecutionListener, org.springframework.boot.test.autoconfigure.web.servlet.WebDriverTestExecutionListener, org.springframework.boot.test.autoconfigure.webservices.client.MockWebServiceServerTestExecutionListener, org.springframework.test.context.web.ServletTestExecutionListener, org.springframework.test.context.support.DirtiesContextBeforeModesTestExecutionListener, org.springframework.test.context.event.ApplicationEventsTestExecutionListener, org.springframework.test.context.support.DependencyInjectionTestExecutionListener, org.springframework.test.context.support.DirtiesContextTestExecutionListener, org.springframework.test.context.transaction.TransactionalTestExecutionListener, org.springframework.test.context.jdbc.SqlScriptsTestExecutionListener, org.springframework.test.context.event.EventPublishingTestExecutionListener]
2023-09-19 14:40:12,972 INFO [main] org.springframework.test.context.support.AbstractTestContextBootstrapper: Using TestExecutionListeners: [org.springframework.test.context.web.ServletTestExecutionListener@fade1fc, org.springframework.test.context.support.DirtiesContextBeforeModesTestExecutionListener@67c2e933, org.springframework.test.context.event.ApplicationEventsTestExecutionListener@41dd05a, org.springframework.boot.test.mock.mockito.MockitoTestExecutionListener@613a8ee1, org.springframework.boot.test.autoconfigure.SpringBootDependencyInjectionTestExecutionListener@178213b, org.springframework.test.context.support.DirtiesContextTestExecutionListener@7103cb56, org.springframework.test.context.transaction.TransactionalTestExecutionListener@1b765a2c, org.springframework.test.context.jdbc.SqlScriptsTestExecutionListener@2e8e8225, org.springframework.test.context.event.EventPublishingTestExecutionListener@6ebf0f36, org.springframework.boot.test.mock.mockito.ResetMocksTestExecutionListener@18920cc, org.springframework.boot.test.autoconfigure.restdocs.RestDocsTestExecutionListener@2807bdeb, org.springframework.boot.test.autoconfigure.web.client.MockRestServiceServerResetTestExecutionListener@72c28d64, org.springframework.boot.test.autoconfigure.web.servlet.MockMvcPrintOnlyOnFailureTestExecutionListener@6492fab5, org.springframework.boot.test.autoconfigure.web.servlet.WebDriverTestExecutionListener@2c5529ab, org.springframework.boot.test.autoconfigure.webservices.client.MockWebServiceServerTestExecutionListener@39a8312f]
2023-09-19 14:40:13,103 INFO [main] org.springframework.boot.StartupInfoLogger: Starting GamesApplicationTests using Java 17.0.8.1 on kirill-ubuntu with PID 51698 (started by kirill in /home/kirill/projects/GamesProject)
2023-09-19 14:40:13,103 DEBUG [main] org.springframework.boot.StartupInfoLogger: Running with Spring Boot v2.6.1, Spring v5.3.13
2023-09-19 14:40:13,103 INFO [main] org.springframework.boot.SpringApplication: No active profile set, falling back to default profiles: default
2023-09-19 14:40:13,398 INFO [main] org.springframework.data.repository.config.RepositoryConfigurationDelegate: Bootstrapping Spring Data JDBC repositories in DEFAULT mode.
2023-09-19 14:40:13,407 INFO [main] org.springframework.data.repository.config.RepositoryConfigurationDelegate: Finished Spring Data repository scanning in 6 ms. Found 0 JDBC repository interfaces.
2023-09-19 14:40:13,929 INFO [main] org.springframework.boot.web.embedded.tomcat.TomcatWebServer: Tomcat initialized with port(s): 0 (http)
2023-09-19 14:40:13,934 INFO [main] org.apache.juli.logging.DirectJDKLog: Initializing ProtocolHandler ["http-nio-auto-1"]
2023-09-19 14:40:13,934 INFO [main] org.apache.juli.logging.DirectJDKLog: Starting service [Tomcat]
2023-09-19 14:40:13,934 INFO [main] org.apache.juli.logging.DirectJDKLog: Starting Servlet engine: [Apache Tomcat/9.0.55]
2023-09-19 14:40:13,969 INFO [main] org.apache.juli.logging.DirectJDKLog: Initializing Spring embedded WebApplicationContext
2023-09-19 14:40:13,969 INFO [main] org.springframework.boot.web.servlet.context.ServletWebServerApplicationContext: Root WebApplicationContext: initialization completed in 856 ms
2023-09-19 14:40:14,053 DEBUG [main] org.springframework.web.filter.GenericFilterBean: Filter 'authenticationFilter' configured for use
2023-09-19 14:40:14,223 INFO [main] org.springframework.security.web.DefaultSecurityFilterChain: Will secure any request with [org.springframework.security.web.context.request.async.WebAsyncManagerIntegrationFilter@60a01cb, org.springframework.security.web.context.SecurityContextPersistenceFilter@fabef2e, org.springframework.security.web.header.HeaderWriterFilter@5d3f99d7, org.springframework.security.web.authentication.logout.LogoutFilter@35dcd032, org.springframework.security.web.authentication.UsernamePasswordAuthenticationFilter@308e87a1, org.springframework.security.web.session.ConcurrentSessionFilter@4fd80300, org.springframework.security.web.savedrequest.RequestCacheAwareFilter@786a3477, org.springframework.security.web.servletapi.SecurityContextHolderAwareRequestFilter@286866cb, org.springframework.security.web.authentication.AnonymousAuthenticationFilter@4efb13f1, org.springframework.security.web.session.SessionManagementFilter@5f883d90, org.springframework.security.web.access.ExceptionTranslationFilter@49cb5030, org.springframework.security.web.access.intercept.FilterSecurityInterceptor@5ab63a04]
2023-09-19 14:40:14,227 INFO [main] org.springframework.security.web.DefaultSecurityFilterChain: Will secure Ant [pattern='/static/**'] with []
2023-09-19 14:40:14,227 INFO [main] org.springframework.security.web.DefaultSecurityFilterChain: Will secure Ant [pattern='/js/**'] with []
2023-09-19 14:40:14,227 INFO [main] org.springframework.security.web.DefaultSecurityFilterChain: Will secure Ant [pattern='/css/**'] with []
2023-09-19 14:40:14,227 INFO [main] org.springframework.security.web.DefaultSecurityFilterChain: Will secure Ant [pattern='/images/**'] with []
2023-09-19 14:40:14,228 INFO [main] org.springframework.security.web.DefaultSecurityFilterChain: Will secure Ant [pattern='/favicon.ico'] with []
2023-09-19 14:40:14,570 INFO [main] org.apache.juli.logging.DirectJDKLog: Starting ProtocolHandler ["http-nio-auto-1"]
2023-09-19 14:40:14,576 INFO [main] org.springframework.boot.web.embedded.tomcat.TomcatWebServer: Tomcat started on port(s): 37695 (http) with context path ''
2023-09-19 14:40:14,578 INFO [main] org.springframework.core.log.CompositeLog: Starting...
2023-09-19 14:40:14,578 INFO [main] org.springframework.core.log.CompositeLog: BrokerAvailabilityEvent[available=true, SimpleBrokerMessageHandler [org.springframework.messaging.simp.broker.DefaultSubscriptionRegistry@11309dd4]]
2023-09-19 14:40:14,578 INFO [main] org.springframework.core.log.CompositeLog: Started.
2023-09-19 14:40:14,585 INFO [main] org.springframework.boot.StartupInfoLogger: Started GamesApplicationTests in 1.593 seconds (JVM running for 2.069)
2023-09-19 14:40:14,769 INFO [SpringApplicationShutdownHook] org.springframework.core.log.CompositeLog: Stopping...
2023-09-19 14:40:14,769 INFO [SpringApplicationShutdownHook] org.springframework.core.log.CompositeLog: BrokerAvailabilityEvent[available=false, SimpleBrokerMessageHandler [org.springframework.messaging.simp.broker.DefaultSubscriptionRegistry@11309dd4]]
2023-09-19 14:40:14,769 INFO [SpringApplicationShutdownHook] org.springframework.core.log.CompositeLog: Stopped.
2023-09-19 14:42:47,139 INFO [main] org.springframework.test.context.support.AbstractTestContextBootstrapper: Neither @ContextConfiguration nor @ContextHierarchy found for test class [ru.krey.games.GamesApplicationTests], using SpringBootContextLoader
2023-09-19 14:42:47,142 INFO [main] org.springframework.test.context.support.AbstractContextLoader: Could not detect default resource locations for test class [ru.krey.games.GamesApplicationTests]: no resource found for suffixes {-context.xml, Context.groovy}.
2023-09-19 14:42:47,142 INFO [main] org.springframework.test.context.support.AnnotationConfigContextLoaderUtils: Could not detect default configuration classes for test class [ru.krey.games.GamesApplicationTests]: GamesApplicationTests does not declare any static, non-private, non-final, nested classes annotated with @Configuration.
2023-09-19 14:42:47,187 INFO [main] org.springframework.boot.test.context.SpringBootTestContextBootstrapper: Found @SpringBootConfiguration ru.krey.games.GamesApplication for test class ru.krey.games.GamesApplicationTests
2023-09-19 14:42:47,231 INFO [main] org.springframework.test.context.support.AbstractTestContextBootstrapper: Loaded default TestExecutionListener class names from location [META-INF/spring.factories]: [org.springframework.boot.test.mock.mockito.MockitoTestExecutionListener, org.springframework.boot.test.mock.mockito.ResetMocksTestExecutionListener, org.springframework.boot.test.autoconfigure.restdocs.RestDocsTestExecutionListener, org.springframework.boot.test.autoconfigure.web.client.MockRestServiceServerResetTestExecutionListener, org.springframework.boot.test.autoconfigure.web.servlet.MockMvcPrintOnlyOnFailureTestExecutionListener, org.springframework.boot.test.autoconfigure.web.servlet.WebDriverTestExecutionListener, org.springframework.boot.test.autoconfigure.webservices.client.MockWebServiceServerTestExecutionListener, org.springframework.test.context.web.ServletTestExecutionListener, org.springframework.test.context.support.DirtiesContextBeforeModesTestExecutionListener, org.springframework.test.context.event.ApplicationEventsTestExecutionListener, org.springframework.test.context.support.DependencyInjectionTestExecutionListener, org.springframework.test.context.support.DirtiesContextTestExecutionListener, org.springframework.test.context.transaction.TransactionalTestExecutionListener, org.springframework.test.context.jdbc.SqlScriptsTestExecutionListener, org.springframework.test.context.event.EventPublishingTestExecutionListener]
2023-09-19 14:42:47,240 INFO [main] org.springframework.test.context.support.AbstractTestContextBootstrapper: Using TestExecutionListeners: [org.springframework.test.context.web.ServletTestExecutionListener@fade1fc, org.springframework.test.context.support.DirtiesContextBeforeModesTestExecutionListener@67c2e933, org.springframework.test.context.event.ApplicationEventsTestExecutionListener@41dd05a, org.springframework.boot.test.mock.mockito.MockitoTestExecutionListener@613a8ee1, org.springframework.boot.test.autoconfigure.SpringBootDependencyInjectionTestExecutionListener@178213b, org.springframework.test.context.support.DirtiesContextTestExecutionListener@7103cb56, org.springframework.test.context.transaction.TransactionalTestExecutionListener@1b765a2c, org.springframework.test.context.jdbc.SqlScriptsTestExecutionListener@2e8e8225, org.springframework.test.context.event.EventPublishingTestExecutionListener@6ebf0f36, org.springframework.boot.test.mock.mockito.ResetMocksTestExecutionListener@18920cc, org.springframework.boot.test.autoconfigure.restdocs.RestDocsTestExecutionListener@2807bdeb, org.springframework.boot.test.autoconfigure.web.client.MockRestServiceServerResetTestExecutionListener@72c28d64, org.springframework.boot.test.autoconfigure.web.servlet.MockMvcPrintOnlyOnFailureTestExecutionListener@6492fab5, org.springframework.boot.test.autoconfigure.web.servlet.WebDriverTestExecutionListener@2c5529ab, org.springframework.boot.test.autoconfigure.webservices.client.MockWebServiceServerTestExecutionListener@39a8312f]
2023-09-19 14:42:47,396 INFO [main] org.springframework.boot.StartupInfoLogger: Starting GamesApplicationTests using Java 17.0.8.1 on kirill-ubuntu with PID 52443 (started by kirill in /home/kirill/projects/GamesProject)
2023-09-19 14:42:47,396 DEBUG [main] org.springframework.boot.StartupInfoLogger: Running with Spring Boot v2.6.1, Spring v5.3.13
2023-09-19 14:42:47,397 INFO [main] org.springframework.boot.SpringApplication: No active profile set, falling back to default profiles: default
2023-09-19 14:42:47,730 INFO [main] org.springframework.data.repository.config.RepositoryConfigurationDelegate: Bootstrapping Spring Data JDBC repositories in DEFAULT mode.
2023-09-19 14:42:47,739 INFO [main] org.springframework.data.repository.config.RepositoryConfigurationDelegate: Finished Spring Data repository scanning in 7 ms. Found 0 JDBC repository interfaces.
2023-09-19 14:42:48,290 INFO [main] org.springframework.boot.web.embedded.tomcat.TomcatWebServer: Tomcat initialized with port(s): 0 (http)
2023-09-19 14:42:48,294 INFO [main] org.apache.juli.logging.DirectJDKLog: Initializing ProtocolHandler ["http-nio-auto-1"]
2023-09-19 14:42:48,295 INFO [main] org.apache.juli.logging.DirectJDKLog: Starting service [Tomcat]
2023-09-19 14:42:48,295 INFO [main] org.apache.juli.logging.DirectJDKLog: Starting Servlet engine: [Apache Tomcat/9.0.55]
2023-09-19 14:42:48,329 INFO [main] org.apache.juli.logging.DirectJDKLog: Initializing Spring embedded WebApplicationContext
2023-09-19 14:42:48,329 INFO [main] org.springframework.boot.web.servlet.context.ServletWebServerApplicationContext: Root WebApplicationContext: initialization completed in 922 ms
2023-09-19 14:42:48,413 DEBUG [main] org.springframework.web.filter.GenericFilterBean: Filter 'authenticationFilter' configured for use
2023-09-19 14:42:48,587 INFO [main] org.springframework.security.web.DefaultSecurityFilterChain: Will secure any request with [org.springframework.security.web.context.request.async.WebAsyncManagerIntegrationFilter@56c42964, org.springframework.security.web.context.SecurityContextPersistenceFilter@7d88fa9c, org.springframework.security.web.header.HeaderWriterFilter@26d40c77, org.springframework.security.web.authentication.logout.LogoutFilter@3375b118, org.springframework.security.web.authentication.UsernamePasswordAuthenticationFilter@645dc557, org.springframework.security.web.session.ConcurrentSessionFilter@5f883d90, org.springframework.security.web.savedrequest.RequestCacheAwareFilter@2ab9e43e, org.springframework.security.web.servletapi.SecurityContextHolderAwareRequestFilter@10dfa7ef, org.springframework.security.web.authentication.AnonymousAuthenticationFilter@211a9647, org.springframework.security.web.session.SessionManagementFilter@12365bd8, org.springframework.security.web.access.ExceptionTranslationFilter@3dc82e6a, org.springframework.security.web.access.intercept.FilterSecurityInterceptor@3386c206]
2023-09-19 14:42:48,592 INFO [main] org.springframework.security.web.DefaultSecurityFilterChain: Will secure Ant [pattern='/static/**'] with []
2023-09-19 14:42:48,592 INFO [main] org.springframework.security.web.DefaultSecurityFilterChain: Will secure Ant [pattern='/js/**'] with []
2023-09-19 14:42:48,592 INFO [main] org.springframework.security.web.DefaultSecurityFilterChain: Will secure Ant [pattern='/css/**'] with []
2023-09-19 14:42:48,592 INFO [main] org.springframework.security.web.DefaultSecurityFilterChain: Will secure Ant [pattern='/images/**'] with []
2023-09-19 14:42:48,592 INFO [main] org.springframework.security.web.DefaultSecurityFilterChain: Will secure Ant [pattern='/favicon.ico'] with []
2023-09-19 14:42:48,955 INFO [main] org.apache.juli.logging.DirectJDKLog: Starting ProtocolHandler ["http-nio-auto-1"]
2023-09-19 14:42:48,963 INFO [main] org.springframework.boot.web.embedded.tomcat.TomcatWebServer: Tomcat started on port(s): 41559 (http) with context path ''
2023-09-19 14:42:48,964 INFO [main] org.springframework.core.log.CompositeLog: Starting...
2023-09-19 14:42:48,965 INFO [main] org.springframework.core.log.CompositeLog: BrokerAvailabilityEvent[available=true, SimpleBrokerMessageHandler [org.springframework.messaging.simp.broker.DefaultSubscriptionRegistry@27b490de]]
2023-09-19 14:42:48,965 INFO [main] org.springframework.core.log.CompositeLog: Started.
2023-09-19 14:42:48,974 INFO [main] org.springframework.boot.StartupInfoLogger: Started GamesApplicationTests in 1.709 seconds (JVM running for 2.23)
2023-09-19 14:42:49,182 INFO [SpringApplicationShutdownHook] org.springframework.core.log.CompositeLog: Stopping...
2023-09-19 14:42:49,182 INFO [SpringApplicationShutdownHook] org.springframework.core.log.CompositeLog: BrokerAvailabilityEvent[available=false, SimpleBrokerMessageHandler [org.springframework.messaging.simp.broker.DefaultSubscriptionRegistry@27b490de]]
2023-09-19 14:42:49,182 INFO [SpringApplicationShutdownHook] org.springframework.core.log.CompositeLog: Stopped.
2023-09-19 14:43:27,861 INFO [main] org.springframework.test.context.support.AbstractTestContextBootstrapper: Neither @ContextConfiguration nor @ContextHierarchy found for test class [ru.krey.games.GamesApplicationTests], using SpringBootContextLoader
2023-09-19 14:43:27,864 INFO [main] org.springframework.test.context.support.AbstractContextLoader: Could not detect default resource locations for test class [ru.krey.games.GamesApplicationTests]: no resource found for suffixes {-context.xml, Context.groovy}.
2023-09-19 14:43:27,865 INFO [main] org.springframework.test.context.support.AnnotationConfigContextLoaderUtils: Could not detect default configuration classes for test class [ru.krey.games.GamesApplicationTests]: GamesApplicationTests does not declare any static, non-private, non-final, nested classes annotated with @Configuration.
2023-09-19 14:43:27,907 INFO [main] org.springframework.boot.test.context.SpringBootTestContextBootstrapper: Found @SpringBootConfiguration ru.krey.games.GamesApplication for test class ru.krey.games.GamesApplicationTests
2023-09-19 14:43:27,944 INFO [main] org.springframework.test.context.support.AbstractTestContextBootstrapper: Loaded default TestExecutionListener class names from location [META-INF/spring.factories]: [org.springframework.boot.test.mock.mockito.MockitoTestExecutionListener, org.springframework.boot.test.mock.mockito.ResetMocksTestExecutionListener, org.springframework.boot.test.autoconfigure.restdocs.RestDocsTestExecutionListener, org.springframework.boot.test.autoconfigure.web.client.MockRestServiceServerResetTestExecutionListener, org.springframework.boot.test.autoconfigure.web.servlet.MockMvcPrintOnlyOnFailureTestExecutionListener, org.springframework.boot.test.autoconfigure.web.servlet.WebDriverTestExecutionListener, org.springframework.boot.test.autoconfigure.webservices.client.MockWebServiceServerTestExecutionListener, org.springframework.test.context.web.ServletTestExecutionListener, org.springframework.test.context.support.DirtiesContextBeforeModesTestExecutionListener, org.springframework.test.context.event.ApplicationEventsTestExecutionListener, org.springframework.test.context.support.DependencyInjectionTestExecutionListener, org.springframework.test.context.support.DirtiesContextTestExecutionListener, org.springframework.test.context.transaction.TransactionalTestExecutionListener, org.springframework.test.context.jdbc.SqlScriptsTestExecutionListener, org.springframework.test.context.event.EventPublishingTestExecutionListener]
2023-09-19 14:43:27,950 INFO [main] org.springframework.test.context.support.AbstractTestContextBootstrapper: Using TestExecutionListeners: [org.springframework.test.context.web.ServletTestExecutionListener@fade1fc, org.springframework.test.context.support.DirtiesContextBeforeModesTestExecutionListener@67c2e933, org.springframework.test.context.event.ApplicationEventsTestExecutionListener@41dd05a, org.springframework.boot.test.mock.mockito.MockitoTestExecutionListener@613a8ee1, org.springframework.boot.test.autoconfigure.SpringBootDependencyInjectionTestExecutionListener@178213b, org.springframework.test.context.support.DirtiesContextTestExecutionListener@7103cb56, org.springframework.test.context.transaction.TransactionalTestExecutionListener@1b765a2c, org.springframework.test.context.jdbc.SqlScriptsTestExecutionListener@2e8e8225, org.springframework.test.context.event.EventPublishingTestExecutionListener@6ebf0f36, org.springframework.boot.test.mock.mockito.ResetMocksTestExecutionListener@18920cc, org.springframework.boot.test.autoconfigure.restdocs.RestDocsTestExecutionListener@2807bdeb, org.springframework.boot.test.autoconfigure.web.client.MockRestServiceServerResetTestExecutionListener@72c28d64, org.springframework.boot.test.autoconfigure.web.servlet.MockMvcPrintOnlyOnFailureTestExecutionListener@6492fab5, org.springframework.boot.test.autoconfigure.web.servlet.WebDriverTestExecutionListener@2c5529ab, org.springframework.boot.test.autoconfigure.webservices.client.MockWebServiceServerTestExecutionListener@39a8312f]
2023-09-19 14:43:28,079 INFO [main] org.springframework.boot.StartupInfoLogger: Starting GamesApplicationTests using Java 17.0.8.1 on kirill-ubuntu with PID 52790 (started by kirill in /home/kirill/projects/GamesProject)
2023-09-19 14:43:28,079 DEBUG [main] org.springframework.boot.StartupInfoLogger: Running with Spring Boot v2.6.1, Spring v5.3.13
2023-09-19 14:43:28,079 INFO [main] org.springframework.boot.SpringApplication: No active profile set, falling back to default profiles: default
2023-09-19 14:43:28,372 INFO [main] org.springframework.data.repository.config.RepositoryConfigurationDelegate: Bootstrapping Spring Data JDBC repositories in DEFAULT mode.
2023-09-19 14:43:28,381 INFO [main] org.springframework.data.repository.config.RepositoryConfigurationDelegate: Finished Spring Data repository scanning in 6 ms. Found 0 JDBC repository interfaces.
2023-09-19 14:43:28,950 INFO [main] org.springframework.boot.web.embedded.tomcat.TomcatWebServer: Tomcat initialized with port(s): 0 (http)
2023-09-19 14:43:28,956 INFO [main] org.apache.juli.logging.DirectJDKLog: Initializing ProtocolHandler ["http-nio-auto-1"]
2023-09-19 14:43:28,956 INFO [main] org.apache.juli.logging.DirectJDKLog: Starting service [Tomcat]
2023-09-19 14:43:28,956 INFO [main] org.apache.juli.logging.DirectJDKLog: Starting Servlet engine: [Apache Tomcat/9.0.55]
2023-09-19 14:43:28,991 INFO [main] org.apache.juli.logging.DirectJDKLog: Initializing Spring embedded WebApplicationContext
2023-09-19 14:43:28,991 INFO [main] org.springframework.boot.web.servlet.context.ServletWebServerApplicationContext: Root WebApplicationContext: initialization completed in 902 ms
2023-09-19 14:43:29,074 DEBUG [main] org.springframework.web.filter.GenericFilterBean: Filter 'authenticationFilter' configured for use
2023-09-19 14:43:29,255 INFO [main] org.springframework.security.web.DefaultSecurityFilterChain: Will secure any request with [org.springframework.security.web.context.request.async.WebAsyncManagerIntegrationFilter@5112b7, org.springframework.security.web.context.SecurityContextPersistenceFilter@786a3477, org.springframework.security.web.header.HeaderWriterFilter@5f883d90, org.springframework.security.web.authentication.logout.LogoutFilter@4438b862, org.springframework.security.web.authentication.UsernamePasswordAuthenticationFilter@5563bb40, org.springframework.security.web.session.ConcurrentSessionFilter@9f0fc36, org.springframework.security.web.savedrequest.RequestCacheAwareFilter@56ec6960, org.springframework.security.web.servletapi.SecurityContextHolderAwareRequestFilter@7f8c3646, org.springframework.security.web.authentication.AnonymousAuthenticationFilter@56835f2f, org.springframework.security.web.session.SessionManagementFilter@5cc3e49b, org.springframework.security.web.access.ExceptionTranslationFilter@2d74cbbd, org.springframework.security.web.access.intercept.FilterSecurityInterceptor@41e8d917]
2023-09-19 14:43:29,259 INFO [main] org.springframework.security.web.DefaultSecurityFilterChain: Will secure Ant [pattern='/static/**'] with []
2023-09-19 14:43:29,259 INFO [main] org.springframework.security.web.DefaultSecurityFilterChain: Will secure Ant [pattern='/js/**'] with []
2023-09-19 14:43:29,259 INFO [main] org.springframework.security.web.DefaultSecurityFilterChain: Will secure Ant [pattern='/css/**'] with []
2023-09-19 14:43:29,259 INFO [main] org.springframework.security.web.DefaultSecurityFilterChain: Will secure Ant [pattern='/images/**'] with []
2023-09-19 14:43:29,259 INFO [main] org.springframework.security.web.DefaultSecurityFilterChain: Will secure Ant [pattern='/favicon.ico'] with []
2023-09-19 14:43:29,715 INFO [main] org.apache.juli.logging.DirectJDKLog: Starting ProtocolHandler ["http-nio-auto-1"]
2023-09-19 14:43:29,724 INFO [main] org.springframework.boot.web.embedded.tomcat.TomcatWebServer: Tomcat started on port(s): 45655 (http) with context path ''
2023-09-19 14:43:29,725 INFO [main] org.springframework.core.log.CompositeLog: Starting...
2023-09-19 14:43:29,725 INFO [main] org.springframework.core.log.CompositeLog: BrokerAvailabilityEvent[available=true, SimpleBrokerMessageHandler [org.springframework.messaging.simp.broker.DefaultSubscriptionRegistry@2c154508]]
2023-09-19 14:43:29,726 INFO [main] org.springframework.core.log.CompositeLog: Started.
2023-09-19 14:43:29,735 INFO [main] org.springframework.boot.StartupInfoLogger: Started GamesApplicationTests in 1.766 seconds (JVM running for 2.221)
2023-09-19 14:43:29,972 INFO [SpringApplicationShutdownHook] org.springframework.core.log.CompositeLog: Stopping...
2023-09-19 14:43:29,973 INFO [SpringApplicationShutdownHook] org.springframework.core.log.CompositeLog: BrokerAvailabilityEvent[available=false, SimpleBrokerMessageHandler [org.springframework.messaging.simp.broker.DefaultSubscriptionRegistry@2c154508]]
2023-09-19 14:43:29,973 INFO [SpringApplicationShutdownHook] org.springframework.core.log.CompositeLog: Stopped.
2023-09-19 14:50:27,937 INFO [main] org.springframework.test.context.support.AbstractTestContextBootstrapper: Neither @ContextConfiguration nor @ContextHierarchy found for test class [ru.krey.games.GamesApplicationTests], using SpringBootContextLoader
2023-09-19 14:50:27,940 INFO [main] org.springframework.test.context.support.AbstractContextLoader: Could not detect default resource locations for test class [ru.krey.games.GamesApplicationTests]: no resource found for suffixes {-context.xml, Context.groovy}.
2023-09-19 14:50:27,940 INFO [main] org.springframework.test.context.support.AnnotationConfigContextLoaderUtils: Could not detect default configuration classes for test class [ru.krey.games.GamesApplicationTests]: GamesApplicationTests does not declare any static, non-private, non-final, nested classes annotated with @Configuration.
2023-09-19 14:50:27,983 INFO [main] org.springframework.boot.test.context.SpringBootTestContextBootstrapper: Found @SpringBootConfiguration ru.krey.games.GamesApplication for test class ru.krey.games.GamesApplicationTests
2023-09-19 14:50:28,021 INFO [main] org.springframework.test.context.support.AbstractTestContextBootstrapper: Loaded default TestExecutionListener class names from location [META-INF/spring.factories]: [org.springframework.boot.test.mock.mockito.MockitoTestExecutionListener, org.springframework.boot.test.mock.mockito.ResetMocksTestExecutionListener, org.springframework.boot.test.autoconfigure.restdocs.RestDocsTestExecutionListener, org.springframework.boot.test.autoconfigure.web.client.MockRestServiceServerResetTestExecutionListener, org.springframework.boot.test.autoconfigure.web.servlet.MockMvcPrintOnlyOnFailureTestExecutionListener, org.springframework.boot.test.autoconfigure.web.servlet.WebDriverTestExecutionListener, org.springframework.boot.test.autoconfigure.webservices.client.MockWebServiceServerTestExecutionListener, org.springframework.test.context.web.ServletTestExecutionListener, org.springframework.test.context.support.DirtiesContextBeforeModesTestExecutionListener, org.springframework.test.context.event.ApplicationEventsTestExecutionListener, org.springframework.test.context.support.DependencyInjectionTestExecutionListener, org.springframework.test.context.support.DirtiesContextTestExecutionListener, org.springframework.test.context.transaction.TransactionalTestExecutionListener, org.springframework.test.context.jdbc.SqlScriptsTestExecutionListener, org.springframework.test.context.event.EventPublishingTestExecutionListener]
2023-09-19 14:50:28,028 INFO [main] org.springframework.test.context.support.AbstractTestContextBootstrapper: Using TestExecutionListeners: [org.springframework.test.context.web.ServletTestExecutionListener@fade1fc, org.springframework.test.context.support.DirtiesContextBeforeModesTestExecutionListener@67c2e933, org.springframework.test.context.event.ApplicationEventsTestExecutionListener@41dd05a, org.springframework.boot.test.mock.mockito.MockitoTestExecutionListener@613a8ee1, org.springframework.boot.test.autoconfigure.SpringBootDependencyInjectionTestExecutionListener@178213b, org.springframework.test.context.support.DirtiesContextTestExecutionListener@7103cb56, org.springframework.test.context.transaction.TransactionalTestExecutionListener@1b765a2c, org.springframework.test.context.jdbc.SqlScriptsTestExecutionListener@2e8e8225, org.springframework.test.context.event.EventPublishingTestExecutionListener@6ebf0f36, org.springframework.boot.test.mock.mockito.ResetMocksTestExecutionListener@18920cc, org.springframework.boot.test.autoconfigure.restdocs.RestDocsTestExecutionListener@2807bdeb, org.springframework.boot.test.autoconfigure.web.client.MockRestServiceServerResetTestExecutionListener@72c28d64, org.springframework.boot.test.autoconfigure.web.servlet.MockMvcPrintOnlyOnFailureTestExecutionListener@6492fab5, org.springframework.boot.test.autoconfigure.web.servlet.WebDriverTestExecutionListener@2c5529ab, org.springframework.boot.test.autoconfigure.webservices.client.MockWebServiceServerTestExecutionListener@39a8312f]
2023-09-19 14:50:28,160 INFO [main] org.springframework.boot.StartupInfoLogger: Starting GamesApplicationTests using Java 17.0.8.1 on kirill-ubuntu with PID 53424 (started by kirill in /home/kirill/projects/GamesProject)
2023-09-19 14:50:28,160 DEBUG [main] org.springframework.boot.StartupInfoLogger: Running with Spring Boot v2.6.1, Spring v5.3.13
2023-09-19 14:50:28,161 INFO [main] org.springframework.boot.SpringApplication: No active profile set, falling back to default profiles: default
2023-09-19 14:50:28,469 INFO [main] org.springframework.data.repository.config.RepositoryConfigurationDelegate: Bootstrapping Spring Data JDBC repositories in DEFAULT mode.
2023-09-19 14:50:28,477 INFO [main] org.springframework.data.repository.config.RepositoryConfigurationDelegate: Finished Spring Data repository scanning in 6 ms. Found 0 JDBC repository interfaces.
2023-09-19 14:50:29,030 INFO [main] org.springframework.boot.web.embedded.tomcat.TomcatWebServer: Tomcat initialized with port(s): 0 (http)
2023-09-19 14:50:29,035 INFO [main] org.apache.juli.logging.DirectJDKLog: Initializing ProtocolHandler ["http-nio-auto-1"]
2023-09-19 14:50:29,036 INFO [main] org.apache.juli.logging.DirectJDKLog: Starting service [Tomcat]
2023-09-19 14:50:29,036 INFO [main] org.apache.juli.logging.DirectJDKLog: Starting Servlet engine: [Apache Tomcat/9.0.55]
2023-09-19 14:50:29,072 INFO [main] org.apache.juli.logging.DirectJDKLog: Initializing Spring embedded WebApplicationContext
2023-09-19 14:50:29,072 INFO [main] org.springframework.boot.web.servlet.context.ServletWebServerApplicationContext: Root WebApplicationContext: initialization completed in 901 ms
2023-09-19 14:50:29,154 DEBUG [main] org.springframework.web.filter.GenericFilterBean: Filter 'authenticationFilter' configured for use
2023-09-19 14:50:29,354 INFO [main] org.springframework.security.web.DefaultSecurityFilterChain: Will secure any request with [org.springframework.security.web.context.request.async.WebAsyncManagerIntegrationFilter@60a01cb, org.springframework.security.web.context.SecurityContextPersistenceFilter@fabef2e, org.springframework.security.web.header.HeaderWriterFilter@5d3f99d7, org.springframework.security.web.authentication.logout.LogoutFilter@35dcd032, org.springframework.security.web.authentication.UsernamePasswordAuthenticationFilter@308e87a1, org.springframework.security.web.session.ConcurrentSessionFilter@4fd80300, org.springframework.security.web.savedrequest.RequestCacheAwareFilter@786a3477, org.springframework.security.web.servletapi.SecurityContextHolderAwareRequestFilter@286866cb, org.springframework.security.web.authentication.AnonymousAuthenticationFilter@4efb13f1, org.springframework.security.web.session.SessionManagementFilter@5f883d90, org.springframework.security.web.access.ExceptionTranslationFilter@49cb5030, org.springframework.security.web.access.intercept.FilterSecurityInterceptor@5ab63a04]
2023-09-19 14:50:29,358 INFO [main] org.springframework.security.web.DefaultSecurityFilterChain: Will secure Ant [pattern='/static/**'] with []
2023-09-19 14:50:29,358 INFO [main] org.springframework.security.web.DefaultSecurityFilterChain: Will secure Ant [pattern='/js/**'] with []
2023-09-19 14:50:29,358 INFO [main] org.springframework.security.web.DefaultSecurityFilterChain: Will secure Ant [pattern='/css/**'] with []
2023-09-19 14:50:29,358 INFO [main] org.springframework.security.web.DefaultSecurityFilterChain: Will secure Ant [pattern='/images/**'] with []
2023-09-19 14:50:29,358 INFO [main] org.springframework.security.web.DefaultSecurityFilterChain: Will secure Ant [pattern='/favicon.ico'] with []
2023-09-19 14:50:29,728 INFO [main] org.apache.juli.logging.DirectJDKLog: Starting ProtocolHandler ["http-nio-auto-1"]
2023-09-19 14:50:29,734 INFO [main] org.springframework.boot.web.embedded.tomcat.TomcatWebServer: Tomcat started on port(s): 39975 (http) with context path ''
2023-09-19 14:50:29,735 INFO [main] org.springframework.core.log.CompositeLog: Starting...
2023-09-19 14:50:29,735 INFO [main] org.springframework.core.log.CompositeLog: BrokerAvailabilityEvent[available=true, SimpleBrokerMessageHandler [org.springframework.messaging.simp.broker.DefaultSubscriptionRegistry@11309dd4]]
2023-09-19 14:50:29,736 INFO [main] org.springframework.core.log.CompositeLog: Started.
2023-09-19 14:50:29,743 INFO [main] org.springframework.boot.StartupInfoLogger: Started GamesApplicationTests in 1.694 seconds (JVM running for 2.141)
2023-09-19 14:50:29,938 INFO [SpringApplicationShutdownHook] org.springframework.core.log.CompositeLog: Stopping...
2023-09-19 14:50:29,938 INFO [SpringApplicationShutdownHook] org.springframework.core.log.CompositeLog: BrokerAvailabilityEvent[available=false, SimpleBrokerMessageHandler [org.springframework.messaging.simp.broker.DefaultSubscriptionRegistry@11309dd4]]
2023-09-19 14:50:29,939 INFO [SpringApplicationShutdownHook] org.springframework.core.log.CompositeLog: Stopped.
2023-09-19 14:56:12,567 INFO [main] org.springframework.test.context.support.AbstractTestContextBootstrapper: Neither @ContextConfiguration nor @ContextHierarchy found for test class [ru.krey.games.GamesApplicationTests], using SpringBootContextLoader
2023-09-19 14:56:12,571 INFO [main] org.springframework.test.context.support.AbstractContextLoader: Could not detect default resource locations for test class [ru.krey.games.GamesApplicationTests]: no resource found for suffixes {-context.xml, Context.groovy}.
2023-09-19 14:56:12,572 INFO [main] org.springframework.test.context.support.AnnotationConfigContextLoaderUtils: Could not detect default configuration classes for test class [ru.krey.games.GamesApplicationTests]: GamesApplicationTests does not declare any static, non-private, non-final, nested classes annotated with @Configuration.
2023-09-19 14:56:12,628 INFO [main] org.springframework.boot.test.context.SpringBootTestContextBootstrapper: Found @SpringBootConfiguration ru.krey.games.GamesApplication for test class ru.krey.games.GamesApplicationTests
2023-09-19 14:56:12,670 INFO [main] org.springframework.test.context.support.AbstractTestContextBootstrapper: Loaded default TestExecutionListener class names from location [META-INF/spring.factories]: [org.springframework.boot.test.mock.mockito.MockitoTestExecutionListener, org.springframework.boot.test.mock.mockito.ResetMocksTestExecutionListener, org.springframework.boot.test.autoconfigure.restdocs.RestDocsTestExecutionListener, org.springframework.boot.test.autoconfigure.web.client.MockRestServiceServerResetTestExecutionListener, org.springframework.boot.test.autoconfigure.web.servlet.MockMvcPrintOnlyOnFailureTestExecutionListener, org.springframework.boot.test.autoconfigure.web.servlet.WebDriverTestExecutionListener, org.springframework.boot.test.autoconfigure.webservices.client.MockWebServiceServerTestExecutionListener, org.springframework.test.context.web.ServletTestExecutionListener, org.springframework.test.context.support.DirtiesContextBeforeModesTestExecutionListener, org.springframework.test.context.event.ApplicationEventsTestExecutionListener, org.springframework.test.context.support.DependencyInjectionTestExecutionListener, org.springframework.test.context.support.DirtiesContextTestExecutionListener, org.springframework.test.context.transaction.TransactionalTestExecutionListener, org.springframework.test.context.jdbc.SqlScriptsTestExecutionListener, org.springframework.test.context.event.EventPublishingTestExecutionListener]
2023-09-19 14:56:12,676 INFO [main] org.springframework.test.context.support.AbstractTestContextBootstrapper: Using TestExecutionListeners: [org.springframework.test.context.web.ServletTestExecutionListener@ccb4b1b, org.springframework.test.context.support.DirtiesContextBeforeModesTestExecutionListener@4097cac, org.springframework.test.context.event.ApplicationEventsTestExecutionListener@ec2cc4, org.springframework.boot.test.mock.mockito.MockitoTestExecutionListener@2a5b3fee, org.springframework.boot.test.autoconfigure.SpringBootDependencyInjectionTestExecutionListener@7c1e2a2d, org.springframework.test.context.support.DirtiesContextTestExecutionListener@333dd51e, org.springframework.test.context.transaction.TransactionalTestExecutionListener@52d645b1, org.springframework.test.context.jdbc.SqlScriptsTestExecutionListener@2101b44a, org.springframework.test.context.event.EventPublishingTestExecutionListener@2cc3ad05, org.springframework.boot.test.mock.mockito.ResetMocksTestExecutionListener@710b18a6, org.springframework.boot.test.autoconfigure.restdocs.RestDocsTestExecutionListener@119020fb, org.springframework.boot.test.autoconfigure.web.client.MockRestServiceServerResetTestExecutionListener@3d9f6567, org.springframework.boot.test.autoconfigure.web.servlet.MockMvcPrintOnlyOnFailureTestExecutionListener@c055c54, org.springframework.boot.test.autoconfigure.web.servlet.WebDriverTestExecutionListener@25e2ab5a, org.springframework.boot.test.autoconfigure.webservices.client.MockWebServiceServerTestExecutionListener@35e5d0e5]
2023-09-19 14:56:12,831 INFO [main] org.springframework.boot.StartupInfoLogger: Starting GamesApplicationTests using Java 11.0.20.1 on kirill-ubuntu with PID 54163 (started by kirill in /home/kirill/projects/GamesProject)
2023-09-19 14:56:12,831 DEBUG [main] org.springframework.boot.StartupInfoLogger: Running with Spring Boot v2.6.1, Spring v5.3.13
2023-09-19 14:56:12,831 INFO [main] org.springframework.boot.SpringApplication: No active profile set, falling back to default profiles: default
2023-09-19 14:56:13,179 INFO [main] org.springframework.data.repository.config.RepositoryConfigurationDelegate: Bootstrapping Spring Data JDBC repositories in DEFAULT mode.
2023-09-19 14:56:13,189 INFO [main] org.springframework.data.repository.config.RepositoryConfigurationDelegate: Finished Spring Data repository scanning in 7 ms. Found 0 JDBC repository interfaces.
2023-09-19 14:56:13,697 INFO [main] org.springframework.boot.web.embedded.tomcat.TomcatWebServer: Tomcat initialized with port(s): 0 (http)
2023-09-19 14:56:13,702 INFO [main] org.apache.juli.logging.DirectJDKLog: Initializing ProtocolHandler ["http-nio-auto-1"]
2023-09-19 14:56:13,703 INFO [main] org.apache.juli.logging.DirectJDKLog: Starting service [Tomcat]
2023-09-19 14:56:13,703 INFO [main] org.apache.juli.logging.DirectJDKLog: Starting Servlet engine: [Apache Tomcat/9.0.55]
2023-09-19 14:56:13,740 INFO [main] org.apache.juli.logging.DirectJDKLog: Initializing Spring embedded WebApplicationContext
2023-09-19 14:56:13,741 INFO [main] org.springframework.boot.web.servlet.context.ServletWebServerApplicationContext: Root WebApplicationContext: initialization completed in 895 ms
2023-09-19 14:56:13,829 DEBUG [main] org.springframework.web.filter.GenericFilterBean: Filter 'authenticationFilter' configured for use
2023-09-19 14:56:14,049 INFO [main] org.springframework.security.web.DefaultSecurityFilterChain: Will secure any request with [org.springframework.security.web.context.request.async.WebAsyncManagerIntegrationFilter@a9e8da1, org.springframework.security.web.context.SecurityContextPersistenceFilter@e4ca109, org.springframework.security.web.header.HeaderWriterFilter@6d0114c0, org.springframework.security.web.authentication.logout.LogoutFilter@645dc557, org.springframework.security.web.authentication.UsernamePasswordAuthenticationFilter@4e7bc939, org.springframework.security.web.session.ConcurrentSessionFilter@6ef1c3f7, org.springframework.security.web.savedrequest.RequestCacheAwareFilter@be6d228, org.springframework.security.web.servletapi.SecurityContextHolderAwareRequestFilter@60c96eb4, org.springframework.security.web.authentication.AnonymousAuthenticationFilter@14b5752f, org.springframework.security.web.session.SessionManagementFilter@7e050be1, org.springframework.security.web.access.ExceptionTranslationFilter@75527e36, org.springframework.security.web.access.intercept.FilterSecurityInterceptor@79f1e22e]
2023-09-19 14:56:14,053 INFO [main] org.springframework.security.web.DefaultSecurityFilterChain: Will secure Ant [pattern='/static/**'] with []
2023-09-19 14:56:14,054 INFO [main] org.springframework.security.web.DefaultSecurityFilterChain: Will secure Ant [pattern='/js/**'] with []
2023-09-19 14:56:14,054 INFO [main] org.springframework.security.web.DefaultSecurityFilterChain: Will secure Ant [pattern='/css/**'] with []
2023-09-19 14:56:14,054 INFO [main] org.springframework.security.web.DefaultSecurityFilterChain: Will secure Ant [pattern='/images/**'] with []
2023-09-19 14:56:14,054 INFO [main] org.springframework.security.web.DefaultSecurityFilterChain: Will secure Ant [pattern='/favicon.ico'] with []
2023-09-19 14:56:14,436 INFO [main] org.apache.juli.logging.DirectJDKLog: Starting ProtocolHandler ["http-nio-auto-1"]
2023-09-19 14:56:14,443 INFO [main] org.springframework.boot.web.embedded.tomcat.TomcatWebServer: Tomcat started on port(s): 37375 (http) with context path ''
2023-09-19 14:56:14,445 INFO [main] org.springframework.core.log.CompositeLog: Starting...
2023-09-19 14:56:14,445 INFO [main] org.springframework.core.log.CompositeLog: BrokerAvailabilityEvent[available=true, SimpleBrokerMessageHandler [org.springframework.messaging.simp.broker.DefaultSubscriptionRegistry@36638b59]]
2023-09-19 14:56:14,445 INFO [main] org.springframework.core.log.CompositeLog: Started.
2023-09-19 14:56:14,453 INFO [main] org.springframework.boot.StartupInfoLogger: Started GamesApplicationTests in 1.748 seconds (JVM running for 2.279)
2023-09-19 14:56:14,632 INFO [SpringApplicationShutdownHook] org.springframework.core.log.CompositeLog: Stopping...
2023-09-19 14:56:14,632 INFO [SpringApplicationShutdownHook] org.springframework.core.log.CompositeLog: BrokerAvailabilityEvent[available=false, SimpleBrokerMessageHandler [org.springframework.messaging.simp.broker.DefaultSubscriptionRegistry@36638b59]]
2023-09-19 14:56:14,632 INFO [SpringApplicationShutdownHook] org.springframework.core.log.CompositeLog: Stopped.
2023-09-19 14:59:05,593 INFO [main] org.springframework.test.context.support.AbstractTestContextBootstrapper: Neither @ContextConfiguration nor @ContextHierarchy found for test class [ru.krey.games.GamesApplicationTests], using SpringBootContextLoader
2023-09-19 14:59:05,596 INFO [main] org.springframework.test.context.support.AbstractContextLoader: Could not detect default resource locations for test class [ru.krey.games.GamesApplicationTests]: no resource found for suffixes {-context.xml, Context.groovy}.
2023-09-19 14:59:05,597 INFO [main] org.springframework.test.context.support.AnnotationConfigContextLoaderUtils: Could not detect default configuration classes for test class [ru.krey.games.GamesApplicationTests]: GamesApplicationTests does not declare any static, non-private, non-final, nested classes annotated with @Configuration.
2023-09-19 14:59:05,643 INFO [main] org.springframework.boot.test.context.SpringBootTestContextBootstrapper: Found @SpringBootConfiguration ru.krey.games.GamesApplication for test class ru.krey.games.GamesApplicationTests
2023-09-19 14:59:05,683 INFO [main] org.springframework.test.context.support.AbstractTestContextBootstrapper: Loaded default TestExecutionListener class names from location [META-INF/spring.factories]: [org.springframework.boot.test.mock.mockito.MockitoTestExecutionListener, org.springframework.boot.test.mock.mockito.ResetMocksTestExecutionListener, org.springframework.boot.test.autoconfigure.restdocs.RestDocsTestExecutionListener, org.springframework.boot.test.autoconfigure.web.client.MockRestServiceServerResetTestExecutionListener, org.springframework.boot.test.autoconfigure.web.servlet.MockMvcPrintOnlyOnFailureTestExecutionListener, org.springframework.boot.test.autoconfigure.web.servlet.WebDriverTestExecutionListener, org.springframework.boot.test.autoconfigure.webservices.client.MockWebServiceServerTestExecutionListener, org.springframework.test.context.web.ServletTestExecutionListener, org.springframework.test.context.support.DirtiesContextBeforeModesTestExecutionListener, org.springframework.test.context.event.ApplicationEventsTestExecutionListener, org.springframework.test.context.support.DependencyInjectionTestExecutionListener, org.springframework.test.context.support.DirtiesContextTestExecutionListener, org.springframework.test.context.transaction.TransactionalTestExecutionListener, org.springframework.test.context.jdbc.SqlScriptsTestExecutionListener, org.springframework.test.context.event.EventPublishingTestExecutionListener]
2023-09-19 14:59:05,690 INFO [main] org.springframework.test.context.support.AbstractTestContextBootstrapper: Using TestExecutionListeners: [org.springframework.test.context.web.ServletTestExecutionListener@ccb4b1b, org.springframework.test.context.support.DirtiesContextBeforeModesTestExecutionListener@4097cac, org.springframework.test.context.event.ApplicationEventsTestExecutionListener@ec2cc4, org.springframework.boot.test.mock.mockito.MockitoTestExecutionListener@2a5b3fee, org.springframework.boot.test.autoconfigure.SpringBootDependencyInjectionTestExecutionListener@7c1e2a2d, org.springframework.test.context.support.DirtiesContextTestExecutionListener@333dd51e, org.springframework.test.context.transaction.TransactionalTestExecutionListener@52d645b1, org.springframework.test.context.jdbc.SqlScriptsTestExecutionListener@2101b44a, org.springframework.test.context.event.EventPublishingTestExecutionListener@2cc3ad05, org.springframework.boot.test.mock.mockito.ResetMocksTestExecutionListener@710b18a6, org.springframework.boot.test.autoconfigure.restdocs.RestDocsTestExecutionListener@119020fb, org.springframework.boot.test.autoconfigure.web.client.MockRestServiceServerResetTestExecutionListener@3d9f6567, org.springframework.boot.test.autoconfigure.web.servlet.MockMvcPrintOnlyOnFailureTestExecutionListener@c055c54, org.springframework.boot.test.autoconfigure.web.servlet.WebDriverTestExecutionListener@25e2ab5a, org.springframework.boot.test.autoconfigure.webservices.client.MockWebServiceServerTestExecutionListener@35e5d0e5]
2023-09-19 14:59:05,848 INFO [main] org.springframework.boot.StartupInfoLogger: Starting GamesApplicationTests using Java 11.0.20.1 on kirill-ubuntu with PID 54576 (started by kirill in /home/kirill/projects/GamesProject)
2023-09-19 14:59:05,849 DEBUG [main] org.springframework.boot.StartupInfoLogger: Running with Spring Boot v2.6.1, Spring v5.3.13
2023-09-19 14:59:05,849 INFO [main] org.springframework.boot.SpringApplication: No active profile set, falling back to default profiles: default
2023-09-19 14:59:06,202 INFO [main] org.springframework.data.repository.config.RepositoryConfigurationDelegate: Bootstrapping Spring Data JDBC repositories in DEFAULT mode.
2023-09-19 14:59:06,210 INFO [main] org.springframework.data.repository.config.RepositoryConfigurationDelegate: Finished Spring Data repository scanning in 6 ms. Found 0 JDBC repository interfaces.
2023-09-19 14:59:06,720 INFO [main] org.springframework.boot.web.embedded.tomcat.TomcatWebServer: Tomcat initialized with port(s): 0 (http)
2023-09-19 14:59:06,725 INFO [main] org.apache.juli.logging.DirectJDKLog: Initializing ProtocolHandler ["http-nio-auto-1"]
2023-09-19 14:59:06,726 INFO [main] org.apache.juli.logging.DirectJDKLog: Starting service [Tomcat]
2023-09-19 14:59:06,726 INFO [main] org.apache.juli.logging.DirectJDKLog: Starting Servlet engine: [Apache Tomcat/9.0.55]
2023-09-19 14:59:06,761 INFO [main] org.apache.juli.logging.DirectJDKLog: Initializing Spring embedded WebApplicationContext
2023-09-19 14:59:06,761 INFO [main] org.springframework.boot.web.servlet.context.ServletWebServerApplicationContext: Root WebApplicationContext: initialization completed in 897 ms
2023-09-19 14:59:06,846 DEBUG [main] org.springframework.web.filter.GenericFilterBean: Filter 'authenticationFilter' configured for use
2023-09-19 14:59:07,049 INFO [main] org.springframework.security.web.DefaultSecurityFilterChain: Will secure any request with [org.springframework.security.web.context.request.async.WebAsyncManagerIntegrationFilter@4e7bc939, org.springframework.security.web.context.SecurityContextPersistenceFilter@6ef1c3f7, org.springframework.security.web.header.HeaderWriterFilter@75527e36, org.springframework.security.web.authentication.logout.LogoutFilter@3a3ad8e7, org.springframework.security.web.authentication.UsernamePasswordAuthenticationFilter@1cc41b77, org.springframework.security.web.session.ConcurrentSessionFilter@3b39e79b, org.springframework.security.web.savedrequest.RequestCacheAwareFilter@6dded900, org.springframework.security.web.servletapi.SecurityContextHolderAwareRequestFilter@d504137, org.springframework.security.web.authentication.AnonymousAuthenticationFilter@67b5e613, org.springframework.security.web.session.SessionManagementFilter@51af8049, org.springframework.security.web.access.ExceptionTranslationFilter@9f9146d, org.springframework.security.web.access.intercept.FilterSecurityInterceptor@752973de]
2023-09-19 14:59:07,054 INFO [main] org.springframework.security.web.DefaultSecurityFilterChain: Will secure Ant [pattern='/static/**'] with []
2023-09-19 14:59:07,054 INFO [main] org.springframework.security.web.DefaultSecurityFilterChain: Will secure Ant [pattern='/js/**'] with []
2023-09-19 14:59:07,054 INFO [main] org.springframework.security.web.DefaultSecurityFilterChain: Will secure Ant [pattern='/css/**'] with []
2023-09-19 14:59:07,054 INFO [main] org.springframework.security.web.DefaultSecurityFilterChain: Will secure Ant [pattern='/images/**'] with []
2023-09-19 14:59:07,054 INFO [main] org.springframework.security.web.DefaultSecurityFilterChain: Will secure Ant [pattern='/favicon.ico'] with []
2023-09-19 14:59:07,441 INFO [main] org.apache.juli.logging.DirectJDKLog: Starting ProtocolHandler ["http-nio-auto-1"]
2023-09-19 14:59:07,449 INFO [main] org.springframework.boot.web.embedded.tomcat.TomcatWebServer: Tomcat started on port(s): 41337 (http) with context path ''
2023-09-19 14:59:07,450 INFO [main] org.springframework.core.log.CompositeLog: Starting...
2023-09-19 14:59:07,451 INFO [main] org.springframework.core.log.CompositeLog: BrokerAvailabilityEvent[available=true, SimpleBrokerMessageHandler [org.springframework.messaging.simp.broker.DefaultSubscriptionRegistry@68f2363]]
2023-09-19 14:59:07,451 INFO [main] org.springframework.core.log.CompositeLog: Started.
2023-09-19 14:59:07,458 INFO [main] org.springframework.boot.StartupInfoLogger: Started GamesApplicationTests in 1.742 seconds (JVM running for 2.241)
2023-09-19 14:59:07,633 INFO [SpringApplicationShutdownHook] org.springframework.core.log.CompositeLog: Stopping...
2023-09-19 14:59:07,634 INFO [SpringApplicationShutdownHook] org.springframework.core.log.CompositeLog: BrokerAvailabilityEvent[available=false, SimpleBrokerMessageHandler [org.springframework.messaging.simp.broker.DefaultSubscriptionRegistry@68f2363]]
2023-09-19 14:59:07,634 INFO [SpringApplicationShutdownHook] org.springframework.core.log.CompositeLog: Stopped.
2023-09-19 15:01:39,553 INFO [main] org.springframework.test.context.support.AbstractTestContextBootstrapper: Neither @ContextConfiguration nor @ContextHierarchy found for test class [ru.krey.games.GamesApplicationTests], using SpringBootContextLoader
2023-09-19 15:01:39,556 INFO [main] org.springframework.test.context.support.AbstractContextLoader: Could not detect default resource locations for test class [ru.krey.games.GamesApplicationTests]: no resource found for suffixes {-context.xml, Context.groovy}.
2023-09-19 15:01:39,557 INFO [main] org.springframework.test.context.support.AnnotationConfigContextLoaderUtils: Could not detect default configuration classes for test class [ru.krey.games.GamesApplicationTests]: GamesApplicationTests does not declare any static, non-private, non-final, nested classes annotated with @Configuration.
2023-09-19 15:01:39,600 INFO [main] org.springframework.boot.test.context.SpringBootTestContextBootstrapper: Found @SpringBootConfiguration ru.krey.games.GamesApplication for test class ru.krey.games.GamesApplicationTests
2023-09-19 15:01:39,639 INFO [main] org.springframework.test.context.support.AbstractTestContextBootstrapper: Loaded default TestExecutionListener class names from location [META-INF/spring.factories]: [org.springframework.boot.test.mock.mockito.MockitoTestExecutionListener, org.springframework.boot.test.mock.mockito.ResetMocksTestExecutionListener, org.springframework.boot.test.autoconfigure.restdocs.RestDocsTestExecutionListener, org.springframework.boot.test.autoconfigure.web.client.MockRestServiceServerResetTestExecutionListener, org.springframework.boot.test.autoconfigure.web.servlet.MockMvcPrintOnlyOnFailureTestExecutionListener, org.springframework.boot.test.autoconfigure.web.servlet.WebDriverTestExecutionListener, org.springframework.boot.test.autoconfigure.webservices.client.MockWebServiceServerTestExecutionListener, org.springframework.test.context.web.ServletTestExecutionListener, org.springframework.test.context.support.DirtiesContextBeforeModesTestExecutionListener, org.springframework.test.context.event.ApplicationEventsTestExecutionListener, org.springframework.test.context.support.DependencyInjectionTestExecutionListener, org.springframework.test.context.support.DirtiesContextTestExecutionListener, org.springframework.test.context.transaction.TransactionalTestExecutionListener, org.springframework.test.context.jdbc.SqlScriptsTestExecutionListener, org.springframework.test.context.event.EventPublishingTestExecutionListener]
2023-09-19 15:01:39,649 INFO [main] org.springframework.test.context.support.AbstractTestContextBootstrapper: Using TestExecutionListeners: [org.springframework.test.context.web.ServletTestExecutionListener@ccb4b1b, org.springframework.test.context.support.DirtiesContextBeforeModesTestExecutionListener@4097cac, org.springframework.test.context.event.ApplicationEventsTestExecutionListener@ec2cc4, org.springframework.boot.test.mock.mockito.MockitoTestExecutionListener@2a5b3fee, org.springframework.boot.test.autoconfigure.SpringBootDependencyInjectionTestExecutionListener@7c1e2a2d, org.springframework.test.context.support.DirtiesContextTestExecutionListener@333dd51e, org.springframework.test.context.transaction.TransactionalTestExecutionListener@52d645b1, org.springframework.test.context.jdbc.SqlScriptsTestExecutionListener@2101b44a, org.springframework.test.context.event.EventPublishingTestExecutionListener@2cc3ad05, org.springframework.boot.test.mock.mockito.ResetMocksTestExecutionListener@710b18a6, org.springframework.boot.test.autoconfigure.restdocs.RestDocsTestExecutionListener@119020fb, org.springframework.boot.test.autoconfigure.web.client.MockRestServiceServerResetTestExecutionListener@3d9f6567, org.springframework.boot.test.autoconfigure.web.servlet.MockMvcPrintOnlyOnFailureTestExecutionListener@c055c54, org.springframework.boot.test.autoconfigure.web.servlet.WebDriverTestExecutionListener@25e2ab5a, org.springframework.boot.test.autoconfigure.webservices.client.MockWebServiceServerTestExecutionListener@35e5d0e5]
2023-09-19 15:01:39,810 INFO [main] org.springframework.boot.StartupInfoLogger: Starting GamesApplicationTests using Java 11.0.20.1 on kirill-ubuntu with PID 54878 (started by kirill in /home/kirill/projects/GamesProject)
2023-09-19 15:01:39,810 DEBUG [main] org.springframework.boot.StartupInfoLogger: Running with Spring Boot v2.6.1, Spring v5.3.13
2023-09-19 15:01:39,810 INFO [main] org.springframework.boot.SpringApplication: No active profile set, falling back to default profiles: default
2023-09-19 15:01:40,134 INFO [main] org.springframework.data.repository.config.RepositoryConfigurationDelegate: Bootstrapping Spring Data JDBC repositories in DEFAULT mode.
2023-09-19 15:01:40,143 INFO [main] org.springframework.data.repository.config.RepositoryConfigurationDelegate: Finished Spring Data repository scanning in 6 ms. Found 0 JDBC repository interfaces.
2023-09-19 15:01:40,650 INFO [main] org.springframework.boot.web.embedded.tomcat.TomcatWebServer: Tomcat initialized with port(s): 0 (http)
2023-09-19 15:01:40,656 INFO [main] org.apache.juli.logging.DirectJDKLog: Initializing ProtocolHandler ["http-nio-auto-1"]
2023-09-19 15:01:40,656 INFO [main] org.apache.juli.logging.DirectJDKLog: Starting service [Tomcat]
2023-09-19 15:01:40,656 INFO [main] org.apache.juli.logging.DirectJDKLog: Starting Servlet engine: [Apache Tomcat/9.0.55]
2023-09-19 15:01:40,694 INFO [main] org.apache.juli.logging.DirectJDKLog: Initializing Spring embedded WebApplicationContext
2023-09-19 15:01:40,694 INFO [main] org.springframework.boot.web.servlet.context.ServletWebServerApplicationContext: Root WebApplicationContext: initialization completed in 872 ms
2023-09-19 15:01:40,785 DEBUG [main] org.springframework.web.filter.GenericFilterBean: Filter 'authenticationFilter' configured for use
2023-09-19 15:01:40,985 INFO [main] org.springframework.security.web.DefaultSecurityFilterChain: Will secure any request with [org.springframework.security.web.context.request.async.WebAsyncManagerIntegrationFilter@acb5508, org.springframework.security.web.context.SecurityContextPersistenceFilter@2ae5bd34, org.springframework.security.web.header.HeaderWriterFilter@2f86f9cf, org.springframework.security.web.authentication.logout.LogoutFilter@45d389f2, org.springframework.security.web.authentication.UsernamePasswordAuthenticationFilter@4d290757, org.springframework.security.web.session.ConcurrentSessionFilter@60c96eb4, org.springframework.security.web.savedrequest.RequestCacheAwareFilter@3db1ce78, org.springframework.security.web.servletapi.SecurityContextHolderAwareRequestFilter@3a3ad8e7, org.springframework.security.web.authentication.AnonymousAuthenticationFilter@1f45db49, org.springframework.security.web.session.SessionManagementFilter@76a1146d, org.springframework.security.web.access.ExceptionTranslationFilter@1b47b7f5, org.springframework.security.web.access.intercept.FilterSecurityInterceptor@49631cfb]
2023-09-19 15:01:40,989 INFO [main] org.springframework.security.web.DefaultSecurityFilterChain: Will secure Ant [pattern='/static/**'] with []
2023-09-19 15:01:40,989 INFO [main] org.springframework.security.web.DefaultSecurityFilterChain: Will secure Ant [pattern='/js/**'] with []
2023-09-19 15:01:40,989 INFO [main] org.springframework.security.web.DefaultSecurityFilterChain: Will secure Ant [pattern='/css/**'] with []
2023-09-19 15:01:40,990 INFO [main] org.springframework.security.web.DefaultSecurityFilterChain: Will secure Ant [pattern='/images/**'] with []
2023-09-19 15:01:40,990 INFO [main] org.springframework.security.web.DefaultSecurityFilterChain: Will secure Ant [pattern='/favicon.ico'] with []
2023-09-19 15:01:41,386 INFO [main] org.apache.juli.logging.DirectJDKLog: Starting ProtocolHandler ["http-nio-auto-1"]
2023-09-19 15:01:41,394 INFO [main] org.springframework.boot.web.embedded.tomcat.TomcatWebServer: Tomcat started on port(s): 38783 (http) with context path ''
2023-09-19 15:01:41,395 INFO [main] org.springframework.core.log.CompositeLog: Starting...
2023-09-19 15:01:41,395 INFO [main] org.springframework.core.log.CompositeLog: BrokerAvailabilityEvent[available=true, SimpleBrokerMessageHandler [org.springframework.messaging.simp.broker.DefaultSubscriptionRegistry@391dfe7c]]
2023-09-19 15:01:41,396 INFO [main] org.springframework.core.log.CompositeLog: Started.
2023-09-19 15:01:41,403 INFO [main] org.springframework.boot.StartupInfoLogger: Started GamesApplicationTests in 1.726 seconds (JVM running for 2.239)
2023-09-19 15:01:41,575 INFO [SpringApplicationShutdownHook] org.springframework.core.log.CompositeLog: Stopping...
2023-09-19 15:01:41,576 INFO [SpringApplicationShutdownHook] org.springframework.core.log.CompositeLog: BrokerAvailabilityEvent[available=false, SimpleBrokerMessageHandler [org.springframework.messaging.simp.broker.DefaultSubscriptionRegistry@391dfe7c]]
2023-09-19 15:01:41,576 INFO [SpringApplicationShutdownHook] org.springframework.core.log.CompositeLog: Stopped.
2023-09-19 15:04:50,994 INFO [main] org.springframework.test.context.support.AbstractTestContextBootstrapper: Neither @ContextConfiguration nor @ContextHierarchy found for test class [ru.krey.games.GamesApplicationTests], using SpringBootContextLoader
2023-09-19 15:04:50,999 INFO [main] org.springframework.test.context.support.AbstractContextLoader: Could not detect default resource locations for test class [ru.krey.games.GamesApplicationTests]: no resource found for suffixes {-context.xml, Context.groovy}.
2023-09-19 15:04:50,999 INFO [main] org.springframework.test.context.support.AnnotationConfigContextLoaderUtils: Could not detect default configuration classes for test class [ru.krey.games.GamesApplicationTests]: GamesApplicationTests does not declare any static, non-private, non-final, nested classes annotated with @Configuration.
2023-09-19 15:04:51,063 INFO [main] org.springframework.boot.test.context.SpringBootTestContextBootstrapper: Found @SpringBootConfiguration ru.krey.games.GamesApplication for test class ru.krey.games.GamesApplicationTests
2023-09-19 15:04:51,112 INFO [main] org.springframework.test.context.support.AbstractTestContextBootstrapper: Loaded default TestExecutionListener class names from location [META-INF/spring.factories]: [org.springframework.boot.test.mock.mockito.MockitoTestExecutionListener, org.springframework.boot.test.mock.mockito.ResetMocksTestExecutionListener, org.springframework.boot.test.autoconfigure.restdocs.RestDocsTestExecutionListener, org.springframework.boot.test.autoconfigure.web.client.MockRestServiceServerResetTestExecutionListener, org.springframework.boot.test.autoconfigure.web.servlet.MockMvcPrintOnlyOnFailureTestExecutionListener, org.springframework.boot.test.autoconfigure.web.servlet.WebDriverTestExecutionListener, org.springframework.boot.test.autoconfigure.webservices.client.MockWebServiceServerTestExecutionListener, org.springframework.test.context.web.ServletTestExecutionListener, org.springframework.test.context.support.DirtiesContextBeforeModesTestExecutionListener, org.springframework.test.context.event.ApplicationEventsTestExecutionListener, org.springframework.test.context.support.DependencyInjectionTestExecutionListener, org.springframework.test.context.support.DirtiesContextTestExecutionListener, org.springframework.test.context.transaction.TransactionalTestExecutionListener, org.springframework.test.context.jdbc.SqlScriptsTestExecutionListener, org.springframework.test.context.event.EventPublishingTestExecutionListener]
2023-09-19 15:04:51,120 INFO [main] org.springframework.test.context.support.AbstractTestContextBootstrapper: Using TestExecutionListeners: [org.springframework.test.context.web.ServletTestExecutionListener@ccb4b1b, org.springframework.test.context.support.DirtiesContextBeforeModesTestExecutionListener@4097cac, org.springframework.test.context.event.ApplicationEventsTestExecutionListener@ec2cc4, org.springframework.boot.test.mock.mockito.MockitoTestExecutionListener@2a5b3fee, org.springframework.boot.test.autoconfigure.SpringBootDependencyInjectionTestExecutionListener@7c1e2a2d, org.springframework.test.context.support.DirtiesContextTestExecutionListener@333dd51e, org.springframework.test.context.transaction.TransactionalTestExecutionListener@52d645b1, org.springframework.test.context.jdbc.SqlScriptsTestExecutionListener@2101b44a, org.springframework.test.context.event.EventPublishingTestExecutionListener@2cc3ad05, org.springframework.boot.test.mock.mockito.ResetMocksTestExecutionListener@710b18a6, org.springframework.boot.test.autoconfigure.restdocs.RestDocsTestExecutionListener@119020fb, org.springframework.boot.test.autoconfigure.web.client.MockRestServiceServerResetTestExecutionListener@3d9f6567, org.springframework.boot.test.autoconfigure.web.servlet.MockMvcPrintOnlyOnFailureTestExecutionListener@c055c54, org.springframework.boot.test.autoconfigure.web.servlet.WebDriverTestExecutionListener@25e2ab5a, org.springframework.boot.test.autoconfigure.webservices.client.MockWebServiceServerTestExecutionListener@35e5d0e5]
2023-09-19 15:04:51,367 INFO [main] org.springframework.boot.StartupInfoLogger: Starting GamesApplicationTests using Java 11.0.20.1 on kirill-ubuntu with PID 55800 (started by kirill in /home/kirill/projects/GamesProject)
2023-09-19 15:04:51,368 DEBUG [main] org.springframework.boot.StartupInfoLogger: Running with Spring Boot v2.6.1, Spring v5.3.13
2023-09-19 15:04:51,368 INFO [main] org.springframework.boot.SpringApplication: No active profile set, falling back to default profiles: default
2023-09-19 15:04:51,863 INFO [main] org.springframework.data.repository.config.RepositoryConfigurationDelegate: Bootstrapping Spring Data JDBC repositories in DEFAULT mode.
2023-09-19 15:04:51,876 INFO [main] org.springframework.data.repository.config.RepositoryConfigurationDelegate: Finished Spring Data repository scanning in 9 ms. Found 0 JDBC repository interfaces.
2023-09-19 15:04:52,476 INFO [main] org.springframework.boot.web.embedded.tomcat.TomcatWebServer: Tomcat initialized with port(s): 0 (http)
2023-09-19 15:04:52,482 INFO [main] org.apache.juli.logging.DirectJDKLog: Initializing ProtocolHandler ["http-nio-auto-1"]
2023-09-19 15:04:52,483 INFO [main] org.apache.juli.logging.DirectJDKLog: Starting service [Tomcat]
2023-09-19 15:04:52,483 INFO [main] org.apache.juli.logging.DirectJDKLog: Starting Servlet engine: [Apache Tomcat/9.0.55]
2023-09-19 15:04:52,528 INFO [main] org.apache.juli.logging.DirectJDKLog: Initializing Spring embedded WebApplicationContext
2023-09-19 15:04:52,529 INFO [main] org.springframework.boot.web.servlet.context.ServletWebServerApplicationContext: Root WebApplicationContext: initialization completed in 1145 ms
2023-09-19 15:04:52,644 DEBUG [main] org.springframework.web.filter.GenericFilterBean: Filter 'authenticationFilter' configured for use
2023-09-19 15:04:52,855 INFO [main] org.springframework.security.web.DefaultSecurityFilterChain: Will secure any request with [org.springframework.security.web.context.request.async.WebAsyncManagerIntegrationFilter@79ad1774, org.springframework.security.web.context.SecurityContextPersistenceFilter@38bc5ac0, org.springframework.security.web.header.HeaderWriterFilter@2864f887, org.springframework.security.web.authentication.logout.LogoutFilter@54463380, org.springframework.security.web.authentication.UsernamePasswordAuthenticationFilter@71f0806b, org.springframework.security.web.session.ConcurrentSessionFilter@baa227e, org.springframework.security.web.savedrequest.RequestCacheAwareFilter@2e2b9f53, org.springframework.security.web.servletapi.SecurityContextHolderAwareRequestFilter@749baa0c, org.springframework.security.web.authentication.AnonymousAuthenticationFilter@64f3ca6, org.springframework.security.web.session.SessionManagementFilter@4e94669c, org.springframework.security.web.access.ExceptionTranslationFilter@18d30e7, org.springframework.security.web.access.intercept.FilterSecurityInterceptor@18715bb]
2023-09-19 15:04:52,872 INFO [main] org.springframework.security.web.DefaultSecurityFilterChain: Will secure Ant [pattern='/static/**'] with []
2023-09-19 15:04:52,872 INFO [main] org.springframework.security.web.DefaultSecurityFilterChain: Will secure Ant [pattern='/js/**'] with []
2023-09-19 15:04:52,872 INFO [main] org.springframework.security.web.DefaultSecurityFilterChain: Will secure Ant [pattern='/css/**'] with []
2023-09-19 15:04:52,873 INFO [main] org.springframework.security.web.DefaultSecurityFilterChain: Will secure Ant [pattern='/images/**'] with []
2023-09-19 15:04:52,873 INFO [main] org.springframework.security.web.DefaultSecurityFilterChain: Will secure Ant [pattern='/favicon.ico'] with []
2023-09-19 15:04:53,222 INFO [main] org.apache.juli.logging.DirectJDKLog: Starting ProtocolHandler ["http-nio-auto-1"]
2023-09-19 15:04:53,229 INFO [main] org.springframework.boot.web.embedded.tomcat.TomcatWebServer: Tomcat started on port(s): 39497 (http) with context path ''
2023-09-19 15:04:53,230 INFO [main] org.springframework.core.log.CompositeLog: Starting...
2023-09-19 15:04:53,231 INFO [main] org.springframework.core.log.CompositeLog: BrokerAvailabilityEvent[available=true, SimpleBrokerMessageHandler [org.springframework.messaging.simp.broker.DefaultSubscriptionRegistry@b76b7d8]]
2023-09-19 15:04:53,231 INFO [main] org.springframework.core.log.CompositeLog: Started.
2023-09-19 15:04:53,238 INFO [main] org.springframework.boot.StartupInfoLogger: Started GamesApplicationTests in 2.083 seconds (JVM running for 2.75)
2023-09-19 15:04:53,395 INFO [SpringApplicationShutdownHook] org.springframework.core.log.CompositeLog: Stopping...
2023-09-19 15:04:53,395 INFO [SpringApplicationShutdownHook] org.springframework.core.log.CompositeLog: BrokerAvailabilityEvent[available=false, SimpleBrokerMessageHandler [org.springframework.messaging.simp.broker.DefaultSubscriptionRegistry@b76b7d8]]
2023-09-19 15:04:53,395 INFO [SpringApplicationShutdownHook] org.springframework.core.log.CompositeLog: Stopped.
2023-09-19 15:06:07,628 INFO [main] org.springframework.test.context.support.AbstractTestContextBootstrapper: Neither @ContextConfiguration nor @ContextHierarchy found for test class [ru.krey.games.GamesApplicationTests], using SpringBootContextLoader
2023-09-19 15:06:07,633 INFO [main] org.springframework.test.context.support.AbstractContextLoader: Could not detect default resource locations for test class [ru.krey.games.GamesApplicationTests]: no resource found for suffixes {-context.xml, Context.groovy}.
2023-09-19 15:06:07,633 INFO [main] org.springframework.test.context.support.AnnotationConfigContextLoaderUtils: Could not detect default configuration classes for test class [ru.krey.games.GamesApplicationTests]: GamesApplicationTests does not declare any static, non-private, non-final, nested classes annotated with @Configuration.
2023-09-19 15:06:07,678 INFO [main] org.springframework.boot.test.context.SpringBootTestContextBootstrapper: Found @SpringBootConfiguration ru.krey.games.GamesApplication for test class ru.krey.games.GamesApplicationTests
2023-09-19 15:06:07,718 INFO [main] org.springframework.test.context.support.AbstractTestContextBootstrapper: Loaded default TestExecutionListener class names from location [META-INF/spring.factories]: [org.springframework.boot.test.mock.mockito.MockitoTestExecutionListener, org.springframework.boot.test.mock.mockito.ResetMocksTestExecutionListener, org.springframework.boot.test.autoconfigure.restdocs.RestDocsTestExecutionListener, org.springframework.boot.test.autoconfigure.web.client.MockRestServiceServerResetTestExecutionListener, org.springframework.boot.test.autoconfigure.web.servlet.MockMvcPrintOnlyOnFailureTestExecutionListener, org.springframework.boot.test.autoconfigure.web.servlet.WebDriverTestExecutionListener, org.springframework.boot.test.autoconfigure.webservices.client.MockWebServiceServerTestExecutionListener, org.springframework.test.context.web.ServletTestExecutionListener, org.springframework.test.context.support.DirtiesContextBeforeModesTestExecutionListener, org.springframework.test.context.event.ApplicationEventsTestExecutionListener, org.springframework.test.context.support.DependencyInjectionTestExecutionListener, org.springframework.test.context.support.DirtiesContextTestExecutionListener, org.springframework.test.context.transaction.TransactionalTestExecutionListener, org.springframework.test.context.jdbc.SqlScriptsTestExecutionListener, org.springframework.test.context.event.EventPublishingTestExecutionListener]
2023-09-19 15:06:07,725 INFO [main] org.springframework.test.context.support.AbstractTestContextBootstrapper: Using TestExecutionListeners: [org.springframework.test.context.web.ServletTestExecutionListener@ccb4b1b, org.springframework.test.context.support.DirtiesContextBeforeModesTestExecutionListener@4097cac, org.springframework.test.context.event.ApplicationEventsTestExecutionListener@ec2cc4, org.springframework.boot.test.mock.mockito.MockitoTestExecutionListener@2a5b3fee, org.springframework.boot.test.autoconfigure.SpringBootDependencyInjectionTestExecutionListener@7c1e2a2d, org.springframework.test.context.support.DirtiesContextTestExecutionListener@333dd51e, org.springframework.test.context.transaction.TransactionalTestExecutionListener@52d645b1, org.springframework.test.context.jdbc.SqlScriptsTestExecutionListener@2101b44a, org.springframework.test.context.event.EventPublishingTestExecutionListener@2cc3ad05, org.springframework.boot.test.mock.mockito.ResetMocksTestExecutionListener@710b18a6, org.springframework.boot.test.autoconfigure.restdocs.RestDocsTestExecutionListener@119020fb, org.springframework.boot.test.autoconfigure.web.client.MockRestServiceServerResetTestExecutionListener@3d9f6567, org.springframework.boot.test.autoconfigure.web.servlet.MockMvcPrintOnlyOnFailureTestExecutionListener@c055c54, org.springframework.boot.test.autoconfigure.web.servlet.WebDriverTestExecutionListener@25e2ab5a, org.springframework.boot.test.autoconfigure.webservices.client.MockWebServiceServerTestExecutionListener@35e5d0e5]
2023-09-19 15:06:07,881 INFO [main] org.springframework.boot.StartupInfoLogger: Starting GamesApplicationTests using Java 11.0.20.1 on kirill-ubuntu with PID 56499 (started by kirill in /home/kirill/projects/GamesProject)
2023-09-19 15:06:07,881 DEBUG [main] org.springframework.boot.StartupInfoLogger: Running with Spring Boot v2.6.1, Spring v5.3.13
2023-09-19 15:06:07,881 INFO [main] org.springframework.boot.SpringApplication: No active profile set, falling back to default profiles: default
2023-09-19 15:06:08,184 INFO [main] org.springframework.data.repository.config.RepositoryConfigurationDelegate: Bootstrapping Spring Data JDBC repositories in DEFAULT mode.
2023-09-19 15:06:08,192 INFO [main] org.springframework.data.repository.config.RepositoryConfigurationDelegate: Finished Spring Data repository scanning in 6 ms. Found 0 JDBC repository interfaces.
2023-09-19 15:06:08,690 INFO [main] org.springframework.boot.web.embedded.tomcat.TomcatWebServer: Tomcat initialized with port(s): 0 (http)
2023-09-19 15:06:08,695 INFO [main] org.apache.juli.logging.DirectJDKLog: Initializing ProtocolHandler ["http-nio-auto-1"]
2023-09-19 15:06:08,695 INFO [main] org.apache.juli.logging.DirectJDKLog: Starting service [Tomcat]
2023-09-19 15:06:08,695 INFO [main] org.apache.juli.logging.DirectJDKLog: Starting Servlet engine: [Apache Tomcat/9.0.55]
2023-09-19 15:06:08,732 INFO [main] org.apache.juli.logging.DirectJDKLog: Initializing Spring embedded WebApplicationContext
2023-09-19 15:06:08,732 INFO [main] org.springframework.boot.web.servlet.context.ServletWebServerApplicationContext: Root WebApplicationContext: initialization completed in 840 ms
2023-09-19 15:06:08,812 DEBUG [main] org.springframework.web.filter.GenericFilterBean: Filter 'authenticationFilter' configured for use
2023-09-19 15:06:09,016 INFO [main] org.springframework.security.web.DefaultSecurityFilterChain: Will secure any request with [org.springframework.security.web.context.request.async.WebAsyncManagerIntegrationFilter@b94703b, org.springframework.security.web.context.SecurityContextPersistenceFilter@1a17dd6f, org.springframework.security.web.header.HeaderWriterFilter@203765b2, org.springframework.security.web.authentication.logout.LogoutFilter@17884d, org.springframework.security.web.authentication.UsernamePasswordAuthenticationFilter@6fc1a8f6, org.springframework.security.web.session.ConcurrentSessionFilter@1322b575, org.springframework.security.web.savedrequest.RequestCacheAwareFilter@7eee6c13, org.springframework.security.web.servletapi.SecurityContextHolderAwareRequestFilter@5ab63a04, org.springframework.security.web.authentication.AnonymousAuthenticationFilter@33a47707, org.springframework.security.web.session.SessionManagementFilter@506aa618, org.springframework.security.web.access.ExceptionTranslationFilter@6d815fb7, org.springframework.security.web.access.intercept.FilterSecurityInterceptor@e154848]
2023-09-19 15:06:09,020 INFO [main] org.springframework.security.web.DefaultSecurityFilterChain: Will secure Ant [pattern='/static/**'] with []
2023-09-19 15:06:09,020 INFO [main] org.springframework.security.web.DefaultSecurityFilterChain: Will secure Ant [pattern='/js/**'] with []
2023-09-19 15:06:09,021 INFO [main] org.springframework.security.web.DefaultSecurityFilterChain: Will secure Ant [pattern='/css/**'] with []
2023-09-19 15:06:09,021 INFO [main] org.springframework.security.web.DefaultSecurityFilterChain: Will secure Ant [pattern='/images/**'] with []
2023-09-19 15:06:09,021 INFO [main] org.springframework.security.web.DefaultSecurityFilterChain: Will secure Ant [pattern='/favicon.ico'] with []
2023-09-19 15:06:09,455 INFO [main] org.apache.juli.logging.DirectJDKLog: Starting ProtocolHandler ["http-nio-auto-1"]
2023-09-19 15:06:09,464 INFO [main] org.springframework.boot.web.embedded.tomcat.TomcatWebServer: Tomcat started on port(s): 37975 (http) with context path ''
2023-09-19 15:06:09,465 INFO [main] org.springframework.core.log.CompositeLog: Starting...
2023-09-19 15:06:09,466 INFO [main] org.springframework.core.log.CompositeLog: BrokerAvailabilityEvent[available=true, SimpleBrokerMessageHandler [org.springframework.messaging.simp.broker.DefaultSubscriptionRegistry@14d81f2c]]
2023-09-19 15:06:09,466 INFO [main] org.springframework.core.log.CompositeLog: Started.
2023-09-19 15:06:09,475 INFO [main] org.springframework.boot.StartupInfoLogger: Started GamesApplicationTests in 1.722 seconds (JVM running for 2.218)
2023-09-19 15:06:09,669 INFO [SpringApplicationShutdownHook] org.springframework.core.log.CompositeLog: Stopping...
2023-09-19 15:06:09,669 INFO [SpringApplicationShutdownHook] org.springframework.core.log.CompositeLog: BrokerAvailabilityEvent[available=false, SimpleBrokerMessageHandler [org.springframework.messaging.simp.broker.DefaultSubscriptionRegistry@14d81f2c]]
2023-09-19 15:06:09,669 INFO [SpringApplicationShutdownHook] org.springframework.core.log.CompositeLog: Stopped.
